Duration: 68778 ms
abstract thread count: 15
abstract object count: 2725
statistics:
  numOfFiles: 208
  numOfClasses: 249
  numOfMethods: 1750
  
  Precise 24/34
  Lenient 39/49

================================================================================
DATA RACE ANALYSIS FOR 'sunflow':
  CLASS WITH MAIN METHOD: org.sunflow.Benchmark
  SAMPLING STRATEGY: LIMIT TO 3
  CONFLICT CONDITION: EXACT
  TIME: 68778ms
  DETECTED RACES: [8]
    org.sunflow.image.Color.g
    org.sunflow.image.Color.b
    org.sunflow.image.Color.r
    org.sunflow.core.Scene.bakingAccel
    org.sunflow.core.Scene.bakingPrimitives
    array access
    array access
    array access
  INVOVLED STATEMENTS: [34]
    org.sunflow.image.Color.java[206:55,206:56]
    org.sunflow.image.Color.java[185:21,185:22]
    org.sunflow.image.Color.java[164:35,164:36]
    org.sunflow.image.Color.java[136:32,136:33]
    org.sunflow.image.Color.java[202:45,202:46]
    org.sunflow.image.Color.java[211:8,211:9]
    org.sunflow.image.Color.java[279:8,279:9]
    org.sunflow.image.Color.java[186:21,186:22]
    org.sunflow.image.Color.java[164:38,164:39]
    org.sunflow.image.Color.java[206:78,206:79]
    org.sunflow.image.Color.java[202:63,202:64]
    org.sunflow.image.Color.java[136:35,136:36]
    org.sunflow.image.Color.java[212:8,212:9]
    org.sunflow.image.Color.java[280:8,280:9]
    org.sunflow.image.Color.java[202:27,202:28]
    org.sunflow.image.Color.java[184:21,184:22]
    org.sunflow.image.Color.java[136:29,136:30]
    org.sunflow.image.Color.java[164:32,164:33]
    org.sunflow.image.Color.java[206:32,206:33]
    org.sunflow.image.Color.java[278:8,278:9]
    org.sunflow.image.Color.java[210:8,210:9]
    org.sunflow.core.Scene.java[229:8,229:19]
    org.sunflow.core.Scene.java[356:8,356:19]
    org.sunflow.core.Scene.java[162:12,162:28]
    org.sunflow.core.Scene.java[171:12,171:28]
    org.sunflow.core.Scene.java[355:8,355:24]
    org.sunflow.image.writers.TGABitmapWriter.java[37:16,37:36]
    org.sunflow.image.writers.TGABitmapWriter.java[38:16,38:36]
    org.sunflow.image.writers.TGABitmapWriter.java[40:16,40:36]
    org.sunflow.image.writers.TGABitmapWriter.java[39:16,39:36]
    org.sunflow.image.writers.IGIBitmapWriter.java[40:16,40:30]
    org.sunflow.image.writers.IGIBitmapWriter.java[38:16,38:30]
    org.sunflow.image.writers.IGIBitmapWriter.java[39:16,39:30]
    org.sunflow.image.writers.HDRBitmapWriter.java[34:16,34:27]
================================================================================

================================================================================
DATA RACE ANALYSIS FOR 'sunflow':
  CLASS WITH MAIN METHOD: org.sunflow.Benchmark
  SAMPLING STRATEGY: LIMIT TO 3
  CONFLICT CONDITION: FUZZY
  TIME: 68778ms
  DETECTED RACES: [8]
    org.sunflow.image.Color.g
    org.sunflow.image.Color.b
    org.sunflow.image.Color.r
    org.sunflow.core.Scene.bakingAccel
    org.sunflow.core.Scene.bakingPrimitives
    array access
    array access
    array access
  INVOVLED STATEMENTS: [49]
    org.sunflow.image.Color.java[206:55,206:56]
    org.sunflow.image.Color.java[185:21,185:22]
    org.sunflow.image.Color.java[164:35,164:36]
    org.sunflow.image.Color.java[136:32,136:33]
    org.sunflow.image.Color.java[202:45,202:46]
    org.sunflow.image.Color.java[211:8,211:9]
    org.sunflow.image.Color.java[279:8,279:9]
    org.sunflow.image.Color.java[186:21,186:22]
    org.sunflow.image.Color.java[164:38,164:39]
    org.sunflow.image.Color.java[206:78,206:79]
    org.sunflow.image.Color.java[202:63,202:64]
    org.sunflow.image.Color.java[136:35,136:36]
    org.sunflow.image.Color.java[212:8,212:9]
    org.sunflow.image.Color.java[280:8,280:9]
    org.sunflow.image.Color.java[202:27,202:28]
    org.sunflow.image.Color.java[184:21,184:22]
    org.sunflow.image.Color.java[136:29,136:30]
    org.sunflow.image.Color.java[164:32,164:33]
    org.sunflow.image.Color.java[206:32,206:33]
    org.sunflow.image.Color.java[278:8,278:9]
    org.sunflow.image.Color.java[210:8,210:9]
    org.sunflow.core.Scene.java[229:8,229:19]
    org.sunflow.core.Scene.java[356:8,356:19]
    org.sunflow.core.Scene.java[162:12,162:28]
    org.sunflow.core.Scene.java[171:12,171:28]
    org.sunflow.core.Scene.java[355:8,355:24]
    org.sunflow.image.writers.TGABitmapWriter.java[37:16,37:36]
    org.sunflow.image.writers.TGABitmapWriter.java[38:16,38:36]
    org.sunflow.image.writers.TGABitmapWriter.java[40:16,40:36]
    org.sunflow.image.writers.TGABitmapWriter.java[39:16,39:36]
    org.sunflow.image.writers.IGIBitmapWriter.java[40:16,40:30]
    org.sunflow.image.writers.IGIBitmapWriter.java[38:16,38:30]
    org.sunflow.image.writers.IGIBitmapWriter.java[39:16,39:30]
    org.sunflow.image.writers.HDRBitmapWriter.java[34:16,34:27]
    org.sunflow.image.Color.java[211:13,211:16]
    org.sunflow.image.Color.java[228:18,228:21]
    org.sunflow.image.Color.java[212:13,212:16]
    org.sunflow.image.Color.java[210:13,210:16]
    org.sunflow.image.Color.java[229:18,229:21]
    org.sunflow.image.Color.java[289:21,289:24]
    org.sunflow.image.Color.java[361:28,361:32]
    org.sunflow.image.Color.java[291:21,291:24]
    org.sunflow.image.Color.java[361:44,361:48]
    org.sunflow.image.Color.java[290:21,290:24]
    org.sunflow.image.Color.java[359:28,359:32]
    org.sunflow.image.Color.java[359:44,359:48]
    org.sunflow.image.Color.java[230:18,230:21]
    org.sunflow.image.Color.java[357:28,357:32]
    org.sunflow.image.Color.java[357:44,357:48]
================================================================================
