Duration: 333862 ms
abstract thread count: 15
abstract object count: 3256
statistics:
  numOfFiles: 208
  numOfClasses: 249
  numOfMethods: 1750
  
  Precise 29/16
  Lenient 151/36
  
================================================================================
DATA RACE ANALYSIS FOR 'sunflow':
  CLASS WITH MAIN METHOD: org.sunflow.Benchmark
  SAMPLING STRATEGY: LIMIT TO 3
  CONFLICT CONDITION: EXACT
  TIME: 333862ms
  DETECTED RACES: [5]
    org.sunflow.core.Scene.bakingAccel
    org.sunflow.core.Scene.bakingPrimitives
    array access
    array access
    array access
  INVOVLED STATEMENTS: [16]
    org.sunflow.core.gi.IrradianceCacheGIEngine.java[178:16,178:27]
    org.sunflow.core.gi.IrradianceCacheGIEngine.java[208:117,208:128]
    org.sunflow.core.gi.IrradianceCacheGIEngine.java[208:55,208:66]
    org.sunflow.core.gi.IrradianceCacheGIEngine.java[209:30,209:41]
    org.sunflow.core.gi.IrradianceCacheGIEngine.java[208:179,208:190]
    org.sunflow.core.gi.IrradianceCacheGIEngine.java[208:21,208:32]
    org.sunflow.core.Scene.java[229:8,229:19]
    org.sunflow.core.Scene.java[356:8,356:19]
    org.sunflow.core.Scene.java[162:12,162:28]
    org.sunflow.core.Scene.java[171:12,171:28]
    org.sunflow.core.Scene.java[355:8,355:24]
    org.sunflow.image.writers.TGABitmapWriter.java[38:16,38:36]
    org.sunflow.image.writers.TGABitmapWriter.java[40:16,40:36]
    org.sunflow.image.writers.TGABitmapWriter.java[37:16,37:36]
    org.sunflow.image.writers.TGABitmapWriter.java[39:16,39:36]
    org.sunflow.image.writers.HDRBitmapWriter.java[34:16,34:27]
================================================================================

================================================================================
DATA RACE ANALYSIS FOR 'sunflow':
  CLASS WITH MAIN METHOD: org.sunflow.Benchmark
  SAMPLING STRATEGY: LIMIT TO 3
  CONFLICT CONDITION: FUZZY
  TIME: 333862ms
  DETECTED RACES: [11]
    org.sunflow.core.gi.IrradianceCacheGIEngine.Node.first
    org.sunflow.image.Color.g
    org.sunflow.core.gi.IrradianceCacheGIEngine.Sample.next
    org.sunflow.image.Color.b
    org.sunflow.image.Color.r
    org.sunflow.core.Scene.bakingAccel
    org.sunflow.core.Scene.bakingPrimitives
    array access
    array access
    array access
    array access
  INVOVLED STATEMENTS: [36]
    org.sunflow.core.gi.IrradianceCacheGIEngine.java[155:17,155:27]
    org.sunflow.core.gi.IrradianceCacheGIEngine.java[156:8,156:18]
    org.sunflow.core.gi.IrradianceCacheGIEngine.java[192:28,192:33]
    org.sunflow.image.Color.java[279:8,279:9]
    org.sunflow.image.Color.java[229:18,229:21]
    org.sunflow.core.gi.IrradianceCacheGIEngine.java[151:23,151:39]
    org.sunflow.core.gi.IrradianceCacheGIEngine.java[149:20,149:36]
    org.sunflow.core.gi.IrradianceCacheGIEngine.java[144:20,144:36]
    org.sunflow.core.gi.IrradianceCacheGIEngine.java[209:30,209:41]
    org.sunflow.core.gi.IrradianceCacheGIEngine.java[208:55,208:66]
    org.sunflow.core.gi.IrradianceCacheGIEngine.java[208:117,208:128]
    org.sunflow.core.gi.IrradianceCacheGIEngine.java[208:21,208:32]
    org.sunflow.core.gi.IrradianceCacheGIEngine.java[208:179,208:190]
    org.sunflow.core.gi.IrradianceCacheGIEngine.java[178:16,178:27]
    org.sunflow.core.gi.IrradianceCacheGIEngine.java[155:8,155:14]
    org.sunflow.core.gi.IrradianceCacheGIEngine.java[192:50,192:56]
    org.sunflow.image.Color.java[280:8,280:9]
    org.sunflow.image.Color.java[230:18,230:21]
    org.sunflow.image.Color.java[278:8,278:9]
    org.sunflow.image.Color.java[228:18,228:21]
    org.sunflow.image.Color.java[228:8,228:9]
    org.sunflow.image.Color.java[210:8,210:9]
    org.sunflow.image.Color.java[211:8,211:9]
    org.sunflow.image.Color.java[229:8,229:9]
    org.sunflow.image.Color.java[230:8,230:9]
    org.sunflow.image.Color.java[212:8,212:9]
    org.sunflow.core.Scene.java[229:8,229:19]
    org.sunflow.core.Scene.java[356:8,356:19]
    org.sunflow.core.Scene.java[162:12,162:28]
    org.sunflow.core.Scene.java[171:12,171:28]
    org.sunflow.core.Scene.java[355:8,355:24]
    org.sunflow.image.writers.TGABitmapWriter.java[38:16,38:36]
    org.sunflow.image.writers.TGABitmapWriter.java[40:16,40:36]
    org.sunflow.image.writers.TGABitmapWriter.java[37:16,37:36]
    org.sunflow.image.writers.TGABitmapWriter.java[39:16,39:36]
    org.sunflow.image.writers.HDRBitmapWriter.java[34:16,34:27]
================================================================================
