Duration: 2506486 ms
abstract thread count: 15
abstract object count: 3901
statistics:
  numOfFiles: 208
  numOfClasses: 249
  numOfMethods: 1750
  
  Precise 90/35
  Lenient 184/55

================================================================================
DATA RACE ANALYSIS FOR 'sunflow':
  CLASS WITH MAIN METHOD: org.sunflow.Benchmark
  SAMPLING STRATEGY: LIMIT TO 3
  CONFLICT CONDITION: EXACT
  TIME: 2506486ms
  DETECTED RACES: [8]
    org.sunflow.core.Texture.loaded
    org.sunflow.core.Texture.bitmap
    org.sunflow.core.Scene.bakingAccel
    org.sunflow.core.Scene.bakingPrimitives
    array access
    array access
    array access
    array access
  INVOVLED STATEMENTS: [35]
    org.sunflow.core.gi.IrradianceCacheGIEngine.java[178:16,178:27]
    org.sunflow.core.gi.IrradianceCacheGIEngine.java[208:55,208:66]
    org.sunflow.core.gi.IrradianceCacheGIEngine.java[209:30,209:41]
    org.sunflow.core.gi.IrradianceCacheGIEngine.java[208:179,208:190]
    org.sunflow.core.gi.IrradianceCacheGIEngine.java[208:21,208:32]
    org.sunflow.core.gi.IrradianceCacheGIEngine.java[208:117,208:128]
    org.sunflow.core.Texture.java[61:8,61:14]
    org.sunflow.core.Texture.java[65:12,65:18]
    org.sunflow.core.Texture.java[47:16,47:22]
    org.sunflow.core.Texture.java[67:15,67:21]
    org.sunflow.core.Texture.java[49:20,49:26]
    org.sunflow.core.Texture.java[53:16,53:22]
    org.sunflow.image.writers.HDRBitmapWriter.java[34:16,34:27]
    org.sunflow.core.Scene.java[229:8,229:19]
    org.sunflow.core.Scene.java[356:8,356:19]
    org.sunflow.core.Scene.java[171:12,171:28]
    org.sunflow.core.Scene.java[162:12,162:28]
    org.sunflow.core.Scene.java[355:8,355:24]
    org.sunflow.image.formats.BitmapG8.java[28:26,28:41]
    org.sunflow.image.readers.TGABitmapReader.java[66:20,66:50]
    org.sunflow.image.readers.TGABitmapReader.java[88:28,88:58]
    org.sunflow.image.readers.TGABitmapReader.java[80:28,80:58]
    org.sunflow.image.readers.TGABitmapReader.java[111:24,111:43]
    org.sunflow.image.readers.TGABitmapReader.java[112:24,112:43]
    org.sunflow.image.readers.TGABitmapReader.java[100:20,100:35]
    org.sunflow.image.formats.BitmapRGBA8.java[30:19,30:34]
    org.sunflow.image.formats.BitmapRGBA8.java[31:19,31:34]
    org.sunflow.image.formats.BitmapRGBA8.java[29:19,29:34]
    org.sunflow.image.readers.PNGBitmapReader.java[25:16,25:33]
    org.sunflow.image.readers.PNGBitmapReader.java[27:16,27:33]
    org.sunflow.image.readers.PNGBitmapReader.java[32:16,32:33]
    org.sunflow.image.readers.PNGBitmapReader.java[24:16,24:33]
    org.sunflow.image.readers.PNGBitmapReader.java[33:16,33:33]
    org.sunflow.image.readers.PNGBitmapReader.java[26:16,26:33]
    org.sunflow.image.readers.PNGBitmapReader.java[34:16,34:33]
================================================================================

================================================================================
DATA RACE ANALYSIS FOR 'sunflow':
  CLASS WITH MAIN METHOD: org.sunflow.Benchmark
  SAMPLING STRATEGY: LIMIT TO 3
  CONFLICT CONDITION: FUZZY
  TIME: 2506486ms
  DETECTED RACES: [15]
    org.sunflow.core.gi.IrradianceCacheGIEngine.Sample.next
    org.sunflow.core.gi.IrradianceCacheGIEngine.Node.first
    org.sunflow.core.Texture.loaded
    org.sunflow.core.Texture.bitmap
    org.sunflow.core.Scene.bakingAccel
    org.sunflow.core.Scene.bakingPrimitives
    org.sunflow.image.Color.b
    org.sunflow.image.Color.r
    org.sunflow.image.Color.g
    array access
    array access
    array access
    array access
    array access
    array access
  INVOVLED STATEMENTS: [55]
    org.sunflow.core.gi.IrradianceCacheGIEngine.java[192:50,192:56]
    org.sunflow.core.gi.IrradianceCacheGIEngine.java[155:8,155:14]
    org.sunflow.core.gi.IrradianceCacheGIEngine.java[192:28,192:33]
    org.sunflow.core.gi.IrradianceCacheGIEngine.java[156:8,156:18]
    org.sunflow.core.gi.IrradianceCacheGIEngine.java[144:20,144:36]
    org.sunflow.core.gi.IrradianceCacheGIEngine.java[151:23,151:39]
    org.sunflow.core.gi.IrradianceCacheGIEngine.java[149:20,149:36]
    org.sunflow.core.gi.IrradianceCacheGIEngine.java[208:55,208:66]
    org.sunflow.core.gi.IrradianceCacheGIEngine.java[209:30,209:41]
    org.sunflow.core.gi.IrradianceCacheGIEngine.java[208:117,208:128]
    org.sunflow.core.gi.IrradianceCacheGIEngine.java[208:21,208:32]
    org.sunflow.core.gi.IrradianceCacheGIEngine.java[208:179,208:190]
    org.sunflow.core.gi.IrradianceCacheGIEngine.java[178:16,178:27]
    org.sunflow.core.Texture.java[61:8,61:14]
    org.sunflow.core.Texture.java[65:12,65:18]
    org.sunflow.core.Texture.java[47:16,47:22]
    org.sunflow.core.Texture.java[67:15,67:21]
    org.sunflow.core.Texture.java[49:20,49:26]
    org.sunflow.core.Texture.java[53:16,53:22]
    org.sunflow.core.gi.IrradianceCacheGIEngine.java[155:17,155:27]
    org.sunflow.image.writers.HDRBitmapWriter.java[34:16,34:27]
    org.sunflow.core.Scene.java[229:8,229:19]
    org.sunflow.core.Scene.java[356:8,356:19]
    org.sunflow.core.Scene.java[171:12,171:28]
    org.sunflow.core.Scene.java[162:12,162:28]
    org.sunflow.core.Scene.java[355:8,355:24]
    org.sunflow.image.formats.BitmapG8.java[28:26,28:41]
    org.sunflow.image.readers.TGABitmapReader.java[66:20,66:50]
    org.sunflow.image.readers.TGABitmapReader.java[88:28,88:58]
    org.sunflow.image.readers.TGABitmapReader.java[80:28,80:58]
    org.sunflow.image.readers.TGABitmapReader.java[111:24,111:43]
    org.sunflow.image.readers.TGABitmapReader.java[112:24,112:43]
    org.sunflow.image.readers.TGABitmapReader.java[100:20,100:35]
    org.sunflow.image.Color.java[230:18,230:21]
    org.sunflow.image.Color.java[280:8,280:9]
    org.sunflow.image.Color.java[228:18,228:21]
    org.sunflow.image.Color.java[278:8,278:9]
    org.sunflow.image.Color.java[229:18,229:21]
    org.sunflow.image.Color.java[279:8,279:9]
    org.sunflow.image.formats.BitmapRGBA8.java[30:19,30:34]
    org.sunflow.image.formats.BitmapRGBA8.java[31:19,31:34]
    org.sunflow.image.formats.BitmapRGBA8.java[29:19,29:34]
    org.sunflow.image.readers.PNGBitmapReader.java[25:16,25:33]
    org.sunflow.image.readers.PNGBitmapReader.java[27:16,27:33]
    org.sunflow.image.readers.PNGBitmapReader.java[32:16,32:33]
    org.sunflow.image.readers.PNGBitmapReader.java[24:16,24:33]
    org.sunflow.image.readers.PNGBitmapReader.java[33:16,33:33]
    org.sunflow.image.readers.PNGBitmapReader.java[26:16,26:33]
    org.sunflow.image.readers.PNGBitmapReader.java[34:16,34:33]
    org.sunflow.image.Color.java[211:8,211:9]
    org.sunflow.image.Color.java[229:8,229:9]
    org.sunflow.image.Color.java[230:8,230:9]
    org.sunflow.image.Color.java[212:8,212:9]
    org.sunflow.image.Color.java[210:8,210:9]
    org.sunflow.image.Color.java[228:8,228:9]
================================================================================
