================================================================================
DATA RACE ANALYSIS FOR 'sor':
  CLASS WITH MAIN METHOD: sor.Sor
  SAMPLING STRATEGY: FULL ANALYSIS
  CONFLICT CONDITION: EXACT
  TIME: 420ms
  DETECTED RACES: [2]
    array access
    array access
  INVOVLED STATEMENTS: [42]
    sor.Sor.java[147:37,147:49]
    sor.Sor.java[154:67,154:77]
    sor.Sor.java[147:52,147:62]
    sor.Sor.java[147:22,147:34]
    sor.Sor.java[154:52,154:64]
    sor.Sor.java[173:6,173:16]
    sor.Sor.java[147:65,147:77]
    sor.Sor.java[166:6,166:16]
    sor.Sor.java[154:22,154:34]
    sor.Sor.java[154:37,154:49]
    sor.Sor.java[154:6,154:18]
    sor.Sor.java[147:6,147:18]
    sor.Sor.java[173:20,173:34]
    sor.Sor.java[173:54,173:66]
    sor.Sor.java[166:54,166:68]
    sor.Sor.java[173:37,173:51]
    sor.Sor.java[173:69,173:83]
    sor.Sor.java[166:37,166:51]
    sor.Sor.java[166:71,166:83]
    sor.Sor.java[166:20,166:34]
    sor.Sor.java[238:6,238:16]
    sor.Sor.java[231:6,231:16]
    sor.Sor.java[219:37,219:49]
    sor.Sor.java[212:67,212:77]
    sor.Sor.java[219:65,219:77]
    sor.Sor.java[212:52,212:64]
    sor.Sor.java[219:52,219:62]
    sor.Sor.java[212:22,212:34]
    sor.Sor.java[212:37,212:49]
    sor.Sor.java[219:22,219:34]
    sor.Sor.java[212:6,212:18]
    sor.Sor.java[238:71,238:83]
    sor.Sor.java[231:37,231:51]
    sor.Sor.java[219:6,219:18]
    sor.Sor.java[231:20,231:34]
    sor.Sor.java[231:54,231:66]
    sor.Sor.java[231:69,231:83]
    sor.Sor.java[238:20,238:34]
    sor.Sor.java[238:37,238:51]
    sor.Sor.java[238:54,238:68]
    sor.Sor.java[110:13,110:23]
    sor.Sor.java[111:15,111:27]
================================================================================

================================================================================
DATA RACE ANALYSIS FOR 'sor':
  CLASS WITH MAIN METHOD: sor.Sor
  SAMPLING STRATEGY: FULL ANALYSIS
  CONFLICT CONDITION: FUZZY
  TIME: 420ms
  DETECTED RACES: [2]
    array access
    array access
  INVOVLED STATEMENTS: [42]
    sor.Sor.java[147:37,147:49]
    sor.Sor.java[154:67,154:77]
    sor.Sor.java[147:52,147:62]
    sor.Sor.java[147:22,147:34]
    sor.Sor.java[154:52,154:64]
    sor.Sor.java[173:6,173:16]
    sor.Sor.java[147:65,147:77]
    sor.Sor.java[166:6,166:16]
    sor.Sor.java[154:22,154:34]
    sor.Sor.java[154:37,154:49]
    sor.Sor.java[154:6,154:18]
    sor.Sor.java[147:6,147:18]
    sor.Sor.java[173:20,173:34]
    sor.Sor.java[173:54,173:66]
    sor.Sor.java[166:54,166:68]
    sor.Sor.java[173:37,173:51]
    sor.Sor.java[173:69,173:83]
    sor.Sor.java[166:37,166:51]
    sor.Sor.java[166:71,166:83]
    sor.Sor.java[166:20,166:34]
    sor.Sor.java[238:6,238:16]
    sor.Sor.java[231:6,231:16]
    sor.Sor.java[219:37,219:49]
    sor.Sor.java[212:67,212:77]
    sor.Sor.java[219:65,219:77]
    sor.Sor.java[212:52,212:64]
    sor.Sor.java[219:52,219:62]
    sor.Sor.java[212:22,212:34]
    sor.Sor.java[212:37,212:49]
    sor.Sor.java[219:22,219:34]
    sor.Sor.java[212:6,212:18]
    sor.Sor.java[238:71,238:83]
    sor.Sor.java[231:37,231:51]
    sor.Sor.java[219:6,219:18]
    sor.Sor.java[231:20,231:34]
    sor.Sor.java[231:54,231:66]
    sor.Sor.java[231:69,231:83]
    sor.Sor.java[238:20,238:34]
    sor.Sor.java[238:37,238:51]
    sor.Sor.java[238:54,238:68]
    sor.Sor.java[110:13,110:23]
    sor.Sor.java[111:15,111:27]
================================================================================
