================================================================================
DATA RACE ANALYSIS FOR 'elevator':
  CLASS WITH MAIN METHOD: elevator.Elevator
  SAMPLING STRATEGY: FULL ANALYSIS
  CONFLICT CONDITION: EXACT
  TIME: 440ms
  DETECTED RACES: [0]
  INVOVLED STATEMENTS: [0]

================================================================================
DATA RACE ANALYSIS FOR 'elevator':
  CLASS WITH MAIN METHOD: elevator.Elevator
  SAMPLING STRATEGY: FULL ANALYSIS
  CONFLICT CONDITION: FUZZY
  TIME: 440ms
  DETECTED RACES: [4]
    elevator.Floor.downFlag
    elevator.Floor.upFlag
    elevator.Floor.downPeople
    elevator.Floor.upPeople
  INVOVLED STATEMENTS: [20]
    elevator.Controls.java[97:26,97:48]
    elevator.Controls.java[123:12,123:34]
    elevator.Controls.java[69:20,69:42]
    elevator.Controls.java[70:20,70:42]
    elevator.Controls.java[54:20,54:40]
    elevator.Controls.java[110:12,110:32]
    elevator.Controls.java[85:26,85:46]
    elevator.Controls.java[53:20,53:40]
    elevator.Controls.java[122:12,122:36]
    elevator.Controls.java[121:26,121:50]
    elevator.Controls.java[96:26,96:50]
    elevator.Controls.java[84:26,84:48]
    elevator.Controls.java[108:26,108:48]
    elevator.Controls.java[109:12,109:34]
    elevator.Controls.java[30:16,30:40]
    elevator.Controls.java[42:16,42:38]
    elevator.Controls.java[29:15,29:41]
    elevator.Controls.java[28:12,28:38]
    elevator.Controls.java[40:12,40:36]
    elevator.Controls.java[41:15,41:39]
================================================================================
