Duration: 97664 ms
abstract thread count: 3
abstract object count: 4943
statistics:
  numOfFiles: 494
  numOfClasses: 1855
  numOfMethods: 8995
  
  Precise 83/183
  Lenient 110/225

================================================================================
DATA RACE ANALYSIS FOR 'avrora':
  CLASS WITH MAIN METHOD: edu.ucla.cs.compilers.avrora.avrora.Main
  SAMPLING STRATEGY: LIMIT TO 3
  CONFLICT CONDITION: EXACT
  TIME: 97664ms
  DETECTED RACES: [34]
    edu.ucla.cs.compilers.avrora.avrora.sim.clock.DeltaQueue.count
    edu.ucla.cs.compilers.avrora.avrora.sim.clock.DeltaQueue.Link.events
    edu.ucla.cs.compilers.avrora.avrora.sim.clock.DeltaQueue.freeLinks
    edu.ucla.cs.compilers.avrora.avrora.sim.clock.DeltaQueue.freeEventLists
    edu.ucla.cs.compilers.avrora.avrora.sim.AtmelInterpreter.delayCycles
    edu.ucla.cs.compilers.avrora.avrora.sim.AtmelInterpreter.shouldRun
    edu.ucla.cs.compilers.avrora.avrora.sim.AtmelInterpreter.I
    edu.ucla.cs.compilers.avrora.avrora.sim.RWRegister.value
    edu.ucla.cs.compilers.avrora.avrora.sim.platform.sensors.ReplaySensorData.currentReading
    edu.ucla.cs.compilers.avrora.avrora.sim.util.InterruptScheduler.currentLine
    edu.ucla.cs.compilers.avrora.avrora.sim.clock.DeltaQueue.head
    edu.ucla.cs.compilers.avrora.avrora.arch.msp430.MSP430State.pc
    edu.ucla.cs.compilers.avrora.avrora.sim.util.TransactionalList.tail
    edu.ucla.cs.compilers.avrora.avrora.sim.AtmelInterpreter.cyclesConsumed
    edu.ucla.cs.compilers.avrora.avrora.sim.util.TransactionalList.head
    edu.ucla.cs.compilers.avrora.avrora.sim.platform.ExternalFlash.dfStatus
    edu.ucla.cs.compilers.avrora.avrora.sim.InterruptTable.pending
    edu.ucla.cs.compilers.avrora.avrora.sim.FiniteStateMachine.TransitionEvent.oldState
    edu.ucla.cs.compilers.avrora.avrora.sim.Interpreter.innerLoop
    edu.ucla.cs.compilers.avrora.avrora.sim.AtmelInterpreter.sleeping
    edu.ucla.cs.compilers.avrora.avrora.sim.util.TransactionalList.transHead
    edu.ucla.cs.compilers.avrora.avrora.sim.util.TransactionalList.nesting
    edu.ucla.cs.compilers.avrora.avrora.sim.AtmelInterpreter.nextPC
    edu.ucla.cs.compilers.avrora.avrora.sim.util.TransactionalList.transTail
    edu.ucla.cs.compilers.avrora.avrora.sim.InterruptTable.posted
    edu.ucla.cs.compilers.avrora.avrora.sim.AtmelInterpreter.pc
    edu.ucla.cs.compilers.avrora.avrora.sim.FiniteStateMachine.curState
    edu.ucla.cs.compilers.avrora.avrora.sim.FiniteStateMachine.TransitionEvent.newState
    edu.ucla.cs.compilers.avrora.avrora.arch.msp430.MSP430State.nextpc
    edu.ucla.cs.compilers.avrora.avrora.sim.AtmelInterpreter.justActivatedInterrupts
    edu.ucla.cs.compilers.avrora.avrora.arch.msp430.MSP430Interpreter.shouldRun
    edu.ucla.cs.compilers.avrora.avrora.sim.mcu.USART.UBRRMultiplier
    array access
    array access
  INVOVLED STATEMENTS: [183]
    edu.ucla.cs.compilers.avrora.avrora.sim.clock.DeltaQueue.java[270:8,270:13]
    edu.ucla.cs.compilers.avrora.avrora.sim.clock.DeltaQueue.java[220:12,220:17]
    edu.ucla.cs.compilers.avrora.avrora.sim.clock.DeltaQueue.java[225:8,225:13]
    edu.ucla.cs.compilers.avrora.avrora.sim.clock.DeltaQueue.java[195:12,195:17]
    edu.ucla.cs.compilers.avrora.avrora.sim.clock.DeltaQueue.java[254:12,254:17]
    edu.ucla.cs.compilers.avrora.avrora.sim.clock.DeltaQueue.java[248:16,248:21]
    edu.ucla.cs.compilers.avrora.avrora.sim.clock.DeltaQueue.java[202:12,202:17]
    edu.ucla.cs.compilers.avrora.avrora.sim.clock.DeltaQueue.java[294:15,294:20]
    edu.ucla.cs.compilers.avrora.avrora.sim.clock.DeltaQueue.java[398:37,398:43]
    edu.ucla.cs.compilers.avrora.avrora.sim.clock.DeltaQueue.java[398:12,398:18]
    edu.ucla.cs.compilers.avrora.avrora.sim.clock.DeltaQueue.java[424:33,424:39]
    edu.ucla.cs.compilers.avrora.avrora.sim.clock.DeltaQueue.java[326:12,326:21]
    edu.ucla.cs.compilers.avrora.avrora.sim.clock.DeltaQueue.java[300:8,300:17]
    edu.ucla.cs.compilers.avrora.avrora.sim.clock.DeltaQueue.java[325:16,325:25]
    edu.ucla.cs.compilers.avrora.avrora.sim.clock.DeltaQueue.java[299:17,299:26]
    edu.ucla.cs.compilers.avrora.avrora.sim.clock.DeltaQueue.java[319:12,319:21]
    edu.ucla.cs.compilers.avrora.avrora.sim.clock.DeltaQueue.java[353:12,353:26]
    edu.ucla.cs.compilers.avrora.avrora.sim.clock.DeltaQueue.java[312:17,312:31]
    edu.ucla.cs.compilers.avrora.avrora.sim.clock.DeltaQueue.java[313:8,313:22]
    edu.ucla.cs.compilers.avrora.avrora.sim.clock.DeltaQueue.java[345:12,345:26]
    edu.ucla.cs.compilers.avrora.avrora.sim.clock.DeltaQueue.java[352:16,352:30]
    edu.ucla.cs.compilers.avrora.avrora.sim.AtmelInterpreter.java[374:8,374:19]
    edu.ucla.cs.compilers.avrora.avrora.arch.legacy.LegacyInterpreter.java[156:12,156:23]
    edu.ucla.cs.compilers.avrora.avrora.arch.legacy.LegacyInterpreter.java[113:16,113:27]
    edu.ucla.cs.compilers.avrora.avrora.arch.legacy.LegacyInterpreter.java[112:29,112:40]
    edu.ucla.cs.compilers.avrora.avrora.arch.legacy.LegacyInterpreter.java[153:12,153:23]
    edu.ucla.cs.compilers.avrora.avrora.arch.legacy.LegacyInterpreter.java[110:16,110:27]
    edu.ucla.cs.compilers.avrora.avrora.sim.AtmelInterpreter.java[170:8,170:17]
    edu.ucla.cs.compilers.avrora.avrora.arch.legacy.LegacyInterpreter.java[107:15,107:24]
    edu.ucla.cs.compilers.avrora.avrora.arch.legacy.LegacyInterpreter.java[235:8,235:9]
    edu.ucla.cs.compilers.avrora.avrora.arch.legacy.LegacyInterpreter.java[167:19,167:20]
    edu.ucla.cs.compilers.avrora.avrora.arch.legacy.LegacyInterpreter.java[276:8,276:9]
    edu.ucla.cs.compilers.avrora.avrora.arch.legacy.LegacyInterpreter.java[124:16,124:17]
    edu.ucla.cs.compilers.avrora.avrora.sim.RWRegister.java[79:8,79:13]
    edu.ucla.cs.compilers.avrora.avrora.sim.RWRegister.java[80:20,80:25]
    edu.ucla.cs.compilers.avrora.avrora.sim.RWRegister.java[78:19,78:24]
    edu.ucla.cs.compilers.avrora.avrora.sim.platform.sensors.ReplaySensorData.java[84:8,84:22]
    edu.ucla.cs.compilers.avrora.avrora.sim.util.InterruptScheduler.java[131:16,131:27]
    edu.ucla.cs.compilers.avrora.avrora.sim.util.InterruptScheduler.java[120:58,120:69]
    edu.ucla.cs.compilers.avrora.avrora.sim.util.InterruptScheduler.java[127:38,127:49]
    edu.ucla.cs.compilers.avrora.avrora.sim.util.InterruptScheduler.java[113:38,113:49]
    edu.ucla.cs.compilers.avrora.avrora.sim.clock.DeltaQueue.java[226:8,226:12]
    edu.ucla.cs.compilers.avrora.avrora.sim.clock.DeltaQueue.java[192:12,192:16]
    edu.ucla.cs.compilers.avrora.avrora.sim.clock.DeltaQueue.java[106:19,106:23]
    edu.ucla.cs.compilers.avrora.avrora.sim.clock.DeltaQueue.java[100:12,100:16]
    edu.ucla.cs.compilers.avrora.avrora.sim.clock.DeltaQueue.java[237:23,237:27]
    edu.ucla.cs.compilers.avrora.avrora.sim.clock.DeltaQueue.java[217:12,217:16]
    edu.ucla.cs.compilers.avrora.avrora.sim.clock.DeltaQueue.java[224:17,224:21]
    edu.ucla.cs.compilers.avrora.avrora.sim.clock.DeltaQueue.java[135:12,135:16]
    edu.ucla.cs.compilers.avrora.avrora.sim.clock.DeltaQueue.java[257:12,257:16]
    edu.ucla.cs.compilers.avrora.avrora.sim.clock.DeltaQueue.java[98:12,98:16]
    edu.ucla.cs.compilers.avrora.avrora.sim.clock.DeltaQueue.java[234:15,234:19]
    edu.ucla.cs.compilers.avrora.avrora.arch.msp430.MSP430Interpreter.java[136:24,136:26]
    edu.ucla.cs.compilers.avrora.avrora.arch.msp430.MSP430Interpreter.java[160:8,160:10]
    edu.ucla.cs.compilers.avrora.avrora.arch.msp430.MSP430Interpreter.java[126:24,126:26]
    edu.ucla.cs.compilers.avrora.avrora.arch.msp430.MSP430State.java[89:15,89:17]
    edu.ucla.cs.compilers.avrora.avrora.sim.util.TransactionalList.java[100:19,100:23]
    edu.ucla.cs.compilers.avrora.avrora.sim.util.TransactionalList.java[104:12,104:16]
    edu.ucla.cs.compilers.avrora.avrora.sim.util.TransactionalList.java[142:20,142:24]
    edu.ucla.cs.compilers.avrora.avrora.sim.util.TransactionalList.java[141:27,141:31]
    edu.ucla.cs.compilers.avrora.avrora.sim.AtmelInterpreter.java[945:22,945:36]
    edu.ucla.cs.compilers.avrora.avrora.sim.AtmelInterpreter.java[946:8,946:22]
    edu.ucla.cs.compilers.avrora.avrora.arch.legacy.LegacyInterpreter.java[105:8,105:22]
    edu.ucla.cs.compilers.avrora.avrora.arch.legacy.LegacyInterpreter.java[211:21,211:35]
    edu.ucla.cs.compilers.avrora.avrora.arch.legacy.LegacyInterpreter.java[200:21,200:35]
    edu.ucla.cs.compilers.avrora.avrora.sim.AtmelInterpreter.java[359:8,359:22]
    edu.ucla.cs.compilers.avrora.avrora.sim.util.TransactionalList.java[98:12,98:16]
    edu.ucla.cs.compilers.avrora.avrora.sim.util.TransactionalList.java[136:20,136:24]
    edu.ucla.cs.compilers.avrora.avrora.sim.util.TransactionalList.java[100:12,100:16]
    edu.ucla.cs.compilers.avrora.avrora.sim.util.TransactionalList.java[176:15,176:19]
    edu.ucla.cs.compilers.avrora.avrora.sim.util.TransactionalList.java[126:19,126:23]
    edu.ucla.cs.compilers.avrora.avrora.sim.util.MulticastProbe.java[83:24,83:28]
    edu.ucla.cs.compilers.avrora.avrora.sim.util.MulticastProbe.java[64:24,64:28]
    edu.ucla.cs.compilers.avrora.avrora.sim.platform.ExternalFlash.java[781:12,781:20]
    edu.ucla.cs.compilers.avrora.avrora.sim.InterruptTable.java[70:8,70:15]
    edu.ucla.cs.compilers.avrora.avrora.sim.mcu.ATMegaFamily.java[129:16,129:21]
    edu.ucla.cs.compilers.avrora.avrora.sim.mcu.ATMegaFamily.java[136:16,136:21]
    edu.ucla.cs.compilers.avrora.avrora.sim.mcu.ATMegaFamily.java[167:12,167:17]
    edu.ucla.cs.compilers.avrora.avrora.sim.mcu.ATMegaFamily.java[167:28,167:33]
    edu.ucla.cs.compilers.avrora.avrora.sim.mcu.ATMegaFamily.java[136:42,136:47]
    edu.ucla.cs.compilers.avrora.avrora.sim.mcu.ATMegaFamily.java[129:42,129:47]
    edu.ucla.cs.compilers.avrora.avrora.sim.FiniteStateMachine.java[352:49,352:68]
    edu.ucla.cs.compilers.avrora.avrora.sim.FiniteStateMachine.java[378:12,378:31]
    edu.ucla.cs.compilers.avrora.avrora.sim.InterruptTable.java[68:8,68:29]
    edu.ucla.cs.compilers.avrora.avrora.arch.msp430.MSP430Interpreter.java[134:15,134:24]
    edu.ucla.cs.compilers.avrora.avrora.arch.msp430.MSP430Interpreter.java[247:8,247:17]
    edu.ucla.cs.compilers.avrora.avrora.arch.msp430.MSP430Interpreter.java[123:8,123:17]
    edu.ucla.cs.compilers.avrora.avrora.arch.msp430.MSP430Interpreter.java[133:8,133:17]
    edu.ucla.cs.compilers.avrora.avrora.arch.msp430.MSP430Interpreter.java[124:15,124:24]
    edu.ucla.cs.compilers.avrora.avrora.arch.legacy.LegacyInterpreter.java[2075:8,2075:16]
    edu.ucla.cs.compilers.avrora.avrora.arch.legacy.LegacyInterpreter.java[245:12,245:20]
    edu.ucla.cs.compilers.avrora.avrora.arch.legacy.LegacyInterpreter.java[242:12,242:20]
    edu.ucla.cs.compilers.avrora.avrora.arch.legacy.LegacyInterpreter.java[179:12,179:20]
    edu.ucla.cs.compilers.avrora.avrora.arch.legacy.LegacyInterpreter.java[134:16,134:24]
    edu.ucla.cs.compilers.avrora.avrora.arch.legacy.LegacyInterpreter.java[265:12,265:20]
    edu.ucla.cs.compilers.avrora.avrora.sim.util.TransactionalList.java[158:12,158:21]
    edu.ucla.cs.compilers.avrora.avrora.sim.util.TransactionalList.java[204:12,204:21]
    edu.ucla.cs.compilers.avrora.avrora.sim.util.TransactionalList.java[156:12,156:21]
    edu.ucla.cs.compilers.avrora.avrora.sim.util.TransactionalList.java[203:25,203:34]
    edu.ucla.cs.compilers.avrora.avrora.sim.util.TransactionalList.java[92:12,92:19]
    edu.ucla.cs.compilers.avrora.avrora.sim.util.TransactionalList.java[189:8,189:15]
    edu.ucla.cs.compilers.avrora.avrora.sim.util.TransactionalList.java[119:12,119:19]
    edu.ucla.cs.compilers.avrora.avrora.sim.util.TransactionalList.java[200:8,200:15]
    edu.ucla.cs.compilers.avrora.avrora.sim.util.TransactionalList.java[201:12,201:19]
    edu.ucla.cs.compilers.avrora.avrora.sim.InterruptTable.java[101:8,101:15]
    edu.ucla.cs.compilers.avrora.avrora.sim.InterruptTable.java[231:15,231:22]
    edu.ucla.cs.compilers.avrora.avrora.sim.RWRegister.java[108:15,108:20]
    edu.ucla.cs.compilers.avrora.avrora.sim.mcu.USART.java[511:16,511:21]
    edu.ucla.cs.compilers.avrora.avrora.sim.mcu.USART.java[512:12,512:17]
    edu.ucla.cs.compilers.avrora.avrora.sim.mcu.USART.java[512:29,512:34]
    edu.ucla.cs.compilers.avrora.avrora.sim.RWRegister.java[116:8,116:13]
    edu.ucla.cs.compilers.avrora.avrora.sim.RWRegister.java[115:19,115:24]
    edu.ucla.cs.compilers.avrora.avrora.sim.AtmelInterpreter.java[373:8,373:17]
    edu.ucla.cs.compilers.avrora.avrora.arch.legacy.LegacyInterpreter.java[312:8,312:17]
    edu.ucla.cs.compilers.avrora.avrora.arch.legacy.LegacyInterpreter.java[298:15,298:24]
    edu.ucla.cs.compilers.avrora.avrora.arch.legacy.LegacyInterpreter.java[246:12,246:21]
    edu.ucla.cs.compilers.avrora.avrora.arch.legacy.LegacyInterpreter.java[288:15,288:24]
    edu.ucla.cs.compilers.avrora.avrora.arch.legacy.LegacyInterpreter.java[297:8,297:17]
    edu.ucla.cs.compilers.avrora.avrora.arch.legacy.LegacyInterpreter.java[287:8,287:17]
    edu.ucla.cs.compilers.avrora.avrora.arch.legacy.LegacyInterpreter.java[2076:8,2076:17]
    edu.ucla.cs.compilers.avrora.avrora.arch.legacy.LegacyInterpreter.java[313:15,313:24]
    edu.ucla.cs.compilers.avrora.avrora.arch.legacy.LegacyInterpreter.java[150:8,150:14]
    edu.ucla.cs.compilers.avrora.avrora.arch.legacy.LegacyInterpreter.java[317:41,317:47]
    edu.ucla.cs.compilers.avrora.avrora.arch.legacy.LegacyInterpreter.java[231:8,231:14]
    edu.ucla.cs.compilers.avrora.avrora.arch.legacy.LegacyInterpreter.java[104:8,104:14]
    edu.ucla.cs.compilers.avrora.avrora.arch.legacy.LegacyInterpreter.java[228:15,228:21]
    edu.ucla.cs.compilers.avrora.avrora.arch.legacy.LegacyInterpreter.java[206:41,206:47]
    edu.ucla.cs.compilers.avrora.avrora.arch.legacy.LegacyInterpreter.java[272:8,272:14]
    edu.ucla.cs.compilers.avrora.avrora.arch.legacy.LegacyInterpreter.java[205:24,205:30]
    edu.ucla.cs.compilers.avrora.avrora.sim.AtmelInterpreter.java[944:13,944:19]
    edu.ucla.cs.compilers.avrora.avrora.arch.legacy.LegacyInterpreter.java[300:41,300:47]
    edu.ucla.cs.compilers.avrora.avrora.arch.legacy.LegacyInterpreter.java[269:15,269:21]
    edu.ucla.cs.compilers.avrora.avrora.arch.legacy.LegacyInterpreter.java[316:24,316:30]
    edu.ucla.cs.compilers.avrora.avrora.arch.legacy.LegacyInterpreter.java[195:41,195:47]
    edu.ucla.cs.compilers.avrora.avrora.arch.legacy.LegacyInterpreter.java[232:13,232:19]
    edu.ucla.cs.compilers.avrora.avrora.arch.legacy.LegacyInterpreter.java[273:13,273:19]
    edu.ucla.cs.compilers.avrora.avrora.sim.util.TransactionalList.java[205:12,205:21]
    edu.ucla.cs.compilers.avrora.avrora.sim.util.TransactionalList.java[158:24,158:33]
    edu.ucla.cs.compilers.avrora.avrora.sim.util.TransactionalList.java[162:12,162:21]
    edu.ucla.cs.compilers.avrora.avrora.sim.InterruptTable.java[69:35,69:41]
    edu.ucla.cs.compilers.avrora.avrora.sim.InterruptTable.java[70:18,70:24]
    edu.ucla.cs.compilers.avrora.avrora.sim.InterruptTable.java[69:8,69:14]
    edu.ucla.cs.compilers.avrora.avrora.arch.legacy.LegacyInterpreter.java[104:17,104:19]
    edu.ucla.cs.compilers.avrora.avrora.arch.legacy.LegacyInterpreter.java[232:8,232:10]
    edu.ucla.cs.compilers.avrora.avrora.arch.legacy.LegacyInterpreter.java[103:8,103:10]
    edu.ucla.cs.compilers.avrora.avrora.sim.AtmelInterpreter.java[1108:19,1108:21]
    edu.ucla.cs.compilers.avrora.avrora.arch.legacy.LegacyInterpreter.java[150:17,150:19]
    edu.ucla.cs.compilers.avrora.avrora.sim.AtmelInterpreter.java[944:8,944:10]
    edu.ucla.cs.compilers.avrora.avrora.arch.legacy.LegacyInterpreter.java[273:8,273:10]
    edu.ucla.cs.compilers.avrora.avrora.arch.msp430.MSP430Interpreter.java[152:8,152:20]
    edu.ucla.cs.compilers.avrora.avrora.arch.msp430.MSP430Interpreter.java[160:13,160:25]
    edu.ucla.cs.compilers.avrora.avrora.sim.FiniteStateMachine.java[357:27,357:35]
    edu.ucla.cs.compilers.avrora.avrora.sim.FiniteStateMachine.java[365:44,365:52]
    edu.ucla.cs.compilers.avrora.avrora.sim.FiniteStateMachine.java[364:26,364:34]
    edu.ucla.cs.compilers.avrora.avrora.sim.FiniteStateMachine.java[359:65,359:73]
    edu.ucla.cs.compilers.avrora.avrora.sim.FiniteStateMachine.java[378:34,378:42]
    edu.ucla.cs.compilers.avrora.avrora.sim.FiniteStateMachine.java[370:27,370:35]
    edu.ucla.cs.compilers.avrora.avrora.sim.FiniteStateMachine.java[371:12,371:20]
    edu.ucla.cs.compilers.avrora.avrora.sim.FiniteStateMachine.java[349:12,349:20]
    edu.ucla.cs.compilers.avrora.avrora.sim.FiniteStateMachine.java[364:44,364:52]
    edu.ucla.cs.compilers.avrora.avrora.sim.FiniteStateMachine.java[363:32,363:40]
    edu.ucla.cs.compilers.avrora.avrora.sim.FiniteStateMachine.java[323:15,323:23]
    edu.ucla.cs.compilers.avrora.avrora.sim.FiniteStateMachine.java[353:22,353:41]
    edu.ucla.cs.compilers.avrora.avrora.sim.FiniteStateMachine.java[379:12,379:31]
    edu.ucla.cs.compilers.avrora.avrora.arch.msp430.MSP430Interpreter.java[153:8,153:14]
    edu.ucla.cs.compilers.avrora.avrora.arch.msp430.MSP430Interpreter.java[160:35,160:41]
    edu.ucla.cs.compilers.avrora.avrora.arch.legacy.LegacyInterpreter.java[166:12,166:35]
    edu.ucla.cs.compilers.avrora.avrora.arch.legacy.LegacyInterpreter.java[116:16,116:39]
    edu.ucla.cs.compilers.avrora.avrora.arch.legacy.LegacyInterpreter.java[161:12,161:35]
    edu.ucla.cs.compilers.avrora.avrora.sim.AtmelInterpreter.java[561:35,561:45]
    edu.ucla.cs.compilers.avrora.avrora.sim.AtmelInterpreter.java[562:17,562:27]
    edu.ucla.cs.compilers.avrora.avrora.sim.AtmelInterpreter.java[586:37,586:47]
    edu.ucla.cs.compilers.avrora.avrora.arch.msp430.MSP430Interpreter.java[233:8,233:17]
    edu.ucla.cs.compilers.avrora.avrora.arch.msp430.MSP430Interpreter.java[246:8,246:17]
    edu.ucla.cs.compilers.avrora.avrora.arch.msp430.MSP430Interpreter.java[112:15,112:24]
    edu.ucla.cs.compilers.avrora.avrora.sim.InterruptTable.java[100:35,100:41]
    edu.ucla.cs.compilers.avrora.avrora.sim.InterruptTable.java[100:8,100:14]
    edu.ucla.cs.compilers.avrora.avrora.sim.InterruptTable.java[101:18,101:24]
    edu.ucla.cs.compilers.avrora.avrora.sim.mcu.Timer8Bit.java[216:27,216:32]
    edu.ucla.cs.compilers.avrora.avrora.sim.mcu.USART.java[521:16,521:30]
    edu.ucla.cs.compilers.avrora.avrora.sim.mcu.USART.java[519:16,519:30]
    edu.ucla.cs.compilers.avrora.avrora.sim.mcu.USART.java[523:16,523:30]
    edu.ucla.cs.compilers.avrora.avrora.sim.mcu.USART.java[527:51,527:65]
================================================================================

================================================================================
DATA RACE ANALYSIS FOR 'avrora':
  CLASS WITH MAIN METHOD: edu.ucla.cs.compilers.avrora.avrora.Main
  SAMPLING STRATEGY: LIMIT TO 3
  CONFLICT CONDITION: FUZZY
  TIME: 97664ms
  DETECTED RACES: [39]
    edu.ucla.cs.compilers.avrora.avrora.sim.clock.DeltaQueue.count
    edu.ucla.cs.compilers.avrora.avrora.sim.clock.DeltaQueue.freeLinks
    edu.ucla.cs.compilers.avrora.avrora.sim.util.TransactionalList.Link.next
    edu.ucla.cs.compilers.avrora.avrora.sim.clock.DeltaQueue.Link.events
    edu.ucla.cs.compilers.avrora.avrora.sim.AtmelInterpreter.I
    edu.ucla.cs.compilers.avrora.avrora.sim.RWRegister.value
    edu.ucla.cs.compilers.avrora.avrora.sim.util.InterruptScheduler.currentLine
    edu.ucla.cs.compilers.avrora.avrora.sim.clock.DeltaQueue.freeEventLists
    edu.ucla.cs.compilers.avrora.avrora.sim.clock.DeltaQueue.head
    edu.ucla.cs.compilers.avrora.avrora.arch.msp430.MSP430State.pc
    edu.ucla.cs.compilers.avrora.avrora.sim.util.TransactionalList.head
    edu.ucla.cs.compilers.avrora.avrora.sim.clock.DeltaQueue.Link.next
    edu.ucla.cs.compilers.avrora.avrora.sim.util.TransactionalList.nesting
    edu.ucla.cs.compilers.avrora.avrora.sim.InterruptTable.pending
    edu.ucla.cs.compilers.avrora.avrora.sim.InterruptTable.posted
    edu.ucla.cs.compilers.avrora.avrora.sim.AtmelInterpreter.pc
    edu.ucla.cs.compilers.avrora.avrora.sim.FiniteStateMachine.curState
    edu.ucla.cs.compilers.avrora.avrora.sim.FiniteStateMachine.TransitionEvent.newState
    edu.ucla.cs.compilers.avrora.avrora.sim.clock.DeltaQueue.EventList.next
    edu.ucla.cs.compilers.avrora.avrora.sim.clock.DeltaQueue.EventList.event
    edu.ucla.cs.compilers.avrora.avrora.sim.mcu.USART.UBRRMultiplier
    edu.ucla.cs.compilers.avrora.avrora.sim.AtmelInterpreter.delayCycles
    edu.ucla.cs.compilers.avrora.avrora.sim.AtmelInterpreter.shouldRun
    edu.ucla.cs.compilers.avrora.avrora.sim.platform.sensors.ReplaySensorData.currentReading
    edu.ucla.cs.compilers.avrora.avrora.sim.clock.DeltaQueue.Link.delta
    edu.ucla.cs.compilers.avrora.avrora.sim.util.TransactionalList.tail
    edu.ucla.cs.compilers.avrora.avrora.sim.AtmelInterpreter.cyclesConsumed
    edu.ucla.cs.compilers.avrora.avrora.sim.platform.ExternalFlash.dfStatus
    edu.ucla.cs.compilers.avrora.avrora.sim.FiniteStateMachine.TransitionEvent.oldState
    edu.ucla.cs.compilers.avrora.avrora.sim.Interpreter.innerLoop
    edu.ucla.cs.compilers.avrora.avrora.sim.AtmelInterpreter.sleeping
    edu.ucla.cs.compilers.avrora.avrora.sim.util.TransactionalList.transHead
    edu.ucla.cs.compilers.avrora.avrora.sim.AtmelInterpreter.nextPC
    edu.ucla.cs.compilers.avrora.avrora.sim.util.TransactionalList.transTail
    edu.ucla.cs.compilers.avrora.avrora.arch.msp430.MSP430State.nextpc
    edu.ucla.cs.compilers.avrora.avrora.sim.AtmelInterpreter.justActivatedInterrupts
    edu.ucla.cs.compilers.avrora.avrora.arch.msp430.MSP430Interpreter.shouldRun
    array access
    array access
  INVOVLED STATEMENTS: [225]
    edu.ucla.cs.compilers.avrora.avrora.sim.clock.DeltaQueue.java[270:8,270:13]
    edu.ucla.cs.compilers.avrora.avrora.sim.clock.DeltaQueue.java[220:12,220:17]
    edu.ucla.cs.compilers.avrora.avrora.sim.clock.DeltaQueue.java[225:8,225:13]
    edu.ucla.cs.compilers.avrora.avrora.sim.clock.DeltaQueue.java[195:12,195:17]
    edu.ucla.cs.compilers.avrora.avrora.sim.clock.DeltaQueue.java[254:12,254:17]
    edu.ucla.cs.compilers.avrora.avrora.sim.clock.DeltaQueue.java[248:16,248:21]
    edu.ucla.cs.compilers.avrora.avrora.sim.clock.DeltaQueue.java[202:12,202:17]
    edu.ucla.cs.compilers.avrora.avrora.sim.clock.DeltaQueue.java[294:15,294:20]
    edu.ucla.cs.compilers.avrora.avrora.sim.clock.DeltaQueue.java[326:12,326:21]
    edu.ucla.cs.compilers.avrora.avrora.sim.clock.DeltaQueue.java[300:8,300:17]
    edu.ucla.cs.compilers.avrora.avrora.sim.clock.DeltaQueue.java[325:16,325:25]
    edu.ucla.cs.compilers.avrora.avrora.sim.clock.DeltaQueue.java[299:17,299:26]
    edu.ucla.cs.compilers.avrora.avrora.sim.clock.DeltaQueue.java[319:12,319:21]
    edu.ucla.cs.compilers.avrora.avrora.sim.util.TransactionalList.java[161:12,161:26]
    edu.ucla.cs.compilers.avrora.avrora.sim.util.TransactionalList.java[162:24,162:38]
    edu.ucla.cs.compilers.avrora.avrora.sim.util.TransactionalList.java[206:54,206:62]
    edu.ucla.cs.compilers.avrora.avrora.sim.clock.DeltaQueue.java[398:12,398:18]
    edu.ucla.cs.compilers.avrora.avrora.sim.clock.DeltaQueue.java[398:37,398:43]
    edu.ucla.cs.compilers.avrora.avrora.arch.legacy.LegacyInterpreter.java[235:8,235:9]
    edu.ucla.cs.compilers.avrora.avrora.arch.legacy.LegacyInterpreter.java[167:19,167:20]
    edu.ucla.cs.compilers.avrora.avrora.arch.legacy.LegacyInterpreter.java[276:8,276:9]
    edu.ucla.cs.compilers.avrora.avrora.arch.legacy.LegacyInterpreter.java[124:16,124:17]
    edu.ucla.cs.compilers.avrora.avrora.sim.RWRegister.java[79:8,79:13]
    edu.ucla.cs.compilers.avrora.avrora.sim.RWRegister.java[80:20,80:25]
    edu.ucla.cs.compilers.avrora.avrora.sim.RWRegister.java[78:19,78:24]
    edu.ucla.cs.compilers.avrora.avrora.sim.util.MulticastProbe.java[83:49,83:57]
    edu.ucla.cs.compilers.avrora.avrora.sim.util.TransactionalList.java[139:20,139:29]
    edu.ucla.cs.compilers.avrora.avrora.sim.util.TransactionalList.java[139:32,139:40]
    edu.ucla.cs.compilers.avrora.avrora.sim.util.TransactionalList.java[129:24,129:32]
    edu.ucla.cs.compilers.avrora.avrora.sim.util.TransactionalList.java[136:27,136:35]
    edu.ucla.cs.compilers.avrora.avrora.sim.util.MulticastProbe.java[64:49,64:57]
    edu.ucla.cs.compilers.avrora.avrora.sim.util.TransactionalList.java[103:12,103:21]
    edu.ucla.cs.compilers.avrora.avrora.sim.util.TransactionalList.java[104:19,104:28]
    edu.ucla.cs.compilers.avrora.avrora.sim.util.InterruptScheduler.java[131:16,131:27]
    edu.ucla.cs.compilers.avrora.avrora.sim.util.InterruptScheduler.java[120:58,120:69]
    edu.ucla.cs.compilers.avrora.avrora.sim.util.InterruptScheduler.java[127:38,127:49]
    edu.ucla.cs.compilers.avrora.avrora.sim.util.InterruptScheduler.java[113:38,113:49]
    edu.ucla.cs.compilers.avrora.avrora.sim.clock.DeltaQueue.java[345:12,345:26]
    edu.ucla.cs.compilers.avrora.avrora.sim.clock.DeltaQueue.java[352:16,352:30]
    edu.ucla.cs.compilers.avrora.avrora.sim.clock.DeltaQueue.java[353:12,353:26]
    edu.ucla.cs.compilers.avrora.avrora.sim.clock.DeltaQueue.java[226:8,226:12]
    edu.ucla.cs.compilers.avrora.avrora.sim.clock.DeltaQueue.java[192:12,192:16]
    edu.ucla.cs.compilers.avrora.avrora.sim.clock.DeltaQueue.java[106:19,106:23]
    edu.ucla.cs.compilers.avrora.avrora.sim.clock.DeltaQueue.java[100:12,100:16]
    edu.ucla.cs.compilers.avrora.avrora.sim.clock.DeltaQueue.java[237:23,237:27]
    edu.ucla.cs.compilers.avrora.avrora.sim.clock.DeltaQueue.java[217:12,217:16]
    edu.ucla.cs.compilers.avrora.avrora.sim.clock.DeltaQueue.java[224:17,224:21]
    edu.ucla.cs.compilers.avrora.avrora.sim.clock.DeltaQueue.java[135:12,135:16]
    edu.ucla.cs.compilers.avrora.avrora.sim.clock.DeltaQueue.java[257:12,257:16]
    edu.ucla.cs.compilers.avrora.avrora.sim.clock.DeltaQueue.java[98:12,98:16]
    edu.ucla.cs.compilers.avrora.avrora.sim.clock.DeltaQueue.java[234:15,234:19]
    edu.ucla.cs.compilers.avrora.avrora.arch.msp430.MSP430Interpreter.java[136:24,136:26]
    edu.ucla.cs.compilers.avrora.avrora.arch.msp430.MSP430Interpreter.java[160:8,160:10]
    edu.ucla.cs.compilers.avrora.avrora.arch.msp430.MSP430Interpreter.java[126:24,126:26]
    edu.ucla.cs.compilers.avrora.avrora.arch.msp430.MSP430State.java[89:15,89:17]
    edu.ucla.cs.compilers.avrora.avrora.sim.clock.DeltaQueue.java[424:33,424:39]
    edu.ucla.cs.compilers.avrora.avrora.sim.clock.DeltaQueue.java[302:12,302:20]
    edu.ucla.cs.compilers.avrora.avrora.sim.clock.DeltaQueue.java[304:17,304:25]
    edu.ucla.cs.compilers.avrora.avrora.sim.clock.DeltaQueue.java[305:12,305:20]
    edu.ucla.cs.compilers.avrora.avrora.sim.util.TransactionalList.java[98:12,98:16]
    edu.ucla.cs.compilers.avrora.avrora.sim.util.TransactionalList.java[136:20,136:24]
    edu.ucla.cs.compilers.avrora.avrora.sim.util.TransactionalList.java[100:12,100:16]
    edu.ucla.cs.compilers.avrora.avrora.sim.util.TransactionalList.java[176:15,176:19]
    edu.ucla.cs.compilers.avrora.avrora.sim.util.TransactionalList.java[126:19,126:23]
    edu.ucla.cs.compilers.avrora.avrora.sim.util.MulticastProbe.java[83:24,83:28]
    edu.ucla.cs.compilers.avrora.avrora.sim.util.MulticastProbe.java[64:24,64:28]
    edu.ucla.cs.compilers.avrora.avrora.sim.clock.DeltaQueue.java[337:8,337:14]
    edu.ucla.cs.compilers.avrora.avrora.sim.clock.DeltaQueue.java[111:18,111:26]
    edu.ucla.cs.compilers.avrora.avrora.sim.clock.DeltaQueue.java[133:12,133:21]
    edu.ucla.cs.compilers.avrora.avrora.sim.clock.DeltaQueue.java[326:24,326:38]
    edu.ucla.cs.compilers.avrora.avrora.sim.util.TransactionalList.java[92:12,92:19]
    edu.ucla.cs.compilers.avrora.avrora.sim.util.TransactionalList.java[189:8,189:15]
    edu.ucla.cs.compilers.avrora.avrora.sim.util.TransactionalList.java[119:12,119:19]
    edu.ucla.cs.compilers.avrora.avrora.sim.util.TransactionalList.java[200:8,200:15]
    edu.ucla.cs.compilers.avrora.avrora.sim.util.TransactionalList.java[201:12,201:19]
    edu.ucla.cs.compilers.avrora.avrora.sim.InterruptTable.java[101:8,101:15]
    edu.ucla.cs.compilers.avrora.avrora.sim.InterruptTable.java[231:15,231:22]
    edu.ucla.cs.compilers.avrora.avrora.sim.InterruptTable.java[70:8,70:15]
    edu.ucla.cs.compilers.avrora.avrora.sim.RWRegister.java[108:15,108:20]
    edu.ucla.cs.compilers.avrora.avrora.sim.mcu.USART.java[511:16,511:21]
    edu.ucla.cs.compilers.avrora.avrora.sim.mcu.USART.java[512:12,512:17]
    edu.ucla.cs.compilers.avrora.avrora.sim.mcu.USART.java[512:29,512:34]
    edu.ucla.cs.compilers.avrora.avrora.sim.RWRegister.java[116:8,116:13]
    edu.ucla.cs.compilers.avrora.avrora.sim.RWRegister.java[115:19,115:24]
    edu.ucla.cs.compilers.avrora.avrora.sim.InterruptTable.java[69:35,69:41]
    edu.ucla.cs.compilers.avrora.avrora.sim.InterruptTable.java[70:18,70:24]
    edu.ucla.cs.compilers.avrora.avrora.sim.InterruptTable.java[69:8,69:14]
    edu.ucla.cs.compilers.avrora.avrora.arch.legacy.LegacyInterpreter.java[104:17,104:19]
    edu.ucla.cs.compilers.avrora.avrora.arch.legacy.LegacyInterpreter.java[232:8,232:10]
    edu.ucla.cs.compilers.avrora.avrora.arch.legacy.LegacyInterpreter.java[103:8,103:10]
    edu.ucla.cs.compilers.avrora.avrora.sim.AtmelInterpreter.java[1108:19,1108:21]
    edu.ucla.cs.compilers.avrora.avrora.arch.legacy.LegacyInterpreter.java[150:17,150:19]
    edu.ucla.cs.compilers.avrora.avrora.sim.AtmelInterpreter.java[944:8,944:10]
    edu.ucla.cs.compilers.avrora.avrora.arch.legacy.LegacyInterpreter.java[273:8,273:10]
    edu.ucla.cs.compilers.avrora.avrora.sim.FiniteStateMachine.java[357:27,357:35]
    edu.ucla.cs.compilers.avrora.avrora.sim.FiniteStateMachine.java[365:44,365:52]
    edu.ucla.cs.compilers.avrora.avrora.sim.FiniteStateMachine.java[364:26,364:34]
    edu.ucla.cs.compilers.avrora.avrora.sim.FiniteStateMachine.java[359:65,359:73]
    edu.ucla.cs.compilers.avrora.avrora.sim.FiniteStateMachine.java[378:34,378:42]
    edu.ucla.cs.compilers.avrora.avrora.sim.FiniteStateMachine.java[370:27,370:35]
    edu.ucla.cs.compilers.avrora.avrora.sim.FiniteStateMachine.java[371:12,371:20]
    edu.ucla.cs.compilers.avrora.avrora.sim.FiniteStateMachine.java[349:12,349:20]
    edu.ucla.cs.compilers.avrora.avrora.sim.FiniteStateMachine.java[364:44,364:52]
    edu.ucla.cs.compilers.avrora.avrora.sim.FiniteStateMachine.java[363:32,363:40]
    edu.ucla.cs.compilers.avrora.avrora.sim.FiniteStateMachine.java[323:15,323:23]
    edu.ucla.cs.compilers.avrora.avrora.sim.AtmelInterpreter.java[914:8,914:21]
    edu.ucla.cs.compilers.avrora.avrora.sim.AtmelInterpreter.java[899:19,899:32]
    edu.ucla.cs.compilers.avrora.avrora.sim.AtmelInterpreter.java[915:8,915:21]
    edu.ucla.cs.compilers.avrora.avrora.sim.AtmelInterpreter.java[900:20,900:33]
    edu.ucla.cs.compilers.avrora.avrora.sim.mcu.ATMegaFamily.java[167:12,167:17]
    edu.ucla.cs.compilers.avrora.avrora.sim.mcu.ATMegaFamily.java[167:28,167:33]
    edu.ucla.cs.compilers.avrora.avrora.sim.FiniteStateMachine.java[353:22,353:41]
    edu.ucla.cs.compilers.avrora.avrora.sim.FiniteStateMachine.java[379:12,379:31]
    edu.ucla.cs.compilers.avrora.avrora.sim.clock.DeltaQueue.java[354:12,354:18]
    edu.ucla.cs.compilers.avrora.avrora.sim.clock.DeltaQueue.java[312:8,312:14]
    edu.ucla.cs.compilers.avrora.avrora.sim.clock.DeltaQueue.java[353:29,353:48]
    edu.ucla.cs.compilers.avrora.avrora.sim.clock.DeltaQueue.java[424:60,424:68]
    edu.ucla.cs.compilers.avrora.avrora.sim.clock.DeltaQueue.java[425:16,425:25]
    edu.ucla.cs.compilers.avrora.avrora.sim.clock.DeltaQueue.java[311:8,311:15]
    edu.ucla.cs.compilers.avrora.avrora.sim.clock.DeltaQueue.java[355:12,355:19]
    edu.ucla.cs.compilers.avrora.avrora.sim.mcu.USART.java[521:16,521:30]
    edu.ucla.cs.compilers.avrora.avrora.sim.mcu.USART.java[519:16,519:30]
    edu.ucla.cs.compilers.avrora.avrora.sim.mcu.USART.java[523:16,523:30]
    edu.ucla.cs.compilers.avrora.avrora.sim.mcu.USART.java[527:51,527:65]
    edu.ucla.cs.compilers.avrora.avrora.sim.clock.DeltaQueue.java[312:17,312:31]
    edu.ucla.cs.compilers.avrora.avrora.sim.clock.DeltaQueue.java[313:8,313:22]
    edu.ucla.cs.compilers.avrora.avrora.sim.clock.DeltaQueue.java[299:8,299:14]
    edu.ucla.cs.compilers.avrora.avrora.sim.clock.DeltaQueue.java[226:15,226:21]
    edu.ucla.cs.compilers.avrora.avrora.sim.clock.DeltaQueue.java[238:24,238:32]
    edu.ucla.cs.compilers.avrora.avrora.sim.AtmelInterpreter.java[374:8,374:19]
    edu.ucla.cs.compilers.avrora.avrora.arch.legacy.LegacyInterpreter.java[156:12,156:23]
    edu.ucla.cs.compilers.avrora.avrora.arch.legacy.LegacyInterpreter.java[113:16,113:27]
    edu.ucla.cs.compilers.avrora.avrora.arch.legacy.LegacyInterpreter.java[112:29,112:40]
    edu.ucla.cs.compilers.avrora.avrora.arch.legacy.LegacyInterpreter.java[153:12,153:23]
    edu.ucla.cs.compilers.avrora.avrora.arch.legacy.LegacyInterpreter.java[110:16,110:27]
    edu.ucla.cs.compilers.avrora.avrora.sim.AtmelInterpreter.java[170:8,170:17]
    edu.ucla.cs.compilers.avrora.avrora.arch.legacy.LegacyInterpreter.java[107:15,107:24]
    edu.ucla.cs.compilers.avrora.avrora.sim.platform.sensors.ReplaySensorData.java[84:8,84:22]
    edu.ucla.cs.compilers.avrora.avrora.sim.clock.DeltaQueue.java[334:12,334:22]
    edu.ucla.cs.compilers.avrora.avrora.sim.clock.DeltaQueue.java[199:12,199:22]
    edu.ucla.cs.compilers.avrora.avrora.sim.clock.DeltaQueue.java[241:25,241:34]
    edu.ucla.cs.compilers.avrora.avrora.sim.clock.DeltaQueue.java[327:12,327:19]
    edu.ucla.cs.compilers.avrora.avrora.sim.clock.DeltaQueue.java[203:12,203:22]
    edu.ucla.cs.compilers.avrora.avrora.sim.clock.DeltaQueue.java[249:16,249:25]
    edu.ucla.cs.compilers.avrora.avrora.sim.clock.DeltaQueue.java[225:17,225:24]
    edu.ucla.cs.compilers.avrora.avrora.sim.clock.DeltaQueue.java[118:29,118:38]
    edu.ucla.cs.compilers.avrora.avrora.sim.clock.DeltaQueue.java[107:39,107:48]
    edu.ucla.cs.compilers.avrora.avrora.sim.clock.DeltaQueue.java[109:22,109:31]
    edu.ucla.cs.compilers.avrora.avrora.sim.util.TransactionalList.java[100:19,100:23]
    edu.ucla.cs.compilers.avrora.avrora.sim.util.TransactionalList.java[104:12,104:16]
    edu.ucla.cs.compilers.avrora.avrora.sim.util.TransactionalList.java[142:20,142:24]
    edu.ucla.cs.compilers.avrora.avrora.sim.util.TransactionalList.java[141:27,141:31]
    edu.ucla.cs.compilers.avrora.avrora.sim.AtmelInterpreter.java[945:22,945:36]
    edu.ucla.cs.compilers.avrora.avrora.sim.AtmelInterpreter.java[946:8,946:22]
    edu.ucla.cs.compilers.avrora.avrora.arch.legacy.LegacyInterpreter.java[105:8,105:22]
    edu.ucla.cs.compilers.avrora.avrora.arch.legacy.LegacyInterpreter.java[211:21,211:35]
    edu.ucla.cs.compilers.avrora.avrora.arch.legacy.LegacyInterpreter.java[200:21,200:35]
    edu.ucla.cs.compilers.avrora.avrora.sim.AtmelInterpreter.java[359:8,359:22]
    edu.ucla.cs.compilers.avrora.avrora.sim.platform.ExternalFlash.java[781:12,781:20]
    edu.ucla.cs.compilers.avrora.avrora.sim.mcu.ATMegaFamily.java[129:16,129:21]
    edu.ucla.cs.compilers.avrora.avrora.sim.mcu.ATMegaFamily.java[136:16,136:21]
    edu.ucla.cs.compilers.avrora.avrora.sim.mcu.ATMegaFamily.java[136:42,136:47]
    edu.ucla.cs.compilers.avrora.avrora.sim.mcu.ATMegaFamily.java[129:42,129:47]
    edu.ucla.cs.compilers.avrora.avrora.sim.FiniteStateMachine.java[352:49,352:68]
    edu.ucla.cs.compilers.avrora.avrora.sim.FiniteStateMachine.java[378:12,378:31]
    edu.ucla.cs.compilers.avrora.avrora.sim.InterruptTable.java[68:8,68:29]
    edu.ucla.cs.compilers.avrora.avrora.arch.msp430.MSP430Interpreter.java[134:15,134:24]
    edu.ucla.cs.compilers.avrora.avrora.arch.msp430.MSP430Interpreter.java[247:8,247:17]
    edu.ucla.cs.compilers.avrora.avrora.arch.msp430.MSP430Interpreter.java[123:8,123:17]
    edu.ucla.cs.compilers.avrora.avrora.arch.msp430.MSP430Interpreter.java[133:8,133:17]
    edu.ucla.cs.compilers.avrora.avrora.arch.msp430.MSP430Interpreter.java[124:15,124:24]
    edu.ucla.cs.compilers.avrora.avrora.arch.legacy.LegacyInterpreter.java[2075:8,2075:16]
    edu.ucla.cs.compilers.avrora.avrora.arch.legacy.LegacyInterpreter.java[245:12,245:20]
    edu.ucla.cs.compilers.avrora.avrora.arch.legacy.LegacyInterpreter.java[242:12,242:20]
    edu.ucla.cs.compilers.avrora.avrora.arch.legacy.LegacyInterpreter.java[179:12,179:20]
    edu.ucla.cs.compilers.avrora.avrora.arch.legacy.LegacyInterpreter.java[134:16,134:24]
    edu.ucla.cs.compilers.avrora.avrora.arch.legacy.LegacyInterpreter.java[265:12,265:20]
    edu.ucla.cs.compilers.avrora.avrora.sim.util.TransactionalList.java[158:12,158:21]
    edu.ucla.cs.compilers.avrora.avrora.sim.util.TransactionalList.java[204:12,204:21]
    edu.ucla.cs.compilers.avrora.avrora.sim.util.TransactionalList.java[156:12,156:21]
    edu.ucla.cs.compilers.avrora.avrora.sim.util.TransactionalList.java[203:25,203:34]
    edu.ucla.cs.compilers.avrora.avrora.sim.AtmelInterpreter.java[373:8,373:17]
    edu.ucla.cs.compilers.avrora.avrora.arch.legacy.LegacyInterpreter.java[312:8,312:17]
    edu.ucla.cs.compilers.avrora.avrora.arch.legacy.LegacyInterpreter.java[298:15,298:24]
    edu.ucla.cs.compilers.avrora.avrora.arch.legacy.LegacyInterpreter.java[246:12,246:21]
    edu.ucla.cs.compilers.avrora.avrora.arch.legacy.LegacyInterpreter.java[288:15,288:24]
    edu.ucla.cs.compilers.avrora.avrora.arch.legacy.LegacyInterpreter.java[297:8,297:17]
    edu.ucla.cs.compilers.avrora.avrora.arch.legacy.LegacyInterpreter.java[287:8,287:17]
    edu.ucla.cs.compilers.avrora.avrora.arch.legacy.LegacyInterpreter.java[2076:8,2076:17]
    edu.ucla.cs.compilers.avrora.avrora.arch.legacy.LegacyInterpreter.java[313:15,313:24]
    edu.ucla.cs.compilers.avrora.avrora.arch.legacy.LegacyInterpreter.java[150:8,150:14]
    edu.ucla.cs.compilers.avrora.avrora.arch.legacy.LegacyInterpreter.java[317:41,317:47]
    edu.ucla.cs.compilers.avrora.avrora.arch.legacy.LegacyInterpreter.java[231:8,231:14]
    edu.ucla.cs.compilers.avrora.avrora.arch.legacy.LegacyInterpreter.java[104:8,104:14]
    edu.ucla.cs.compilers.avrora.avrora.arch.legacy.LegacyInterpreter.java[228:15,228:21]
    edu.ucla.cs.compilers.avrora.avrora.arch.legacy.LegacyInterpreter.java[206:41,206:47]
    edu.ucla.cs.compilers.avrora.avrora.arch.legacy.LegacyInterpreter.java[272:8,272:14]
    edu.ucla.cs.compilers.avrora.avrora.arch.legacy.LegacyInterpreter.java[205:24,205:30]
    edu.ucla.cs.compilers.avrora.avrora.sim.AtmelInterpreter.java[944:13,944:19]
    edu.ucla.cs.compilers.avrora.avrora.arch.legacy.LegacyInterpreter.java[300:41,300:47]
    edu.ucla.cs.compilers.avrora.avrora.arch.legacy.LegacyInterpreter.java[269:15,269:21]
    edu.ucla.cs.compilers.avrora.avrora.arch.legacy.LegacyInterpreter.java[316:24,316:30]
    edu.ucla.cs.compilers.avrora.avrora.arch.legacy.LegacyInterpreter.java[195:41,195:47]
    edu.ucla.cs.compilers.avrora.avrora.arch.legacy.LegacyInterpreter.java[232:13,232:19]
    edu.ucla.cs.compilers.avrora.avrora.arch.legacy.LegacyInterpreter.java[273:13,273:19]
    edu.ucla.cs.compilers.avrora.avrora.sim.util.TransactionalList.java[205:12,205:21]
    edu.ucla.cs.compilers.avrora.avrora.sim.util.TransactionalList.java[158:24,158:33]
    edu.ucla.cs.compilers.avrora.avrora.sim.util.TransactionalList.java[162:12,162:21]
    edu.ucla.cs.compilers.avrora.avrora.arch.msp430.MSP430Interpreter.java[152:8,152:20]
    edu.ucla.cs.compilers.avrora.avrora.arch.msp430.MSP430Interpreter.java[160:13,160:25]
    edu.ucla.cs.compilers.avrora.avrora.arch.msp430.MSP430Interpreter.java[153:8,153:14]
    edu.ucla.cs.compilers.avrora.avrora.arch.msp430.MSP430Interpreter.java[160:35,160:41]
    edu.ucla.cs.compilers.avrora.avrora.arch.legacy.LegacyInterpreter.java[166:12,166:35]
    edu.ucla.cs.compilers.avrora.avrora.arch.legacy.LegacyInterpreter.java[116:16,116:39]
    edu.ucla.cs.compilers.avrora.avrora.arch.legacy.LegacyInterpreter.java[161:12,161:35]
    edu.ucla.cs.compilers.avrora.avrora.sim.AtmelInterpreter.java[561:35,561:45]
    edu.ucla.cs.compilers.avrora.avrora.sim.AtmelInterpreter.java[562:17,562:27]
    edu.ucla.cs.compilers.avrora.avrora.sim.AtmelInterpreter.java[586:37,586:47]
    edu.ucla.cs.compilers.avrora.avrora.arch.msp430.MSP430Interpreter.java[233:8,233:17]
    edu.ucla.cs.compilers.avrora.avrora.arch.msp430.MSP430Interpreter.java[246:8,246:17]
    edu.ucla.cs.compilers.avrora.avrora.arch.msp430.MSP430Interpreter.java[112:15,112:24]
    edu.ucla.cs.compilers.avrora.avrora.sim.InterruptTable.java[100:35,100:41]
    edu.ucla.cs.compilers.avrora.avrora.sim.InterruptTable.java[100:8,100:14]
    edu.ucla.cs.compilers.avrora.avrora.sim.InterruptTable.java[101:18,101:24]
    edu.ucla.cs.compilers.avrora.avrora.sim.mcu.Timer8Bit.java[216:27,216:32]
================================================================================
