Duration: 147808 ms
abstract thread count: 4
abstract object count: 4654
statistics:
  numOfFiles: 494
  numOfClasses: 1855
  numOfMethods: 8995
    
  Precise 114/332
  Lenient 134/374

================================================================================
DATA RACE ANALYSIS FOR 'avrora':
  CLASS WITH MAIN METHOD: edu.ucla.cs.compilers.avrora.avrora.Main
  SAMPLING STRATEGY: LIMIT TO 3
  CONFLICT CONDITION: EXACT
  TIME: 147808ms
  DETECTED RACES: [62]
    edu.ucla.cs.compilers.avrora.avrora.stack.Analyzer.running
    edu.ucla.cs.compilers.avrora.avrora.stack.Analyzer.numElems
    edu.ucla.cs.compilers.avrora.avrora.stack.Analyzer.newRetCount
    edu.ucla.cs.compilers.avrora.avrora.stack.Analyzer.newEdgeCount
    edu.ucla.cs.compilers.avrora.avrora.stack.StateTransitionGraph.edgeCount
    edu.ucla.cs.compilers.avrora.avrora.stack.StateTransitionGraph.frontierCount
    edu.ucla.cs.compilers.avrora.avrora.stack.StateTransitionGraph.exploredCount
    edu.ucla.cs.compilers.avrora.avrora.stack.Analyzer.numSets
    edu.ucla.cs.compilers.avrora.avrora.sim.clock.DeltaQueue.count
    edu.ucla.cs.compilers.avrora.avrora.sim.radio.CC1000Radio.SerialConfigurationInterface.writeValue
    edu.ucla.cs.compilers.avrora.avrora.sim.platform.ExternalFlash.tick
    edu.ucla.cs.compilers.avrora.avrora.sim.platform.ExternalFlash.icPage
    edu.ucla.cs.compilers.avrora.avrora.sim.clock.DeltaQueue.head
    edu.ucla.cs.compilers.avrora.avrora.sim.clock.DeltaQueue.freeLinks
    edu.ucla.cs.compilers.avrora.avrora.sim.RWRegister.value
    edu.ucla.cs.compilers.avrora.avrora.sim.util.TransactionalList.head
    edu.ucla.cs.compilers.avrora.avrora.sim.FiniteStateMachine.TransitionEvent.newState
    edu.ucla.cs.compilers.avrora.avrora.sim.clock.DeltaQueue.freeEventLists
    edu.ucla.cs.compilers.avrora.avrora.sim.AtmelInterpreter.sleeping
    edu.ucla.cs.compilers.avrora.avrora.sim.mcu.AtmelMicrocontroller.INTPin.notification
    edu.ucla.cs.compilers.avrora.avrora.sim.platform.ExternalFlash.PD5Output.temp
    edu.ucla.cs.compilers.avrora.avrora.sim.util.TransactionalList.transHead
    edu.ucla.cs.compilers.avrora.avrora.sim.radio.CC1000Radio.SerialConfigurationInterface.bitsRead
    edu.ucla.cs.compilers.avrora.avrora.sim.AtmelInterpreter.I
    edu.ucla.cs.compilers.avrora.avrora.sim.InterruptTable.pending
    edu.ucla.cs.compilers.avrora.avrora.sim.Interpreter.innerLoop
    edu.ucla.cs.compilers.avrora.avrora.sim.radio.CC1000Radio.SerialConfigurationInterface.address
    edu.ucla.cs.compilers.avrora.avrora.sim.FiniteStateMachine.curState
    edu.ucla.cs.compilers.avrora.avrora.sim.FiniteStateMachine.TransitionEvent.oldState
    edu.ucla.cs.compilers.avrora.avrora.sim.mcu.DefaultMCU.pinPrinter
    edu.ucla.cs.compilers.avrora.avrora.sim.platform.ExternalFlash.dfTempByte
    edu.ucla.cs.compilers.avrora.avrora.sim.platform.ExternalFlash.dfByteOffset
    edu.ucla.cs.compilers.avrora.avrora.sim.state.Register.value
    edu.ucla.cs.compilers.avrora.avrora.sim.platform.ExternalFlash.dfOpcode
    edu.ucla.cs.compilers.avrora.avrora.sim.mcu.AtmelMicrocontroller.INTPin.oldValue
    edu.ucla.cs.compilers.avrora.avrora.sim.clock.DeltaQueue.Link.events
    edu.ucla.cs.compilers.avrora.avrora.sim.mcu.Timer8Bit.blockCompareMatch
    edu.ucla.cs.compilers.avrora.avrora.sim.platform.ExternalFlash.step
    edu.ucla.cs.compilers.avrora.avrora.sim.AtmelInterpreter.pc
    edu.ucla.cs.compilers.avrora.avrora.sim.platform.ExternalFlash.dfPageAddress
    edu.ucla.cs.compilers.avrora.avrora.sim.radio.CC1000Radio.SerialConfigurationInterface.PALEOutput.last
    edu.ucla.cs.compilers.avrora.avrora.sim.util.TransactionalList.nesting
    edu.ucla.cs.compilers.avrora.avrora.sim.radio.CC1000Radio.SerialConfigurationInterface.writeCommand
    edu.ucla.cs.compilers.avrora.avrora.sim.mcu.DefaultMCU.pinPrinterInit
    edu.ucla.cs.compilers.avrora.avrora.sim.platform.ExternalFlash.isReading
    edu.ucla.cs.compilers.avrora.avrora.sim.AtmelInterpreter.justActivatedInterrupts
    edu.ucla.cs.compilers.avrora.avrora.sim.AtmelInterpreter.cyclesConsumed
    edu.ucla.cs.compilers.avrora.avrora.sim.util.InterruptScheduler.currentLine
    edu.ucla.cs.compilers.avrora.avrora.sim.InterruptTable.posted
    edu.ucla.cs.compilers.avrora.avrora.sim.AtmelInterpreter.delayCycles
    edu.ucla.cs.compilers.avrora.avrora.sim.mcu.DefaultMCU.Pin.level
    edu.ucla.cs.compilers.avrora.avrora.sim.AtmelInterpreter.shouldRun
    edu.ucla.cs.compilers.avrora.avrora.sim.AtmelInterpreter.nextPC
    edu.ucla.cs.compilers.avrora.avrora.sim.InterruptTable.enabled
    edu.ucla.cs.compilers.avrora.avrora.sim.util.TransactionalList.transTail
    edu.ucla.cs.compilers.avrora.avrora.sim.platform.ExternalFlash.i
    edu.ucla.cs.compilers.avrora.avrora.sim.util.TransactionalList.tail
    array access
    array access
    array access
    array access
    array access
  INVOVLED STATEMENTS: [332]
    edu.ucla.cs.compilers.avrora.avrora.stack.Analyzer.java[170:12,170:19]
    edu.ucla.cs.compilers.avrora.avrora.stack.Analyzer.java[178:8,178:15]
    edu.ucla.cs.compilers.avrora.avrora.stack.Analyzer.java[248:25,248:41]
    edu.ucla.cs.compilers.avrora.avrora.stack.Analyzer.java[245:23,245:39]
    edu.ucla.cs.compilers.avrora.avrora.stack.Analyzer.java[290:8,290:16]
    edu.ucla.cs.compilers.avrora.avrora.stack.Analyzer.java[279:22,279:30]
    edu.ucla.cs.compilers.avrora.avrora.stack.Analyzer.java[366:12,366:23]
    edu.ucla.cs.compilers.avrora.avrora.stack.Analyzer.java[282:21,282:32]
    edu.ucla.cs.compilers.avrora.avrora.stack.Analyzer.java[549:8,549:20]
    edu.ucla.cs.compilers.avrora.avrora.stack.Analyzer.java[381:12,381:24]
    edu.ucla.cs.compilers.avrora.avrora.stack.Analyzer.java[283:21,283:33]
    edu.ucla.cs.compilers.avrora.avrora.stack.StateTransitionGraph.java[112:8,112:17]
    edu.ucla.cs.compilers.avrora.avrora.stack.StateTransitionGraph.java[220:15,220:24]
    edu.ucla.cs.compilers.avrora.avrora.stack.StateTransitionGraph.java[135:8,135:21]
    edu.ucla.cs.compilers.avrora.avrora.stack.StateTransitionGraph.java[216:15,216:28]
    edu.ucla.cs.compilers.avrora.avrora.stack.StateTransitionGraph.java[183:12,183:25]
    edu.ucla.cs.compilers.avrora.avrora.stack.StateTransitionGraph.java[224:15,224:28]
    edu.ucla.cs.compilers.avrora.avrora.stack.Analyzer.java[278:21,278:28]
    edu.ucla.cs.compilers.avrora.avrora.stack.Analyzer.java[291:8,291:15]
    edu.ucla.cs.compilers.avrora.avrora.sim.clock.DeltaQueue.java[294:15,294:20]
    edu.ucla.cs.compilers.avrora.avrora.sim.clock.DeltaQueue.java[270:8,270:13]
    edu.ucla.cs.compilers.avrora.avrora.sim.clock.DeltaQueue.java[225:8,225:13]
    edu.ucla.cs.compilers.avrora.avrora.sim.clock.DeltaQueue.java[254:12,254:17]
    edu.ucla.cs.compilers.avrora.avrora.sim.clock.DeltaQueue.java[248:16,248:21]
    edu.ucla.cs.compilers.avrora.avrora.sim.clock.DeltaQueue.java[195:12,195:17]
    edu.ucla.cs.compilers.avrora.avrora.sim.clock.DeltaQueue.java[220:12,220:17]
    edu.ucla.cs.compilers.avrora.avrora.sim.clock.DeltaQueue.java[202:12,202:17]
    edu.ucla.cs.compilers.avrora.avrora.sim.radio.CC1000Radio.java[1287:20,1287:30]
    edu.ucla.cs.compilers.avrora.avrora.sim.platform.ExternalFlash.java[465:20,465:24]
    edu.ucla.cs.compilers.avrora.avrora.sim.platform.ExternalFlash.java[533:20,533:24]
    edu.ucla.cs.compilers.avrora.avrora.sim.platform.ExternalFlash.java[467:24,467:28]
    edu.ucla.cs.compilers.avrora.avrora.sim.platform.ExternalFlash.java[492:36,492:42]
    edu.ucla.cs.compilers.avrora.avrora.sim.platform.ExternalFlash.java[493:40,493:46]
    edu.ucla.cs.compilers.avrora.avrora.sim.platform.ExternalFlash.java[495:40,495:46]
    edu.ucla.cs.compilers.avrora.avrora.sim.platform.ExternalFlash.java[499:48,499:54]
    edu.ucla.cs.compilers.avrora.avrora.sim.clock.DeltaQueue.java[226:8,226:12]
    edu.ucla.cs.compilers.avrora.avrora.sim.clock.DeltaQueue.java[135:12,135:16]
    edu.ucla.cs.compilers.avrora.avrora.sim.clock.DeltaQueue.java[98:12,98:16]
    edu.ucla.cs.compilers.avrora.avrora.sim.clock.DeltaQueue.java[237:23,237:27]
    edu.ucla.cs.compilers.avrora.avrora.sim.clock.DeltaQueue.java[217:12,217:16]
    edu.ucla.cs.compilers.avrora.avrora.sim.clock.DeltaQueue.java[100:12,100:16]
    edu.ucla.cs.compilers.avrora.avrora.sim.clock.DeltaQueue.java[224:17,224:21]
    edu.ucla.cs.compilers.avrora.avrora.sim.clock.DeltaQueue.java[257:12,257:16]
    edu.ucla.cs.compilers.avrora.avrora.sim.clock.DeltaQueue.java[234:15,234:19]
    edu.ucla.cs.compilers.avrora.avrora.sim.clock.DeltaQueue.java[106:19,106:23]
    edu.ucla.cs.compilers.avrora.avrora.sim.clock.DeltaQueue.java[192:12,192:16]
    edu.ucla.cs.compilers.avrora.avrora.sim.clock.DeltaQueue.java[319:12,319:21]
    edu.ucla.cs.compilers.avrora.avrora.sim.clock.DeltaQueue.java[326:12,326:21]
    edu.ucla.cs.compilers.avrora.avrora.sim.clock.DeltaQueue.java[300:8,300:17]
    edu.ucla.cs.compilers.avrora.avrora.sim.clock.DeltaQueue.java[299:17,299:26]
    edu.ucla.cs.compilers.avrora.avrora.sim.clock.DeltaQueue.java[325:16,325:25]
    edu.ucla.cs.compilers.avrora.avrora.sim.mcu.ATMegaFamily.java[222:12,222:17]
    edu.ucla.cs.compilers.avrora.avrora.sim.mcu.ATMegaFamily.java[167:12,167:17]
    edu.ucla.cs.compilers.avrora.avrora.sim.mcu.ATMegaFamily.java[187:12,187:17]
    edu.ucla.cs.compilers.avrora.avrora.sim.RWRegister.java[108:15,108:20]
    edu.ucla.cs.compilers.avrora.avrora.sim.mcu.ATMegaFamily.java[187:38,187:43]
    edu.ucla.cs.compilers.avrora.avrora.sim.mcu.ATMegaFamily.java[167:28,167:33]
    edu.ucla.cs.compilers.avrora.avrora.sim.util.TransactionalList.java[126:19,126:23]
    edu.ucla.cs.compilers.avrora.avrora.sim.util.TransactionalList.java[100:12,100:16]
    edu.ucla.cs.compilers.avrora.avrora.sim.util.MulticastProbe.java[64:24,64:28]
    edu.ucla.cs.compilers.avrora.avrora.sim.util.TransactionalList.java[176:15,176:19]
    edu.ucla.cs.compilers.avrora.avrora.sim.util.MulticastProbe.java[83:24,83:28]
    edu.ucla.cs.compilers.avrora.avrora.sim.util.TransactionalList.java[136:20,136:24]
    edu.ucla.cs.compilers.avrora.avrora.sim.util.TransactionalList.java[98:12,98:16]
    edu.ucla.cs.compilers.avrora.avrora.sim.FiniteStateMachine.java[379:12,379:31]
    edu.ucla.cs.compilers.avrora.avrora.sim.FiniteStateMachine.java[353:22,353:41]
    edu.ucla.cs.compilers.avrora.avrora.sim.AtmelInterpreter.java[561:35,561:45]
    edu.ucla.cs.compilers.avrora.avrora.sim.AtmelInterpreter.java[562:17,562:27]
    edu.ucla.cs.compilers.avrora.avrora.sim.AtmelInterpreter.java[586:37,586:47]
    edu.ucla.cs.compilers.avrora.avrora.sim.clock.DeltaQueue.java[353:12,353:26]
    edu.ucla.cs.compilers.avrora.avrora.sim.clock.DeltaQueue.java[313:8,313:22]
    edu.ucla.cs.compilers.avrora.avrora.sim.clock.DeltaQueue.java[352:16,352:30]
    edu.ucla.cs.compilers.avrora.avrora.sim.clock.DeltaQueue.java[345:12,345:26]
    edu.ucla.cs.compilers.avrora.avrora.sim.clock.DeltaQueue.java[312:17,312:31]
    edu.ucla.cs.compilers.avrora.avrora.arch.legacy.LegacyInterpreter.java[2075:8,2075:16]
    edu.ucla.cs.compilers.avrora.avrora.arch.legacy.LegacyInterpreter.java[134:16,134:24]
    edu.ucla.cs.compilers.avrora.avrora.arch.legacy.LegacyInterpreter.java[265:12,265:20]
    edu.ucla.cs.compilers.avrora.avrora.arch.legacy.LegacyInterpreter.java[245:12,245:20]
    edu.ucla.cs.compilers.avrora.avrora.arch.legacy.LegacyInterpreter.java[179:12,179:20]
    edu.ucla.cs.compilers.avrora.avrora.arch.legacy.LegacyInterpreter.java[242:12,242:20]
    edu.ucla.cs.compilers.avrora.avrora.sim.mcu.AtmelMicrocontroller.java[365:24,365:36]
    edu.ucla.cs.compilers.avrora.avrora.sim.mcu.AtmelMicrocontroller.java[364:43,364:55]
    edu.ucla.cs.compilers.avrora.avrora.sim.mcu.AtmelMicrocontroller.java[366:59,366:71]
    edu.ucla.cs.compilers.avrora.avrora.sim.platform.ExternalFlash.java[567:16,567:20]
    edu.ucla.cs.compilers.avrora.avrora.sim.platform.ExternalFlash.java[563:16,563:20]
    edu.ucla.cs.compilers.avrora.avrora.sim.platform.ExternalFlash.java[485:42,485:46]
    edu.ucla.cs.compilers.avrora.avrora.sim.platform.ExternalFlash.java[551:16,551:20]
    edu.ucla.cs.compilers.avrora.avrora.sim.platform.ExternalFlash.java[557:16,557:20]
    edu.ucla.cs.compilers.avrora.avrora.sim.platform.ExternalFlash.java[571:25,571:29]
    edu.ucla.cs.compilers.avrora.avrora.sim.util.TransactionalList.java[156:12,156:21]
    edu.ucla.cs.compilers.avrora.avrora.sim.util.TransactionalList.java[204:12,204:21]
    edu.ucla.cs.compilers.avrora.avrora.sim.util.TransactionalList.java[203:25,203:34]
    edu.ucla.cs.compilers.avrora.avrora.sim.util.TransactionalList.java[158:12,158:21]
    edu.ucla.cs.compilers.avrora.avrora.sim.radio.CC1000Radio.java[1294:42,1294:50]
    edu.ucla.cs.compilers.avrora.avrora.sim.radio.CC1000Radio.java[1282:42,1282:50]
    edu.ucla.cs.compilers.avrora.avrora.sim.radio.CC1000Radio.java[1284:20,1284:28]
    edu.ucla.cs.compilers.avrora.avrora.sim.radio.CC1000Radio.java[1296:20,1296:28]
    edu.ucla.cs.compilers.avrora.avrora.sim.radio.CC1000Radio.java[1290:24,1290:32]
    edu.ucla.cs.compilers.avrora.avrora.sim.radio.CC1000Radio.java[1223:64,1223:72]
    edu.ucla.cs.compilers.avrora.avrora.sim.radio.CC1000Radio.java[1278:24,1278:32]
    edu.ucla.cs.compilers.avrora.avrora.arch.legacy.LegacyInterpreter.java[124:16,124:17]
    edu.ucla.cs.compilers.avrora.avrora.arch.legacy.LegacyInterpreter.java[276:8,276:9]
    edu.ucla.cs.compilers.avrora.avrora.arch.legacy.LegacyInterpreter.java[167:19,167:20]
    edu.ucla.cs.compilers.avrora.avrora.arch.legacy.LegacyInterpreter.java[235:8,235:9]
    edu.ucla.cs.compilers.avrora.avrora.sim.InterruptTable.java[101:8,101:15]
    edu.ucla.cs.compilers.avrora.avrora.sim.InterruptTable.java[117:8,117:15]
    edu.ucla.cs.compilers.avrora.avrora.sim.InterruptTable.java[231:15,231:22]
    edu.ucla.cs.compilers.avrora.avrora.sim.InterruptTable.java[70:8,70:15]
    edu.ucla.cs.compilers.avrora.avrora.sim.InterruptTable.java[133:8,133:15]
    edu.ucla.cs.compilers.avrora.avrora.sim.platform.ExternalFlash.java[166:8,166:36]
    edu.ucla.cs.compilers.avrora.avrora.sim.platform.ExternalFlash.java[161:15,161:43]
    edu.ucla.cs.compilers.avrora.avrora.sim.platform.ExternalFlash.java[247:16,247:30]
    edu.ucla.cs.compilers.avrora.avrora.sim.platform.ExternalFlash.java[243:38,243:52]
    edu.ucla.cs.compilers.avrora.avrora.sim.mcu.Timer8Bit.java[168:12,168:17]
    edu.ucla.cs.compilers.avrora.avrora.arch.legacy.LegacyInterpreter.java[287:8,287:17]
    edu.ucla.cs.compilers.avrora.avrora.arch.legacy.LegacyInterpreter.java[313:15,313:24]
    edu.ucla.cs.compilers.avrora.avrora.sim.InterruptTable.java[68:8,68:29]
    edu.ucla.cs.compilers.avrora.avrora.arch.legacy.LegacyInterpreter.java[312:8,312:17]
    edu.ucla.cs.compilers.avrora.avrora.arch.legacy.LegacyInterpreter.java[297:8,297:17]
    edu.ucla.cs.compilers.avrora.avrora.sim.AtmelInterpreter.java[231:12,231:21]
    edu.ucla.cs.compilers.avrora.avrora.arch.legacy.LegacyInterpreter.java[288:15,288:24]
    edu.ucla.cs.compilers.avrora.avrora.sim.AtmelInterpreter.java[373:8,373:17]
    edu.ucla.cs.compilers.avrora.avrora.arch.legacy.LegacyInterpreter.java[246:12,246:21]
    edu.ucla.cs.compilers.avrora.avrora.arch.legacy.LegacyInterpreter.java[298:15,298:24]
    edu.ucla.cs.compilers.avrora.avrora.arch.legacy.LegacyInterpreter.java[2076:8,2076:17]
    edu.ucla.cs.compilers.avrora.avrora.sim.radio.CC1000Radio.java[1285:20,1285:27]
    edu.ucla.cs.compilers.avrora.avrora.sim.RWRegister.java[78:19,78:24]
    edu.ucla.cs.compilers.avrora.avrora.sim.RWRegister.java[79:8,79:13]
    edu.ucla.cs.compilers.avrora.avrora.sim.RWRegister.java[80:20,80:25]
    edu.ucla.cs.compilers.avrora.avrora.sim.FiniteStateMachine.java[121:12,121:20]
    edu.ucla.cs.compilers.avrora.avrora.sim.FiniteStateMachine.java[124:47,124:55]
    edu.ucla.cs.compilers.avrora.avrora.sim.FiniteStateMachine.java[123:47,123:55]
    edu.ucla.cs.compilers.avrora.avrora.sim.FiniteStateMachine.java[125:35,125:43]
    edu.ucla.cs.compilers.avrora.avrora.sim.FiniteStateMachine.java[378:12,378:31]
    edu.ucla.cs.compilers.avrora.avrora.sim.FiniteStateMachine.java[352:49,352:68]
    edu.ucla.cs.compilers.avrora.avrora.sim.FiniteStateMachine.java[123:29,123:37]
    edu.ucla.cs.compilers.avrora.avrora.sim.mcu.DefaultMCU.java[260:16,260:26]
    edu.ucla.cs.compilers.avrora.avrora.sim.mcu.DefaultMCU.java[264:16,264:26]
    edu.ucla.cs.compilers.avrora.avrora.sim.mcu.DefaultMCU.java[261:16,261:26]
    edu.ucla.cs.compilers.avrora.avrora.sim.mcu.DefaultMCU.java[259:16,259:26]
    edu.ucla.cs.compilers.avrora.avrora.sim.platform.ExternalFlash.java[602:51,602:61]
    edu.ucla.cs.compilers.avrora.avrora.sim.platform.ExternalFlash.java[519:32,519:42]
    edu.ucla.cs.compilers.avrora.avrora.sim.platform.ExternalFlash.java[607:32,607:42]
    edu.ucla.cs.compilers.avrora.avrora.sim.platform.ExternalFlash.java[689:26,689:36]
    edu.ucla.cs.compilers.avrora.avrora.sim.platform.ExternalFlash.java[510:28,510:38]
    edu.ucla.cs.compilers.avrora.avrora.sim.platform.ExternalFlash.java[729:26,729:36]
    edu.ucla.cs.compilers.avrora.avrora.sim.platform.ExternalFlash.java[687:49,687:59]
    edu.ucla.cs.compilers.avrora.avrora.sim.platform.ExternalFlash.java[681:26,681:36]
    edu.ucla.cs.compilers.avrora.avrora.sim.platform.ExternalFlash.java[727:49,727:59]
    edu.ucla.cs.compilers.avrora.avrora.sim.platform.ExternalFlash.java[582:27,582:37]
    edu.ucla.cs.compilers.avrora.avrora.sim.platform.ExternalFlash.java[736:49,736:59]
    edu.ucla.cs.compilers.avrora.avrora.sim.platform.ExternalFlash.java[599:33,599:43]
    edu.ucla.cs.compilers.avrora.avrora.sim.platform.ExternalFlash.java[601:31,601:41]
    edu.ucla.cs.compilers.avrora.avrora.sim.platform.ExternalFlash.java[679:49,679:59]
    edu.ucla.cs.compilers.avrora.avrora.sim.platform.ExternalFlash.java[738:26,738:36]
    edu.ucla.cs.compilers.avrora.avrora.sim.platform.ExternalFlash.java[594:51,594:61]
    edu.ucla.cs.compilers.avrora.avrora.sim.platform.ExternalFlash.java[593:32,593:42]
    edu.ucla.cs.compilers.avrora.avrora.sim.platform.ExternalFlash.java[608:51,608:63]
    edu.ucla.cs.compilers.avrora.avrora.sim.platform.ExternalFlash.java[730:16,730:28]
    edu.ucla.cs.compilers.avrora.avrora.sim.platform.ExternalFlash.java[607:16,607:28]
    edu.ucla.cs.compilers.avrora.avrora.sim.platform.ExternalFlash.java[682:16,682:28]
    edu.ucla.cs.compilers.avrora.avrora.sim.platform.ExternalFlash.java[626:16,626:28]
    edu.ucla.cs.compilers.avrora.avrora.sim.platform.ExternalFlash.java[739:16,739:28]
    edu.ucla.cs.compilers.avrora.avrora.sim.platform.ExternalFlash.java[488:47,488:59]
    edu.ucla.cs.compilers.avrora.avrora.sim.platform.ExternalFlash.java[728:57,728:69]
    edu.ucla.cs.compilers.avrora.avrora.sim.platform.ExternalFlash.java[498:32,498:44]
    edu.ucla.cs.compilers.avrora.avrora.sim.platform.ExternalFlash.java[557:34,557:46]
    edu.ucla.cs.compilers.avrora.avrora.sim.platform.ExternalFlash.java[737:57,737:69]
    edu.ucla.cs.compilers.avrora.avrora.sim.platform.ExternalFlash.java[601:16,601:28]
    edu.ucla.cs.compilers.avrora.avrora.sim.platform.ExternalFlash.java[688:57,688:69]
    edu.ucla.cs.compilers.avrora.avrora.sim.platform.ExternalFlash.java[687:27,687:39]
    edu.ucla.cs.compilers.avrora.avrora.sim.platform.ExternalFlash.java[624:16,624:28]
    edu.ucla.cs.compilers.avrora.avrora.sim.platform.ExternalFlash.java[551:34,551:46]
    edu.ucla.cs.compilers.avrora.avrora.sim.platform.ExternalFlash.java[567:54,567:66]
    edu.ucla.cs.compilers.avrora.avrora.sim.platform.ExternalFlash.java[680:57,680:69]
    edu.ucla.cs.compilers.avrora.avrora.sim.platform.ExternalFlash.java[679:27,679:39]
    edu.ucla.cs.compilers.avrora.avrora.sim.platform.ExternalFlash.java[736:27,736:39]
    edu.ucla.cs.compilers.avrora.avrora.sim.platform.ExternalFlash.java[690:16,690:28]
    edu.ucla.cs.compilers.avrora.avrora.sim.platform.ExternalFlash.java[727:27,727:39]
    edu.ucla.cs.compilers.avrora.avrora.sim.InterruptTable.java[168:25,168:37]
    edu.ucla.cs.compilers.avrora.avrora.sim.InterruptTable.java[207:15,207:27]
    edu.ucla.cs.compilers.avrora.avrora.sim.InterruptTable.java[87:25,87:37]
    edu.ucla.cs.compilers.avrora.avrora.sim.InterruptTable.java[196:8,196:20]
    edu.ucla.cs.compilers.avrora.avrora.sim.state.Register.java[168:23,168:28]
    edu.ucla.cs.compilers.avrora.avrora.sim.state.Register.java[166:21,166:26]
    edu.ucla.cs.compilers.avrora.avrora.sim.state.Register.java[150:15,150:20]
    edu.ucla.cs.compilers.avrora.avrora.sim.state.Register.java[167:8,167:13]
    edu.ucla.cs.compilers.avrora.avrora.sim.FiniteStateMachine.java[364:44,364:52]
    edu.ucla.cs.compilers.avrora.avrora.sim.FiniteStateMachine.java[359:65,359:73]
    edu.ucla.cs.compilers.avrora.avrora.sim.FiniteStateMachine.java[349:12,349:20]
    edu.ucla.cs.compilers.avrora.avrora.sim.FiniteStateMachine.java[363:32,363:40]
    edu.ucla.cs.compilers.avrora.avrora.sim.FiniteStateMachine.java[370:27,370:35]
    edu.ucla.cs.compilers.avrora.avrora.sim.FiniteStateMachine.java[371:12,371:20]
    edu.ucla.cs.compilers.avrora.avrora.sim.FiniteStateMachine.java[364:26,364:34]
    edu.ucla.cs.compilers.avrora.avrora.sim.FiniteStateMachine.java[357:27,357:35]
    edu.ucla.cs.compilers.avrora.avrora.sim.FiniteStateMachine.java[378:34,378:42]
    edu.ucla.cs.compilers.avrora.avrora.sim.FiniteStateMachine.java[365:44,365:52]
    edu.ucla.cs.compilers.avrora.avrora.sim.platform.ExternalFlash.java[186:8,186:36]
    edu.ucla.cs.compilers.avrora.avrora.sim.platform.ExternalFlash.java[181:15,181:43]
    edu.ucla.cs.compilers.avrora.avrora.sim.mcu.DefaultMCU.java[306:16,306:26]
    edu.ucla.cs.compilers.avrora.avrora.sim.mcu.DefaultMCU.java[303:16,303:26]
    edu.ucla.cs.compilers.avrora.avrora.sim.mcu.DefaultMCU.java[300:16,300:26]
    edu.ucla.cs.compilers.avrora.avrora.sim.platform.ExternalFlash.java[585:40,585:48]
    edu.ucla.cs.compilers.avrora.avrora.sim.platform.ExternalFlash.java[541:20,541:28]
    edu.ucla.cs.compilers.avrora.avrora.sim.platform.ExternalFlash.java[583:43,583:51]
    edu.ucla.cs.compilers.avrora.avrora.sim.platform.ExternalFlash.java[585:20,585:28]
    edu.ucla.cs.compilers.avrora.avrora.sim.platform.ExternalFlash.java[582:16,582:24]
    edu.ucla.cs.compilers.avrora.avrora.sim.platform.ExternalFlash.java[628:20,628:28]
    edu.ucla.cs.compilers.avrora.avrora.sim.FiniteStateMachine.java[124:57,124:65]
    edu.ucla.cs.compilers.avrora.avrora.sim.FiniteStateMachine.java[124:29,124:37]
    edu.ucla.cs.compilers.avrora.avrora.sim.FiniteStateMachine.java[125:45,125:53]
    edu.ucla.cs.compilers.avrora.avrora.sim.FiniteStateMachine.java[123:57,123:65]
    edu.ucla.cs.compilers.avrora.avrora.sim.FiniteStateMachine.java[121:23,121:31]
    edu.ucla.cs.compilers.avrora.avrora.sim.mcu.AtmelMicrocontroller.java[359:34,359:42]
    edu.ucla.cs.compilers.avrora.avrora.sim.mcu.AtmelMicrocontroller.java[376:12,376:20]
    edu.ucla.cs.compilers.avrora.avrora.sim.clock.DeltaQueue.java[424:33,424:39]
    edu.ucla.cs.compilers.avrora.avrora.sim.clock.DeltaQueue.java[398:12,398:18]
    edu.ucla.cs.compilers.avrora.avrora.sim.clock.DeltaQueue.java[398:37,398:43]
    edu.ucla.cs.compilers.avrora.avrora.sim.mcu.Timer8Bit.java[169:12,169:29]
    edu.ucla.cs.compilers.avrora.avrora.sim.platform.ExternalFlash.java[517:32,517:36]
    edu.ucla.cs.compilers.avrora.avrora.sim.platform.ExternalFlash.java[578:20,578:24]
    edu.ucla.cs.compilers.avrora.avrora.sim.platform.ExternalFlash.java[646:20,646:24]
    edu.ucla.cs.compilers.avrora.avrora.sim.platform.ExternalFlash.java[656:20,656:24]
    edu.ucla.cs.compilers.avrora.avrora.sim.platform.ExternalFlash.java[522:36,522:40]
    edu.ucla.cs.compilers.avrora.avrora.sim.platform.ExternalFlash.java[665:20,665:24]
    edu.ucla.cs.compilers.avrora.avrora.sim.platform.ExternalFlash.java[613:20,613:24]
    edu.ucla.cs.compilers.avrora.avrora.sim.platform.ExternalFlash.java[636:20,636:24]
    edu.ucla.cs.compilers.avrora.avrora.arch.legacy.LegacyInterpreter.java[150:17,150:19]
    edu.ucla.cs.compilers.avrora.avrora.arch.legacy.LegacyInterpreter.java[104:17,104:19]
    edu.ucla.cs.compilers.avrora.avrora.arch.legacy.LegacyInterpreter.java[232:8,232:10]
    edu.ucla.cs.compilers.avrora.avrora.sim.AtmelInterpreter.java[944:8,944:10]
    edu.ucla.cs.compilers.avrora.avrora.arch.legacy.LegacyInterpreter.java[103:8,103:10]
    edu.ucla.cs.compilers.avrora.avrora.sim.AtmelInterpreter.java[1108:19,1108:21]
    edu.ucla.cs.compilers.avrora.avrora.arch.legacy.LegacyInterpreter.java[273:8,273:10]
    edu.ucla.cs.compilers.avrora.avrora.sim.platform.ExternalFlash.java[720:16,720:29]
    edu.ucla.cs.compilers.avrora.avrora.sim.platform.ExternalFlash.java[599:16,599:29]
    edu.ucla.cs.compilers.avrora.avrora.sim.platform.ExternalFlash.java[593:16,593:29]
    edu.ucla.cs.compilers.avrora.avrora.sim.platform.ExternalFlash.java[492:45,492:58]
    edu.ucla.cs.compilers.avrora.avrora.sim.platform.ExternalFlash.java[499:32,499:45]
    edu.ucla.cs.compilers.avrora.avrora.sim.platform.ExternalFlash.java[567:39,567:52]
    edu.ucla.cs.compilers.avrora.avrora.sim.radio.CC1000Radio.java[1302:16,1302:20]
    edu.ucla.cs.compilers.avrora.avrora.sim.radio.CC1000Radio.java[1274:29,1274:33]
    edu.ucla.cs.compilers.avrora.avrora.sim.mcu.ATMegaFamily.java[286:12,286:17]
    edu.ucla.cs.compilers.avrora.avrora.sim.FiniteStateMachine.java[323:15,323:23]
    edu.ucla.cs.compilers.avrora.avrora.sim.RWRegister.java[116:8,116:13]
    edu.ucla.cs.compilers.avrora.avrora.sim.RWRegister.java[115:19,115:24]
    edu.ucla.cs.compilers.avrora.avrora.sim.mcu.Timer8Bit.java[216:27,216:32]
    edu.ucla.cs.compilers.avrora.avrora.sim.util.TransactionalList.java[92:12,92:19]
    edu.ucla.cs.compilers.avrora.avrora.sim.util.TransactionalList.java[189:8,189:15]
    edu.ucla.cs.compilers.avrora.avrora.sim.util.TransactionalList.java[201:12,201:19]
    edu.ucla.cs.compilers.avrora.avrora.sim.util.TransactionalList.java[119:12,119:19]
    edu.ucla.cs.compilers.avrora.avrora.sim.util.TransactionalList.java[200:8,200:15]
    edu.ucla.cs.compilers.avrora.avrora.sim.radio.CC1000Radio.java[1299:25,1299:37]
    edu.ucla.cs.compilers.avrora.avrora.sim.radio.CC1000Radio.java[1286:20,1286:32]
    edu.ucla.cs.compilers.avrora.avrora.sim.mcu.DefaultMCU.java[301:16,301:30]
    edu.ucla.cs.compilers.avrora.avrora.sim.mcu.DefaultMCU.java[298:16,298:30]
    edu.ucla.cs.compilers.avrora.avrora.sim.platform.ExternalFlash.java[471:28,471:37]
    edu.ucla.cs.compilers.avrora.avrora.sim.platform.ExternalFlash.java[507:29,507:38]
    edu.ucla.cs.compilers.avrora.avrora.sim.platform.ExternalFlash.java[658:20,658:29]
    edu.ucla.cs.compilers.avrora.avrora.sim.platform.ExternalFlash.java[648:20,648:29]
    edu.ucla.cs.compilers.avrora.avrora.sim.platform.ExternalFlash.java[667:20,667:29]
    edu.ucla.cs.compilers.avrora.avrora.sim.platform.ExternalFlash.java[587:20,587:29]
    edu.ucla.cs.compilers.avrora.avrora.sim.platform.ExternalFlash.java[638:20,638:29]
    edu.ucla.cs.compilers.avrora.avrora.arch.legacy.LegacyInterpreter.java[116:16,116:39]
    edu.ucla.cs.compilers.avrora.avrora.arch.legacy.LegacyInterpreter.java[161:12,161:35]
    edu.ucla.cs.compilers.avrora.avrora.arch.legacy.LegacyInterpreter.java[166:12,166:35]
    edu.ucla.cs.compilers.avrora.avrora.arch.legacy.LegacyInterpreter.java[200:21,200:35]
    edu.ucla.cs.compilers.avrora.avrora.sim.AtmelInterpreter.java[946:8,946:22]
    edu.ucla.cs.compilers.avrora.avrora.sim.AtmelInterpreter.java[945:22,945:36]
    edu.ucla.cs.compilers.avrora.avrora.arch.legacy.LegacyInterpreter.java[211:21,211:35]
    edu.ucla.cs.compilers.avrora.avrora.arch.legacy.LegacyInterpreter.java[105:8,105:22]
    edu.ucla.cs.compilers.avrora.avrora.sim.AtmelInterpreter.java[359:8,359:22]
    edu.ucla.cs.compilers.avrora.avrora.sim.util.InterruptScheduler.java[113:38,113:49]
    edu.ucla.cs.compilers.avrora.avrora.sim.util.InterruptScheduler.java[120:58,120:69]
    edu.ucla.cs.compilers.avrora.avrora.sim.util.InterruptScheduler.java[131:16,131:27]
    edu.ucla.cs.compilers.avrora.avrora.sim.util.InterruptScheduler.java[127:38,127:49]
    edu.ucla.cs.compilers.avrora.avrora.sim.InterruptTable.java[69:8,69:14]
    edu.ucla.cs.compilers.avrora.avrora.sim.InterruptTable.java[100:8,100:14]
    edu.ucla.cs.compilers.avrora.avrora.sim.InterruptTable.java[101:18,101:24]
    edu.ucla.cs.compilers.avrora.avrora.sim.InterruptTable.java[133:18,133:24]
    edu.ucla.cs.compilers.avrora.avrora.sim.InterruptTable.java[100:35,100:41]
    edu.ucla.cs.compilers.avrora.avrora.sim.InterruptTable.java[69:35,69:41]
    edu.ucla.cs.compilers.avrora.avrora.sim.InterruptTable.java[70:18,70:24]
    edu.ucla.cs.compilers.avrora.avrora.sim.InterruptTable.java[117:18,117:24]
    edu.ucla.cs.compilers.avrora.avrora.arch.legacy.LegacyInterpreter.java[112:29,112:40]
    edu.ucla.cs.compilers.avrora.avrora.arch.legacy.LegacyInterpreter.java[110:16,110:27]
    edu.ucla.cs.compilers.avrora.avrora.arch.legacy.LegacyInterpreter.java[153:12,153:23]
    edu.ucla.cs.compilers.avrora.avrora.sim.AtmelInterpreter.java[374:8,374:19]
    edu.ucla.cs.compilers.avrora.avrora.arch.legacy.LegacyInterpreter.java[113:16,113:27]
    edu.ucla.cs.compilers.avrora.avrora.arch.legacy.LegacyInterpreter.java[156:12,156:23]
    edu.ucla.cs.compilers.avrora.avrora.sim.mcu.DefaultMCU.java[288:12,288:17]
    edu.ucla.cs.compilers.avrora.avrora.sim.mcu.DefaultMCU.java[249:25,249:30]
    edu.ucla.cs.compilers.avrora.avrora.sim.AtmelInterpreter.java[170:8,170:17]
    edu.ucla.cs.compilers.avrora.avrora.arch.legacy.LegacyInterpreter.java[107:15,107:24]
    edu.ucla.cs.compilers.avrora.avrora.arch.legacy.LegacyInterpreter.java[104:8,104:14]
    edu.ucla.cs.compilers.avrora.avrora.arch.legacy.LegacyInterpreter.java[231:8,231:14]
    edu.ucla.cs.compilers.avrora.avrora.arch.legacy.LegacyInterpreter.java[206:41,206:47]
    edu.ucla.cs.compilers.avrora.avrora.arch.legacy.LegacyInterpreter.java[205:24,205:30]
    edu.ucla.cs.compilers.avrora.avrora.arch.legacy.LegacyInterpreter.java[272:8,272:14]
    edu.ucla.cs.compilers.avrora.avrora.arch.legacy.LegacyInterpreter.java[316:24,316:30]
    edu.ucla.cs.compilers.avrora.avrora.arch.legacy.LegacyInterpreter.java[228:15,228:21]
    edu.ucla.cs.compilers.avrora.avrora.arch.legacy.LegacyInterpreter.java[195:41,195:47]
    edu.ucla.cs.compilers.avrora.avrora.arch.legacy.LegacyInterpreter.java[269:15,269:21]
    edu.ucla.cs.compilers.avrora.avrora.arch.legacy.LegacyInterpreter.java[300:41,300:47]
    edu.ucla.cs.compilers.avrora.avrora.arch.legacy.LegacyInterpreter.java[317:41,317:47]
    edu.ucla.cs.compilers.avrora.avrora.arch.legacy.LegacyInterpreter.java[150:8,150:14]
    edu.ucla.cs.compilers.avrora.avrora.sim.AtmelInterpreter.java[944:13,944:19]
    edu.ucla.cs.compilers.avrora.avrora.arch.legacy.LegacyInterpreter.java[273:13,273:19]
    edu.ucla.cs.compilers.avrora.avrora.arch.legacy.LegacyInterpreter.java[232:13,232:19]
    edu.ucla.cs.compilers.avrora.avrora.sim.InterruptTable.java[116:36,116:43]
    edu.ucla.cs.compilers.avrora.avrora.sim.InterruptTable.java[70:27,70:34]
    edu.ucla.cs.compilers.avrora.avrora.sim.InterruptTable.java[116:8,116:15]
    edu.ucla.cs.compilers.avrora.avrora.sim.InterruptTable.java[133:27,133:34]
    edu.ucla.cs.compilers.avrora.avrora.sim.InterruptTable.java[101:27,101:34]
    edu.ucla.cs.compilers.avrora.avrora.sim.InterruptTable.java[132:36,132:43]
    edu.ucla.cs.compilers.avrora.avrora.sim.InterruptTable.java[132:8,132:15]
    edu.ucla.cs.compilers.avrora.avrora.sim.InterruptTable.java[117:27,117:34]
    edu.ucla.cs.compilers.avrora.avrora.sim.util.TransactionalList.java[205:12,205:21]
    edu.ucla.cs.compilers.avrora.avrora.sim.util.TransactionalList.java[162:12,162:21]
    edu.ucla.cs.compilers.avrora.avrora.sim.util.TransactionalList.java[158:24,158:33]
    edu.ucla.cs.compilers.avrora.avrora.sim.platform.ExternalFlash.java[480:28,480:29]
    edu.ucla.cs.compilers.avrora.avrora.sim.platform.ExternalFlash.java[482:32,482:33]
    edu.ucla.cs.compilers.avrora.avrora.sim.platform.ExternalFlash.java[516:32,516:33]
    edu.ucla.cs.compilers.avrora.avrora.sim.platform.ExternalFlash.java[510:63,510:64]
    edu.ucla.cs.compilers.avrora.avrora.sim.platform.ExternalFlash.java[500:32,500:33]
    edu.ucla.cs.compilers.avrora.avrora.sim.platform.ExternalFlash.java[571:41,571:42]
    edu.ucla.cs.compilers.avrora.avrora.sim.platform.ExternalFlash.java[514:32,514:33]
    edu.ucla.cs.compilers.avrora.avrora.sim.platform.ExternalFlash.java[512:28,512:29]
    edu.ucla.cs.compilers.avrora.avrora.sim.util.TransactionalList.java[142:20,142:24]
    edu.ucla.cs.compilers.avrora.avrora.sim.util.TransactionalList.java[100:19,100:23]
    edu.ucla.cs.compilers.avrora.avrora.sim.util.TransactionalList.java[104:12,104:16]
    edu.ucla.cs.compilers.avrora.avrora.sim.util.TransactionalList.java[141:27,141:31]
================================================================================

================================================================================
DATA RACE ANALYSIS FOR 'avrora':
  CLASS WITH MAIN METHOD: edu.ucla.cs.compilers.avrora.avrora.Main
  SAMPLING STRATEGY: LIMIT TO 3
  CONFLICT CONDITION: FUZZY
  TIME: 147808ms
  DETECTED RACES: [67]
    edu.ucla.cs.compilers.avrora.avrora.stack.Analyzer.running
    edu.ucla.cs.compilers.avrora.avrora.stack.Analyzer.numElems
    edu.ucla.cs.compilers.avrora.avrora.stack.Analyzer.newRetCount
    edu.ucla.cs.compilers.avrora.avrora.stack.Analyzer.newEdgeCount
    edu.ucla.cs.compilers.avrora.avrora.stack.StateTransitionGraph.edgeCount
    edu.ucla.cs.compilers.avrora.avrora.stack.StateTransitionGraph.frontierCount
    edu.ucla.cs.compilers.avrora.avrora.stack.StateTransitionGraph.exploredCount
    edu.ucla.cs.compilers.avrora.avrora.stack.Analyzer.numSets
    edu.ucla.cs.compilers.avrora.avrora.sim.clock.DeltaQueue.count
    edu.ucla.cs.compilers.avrora.avrora.sim.radio.CC1000Radio.SerialConfigurationInterface.writeValue
    edu.ucla.cs.compilers.avrora.avrora.sim.platform.ExternalFlash.tick
    edu.ucla.cs.compilers.avrora.avrora.sim.platform.ExternalFlash.icPage
    edu.ucla.cs.compilers.avrora.avrora.sim.clock.DeltaQueue.head
    edu.ucla.cs.compilers.avrora.avrora.sim.clock.DeltaQueue.Link.delta
    edu.ucla.cs.compilers.avrora.avrora.sim.clock.DeltaQueue.Link.events
    edu.ucla.cs.compilers.avrora.avrora.sim.clock.DeltaQueue.freeLinks
    edu.ucla.cs.compilers.avrora.avrora.sim.RWRegister.value
    edu.ucla.cs.compilers.avrora.avrora.sim.util.TransactionalList.head
    edu.ucla.cs.compilers.avrora.avrora.sim.FiniteStateMachine.TransitionEvent.newState
    edu.ucla.cs.compilers.avrora.avrora.sim.clock.DeltaQueue.freeEventLists
    edu.ucla.cs.compilers.avrora.avrora.sim.AtmelInterpreter.sleeping
    edu.ucla.cs.compilers.avrora.avrora.sim.mcu.AtmelMicrocontroller.INTPin.notification
    edu.ucla.cs.compilers.avrora.avrora.sim.platform.ExternalFlash.PD5Output.temp
    edu.ucla.cs.compilers.avrora.avrora.sim.util.TransactionalList.transHead
    edu.ucla.cs.compilers.avrora.avrora.sim.radio.CC1000Radio.SerialConfigurationInterface.bitsRead
    edu.ucla.cs.compilers.avrora.avrora.sim.AtmelInterpreter.I
    edu.ucla.cs.compilers.avrora.avrora.sim.InterruptTable.pending
    edu.ucla.cs.compilers.avrora.avrora.sim.Interpreter.innerLoop
    edu.ucla.cs.compilers.avrora.avrora.sim.radio.CC1000Radio.SerialConfigurationInterface.address
    edu.ucla.cs.compilers.avrora.avrora.sim.FiniteStateMachine.curState
    edu.ucla.cs.compilers.avrora.avrora.sim.FiniteStateMachine.TransitionEvent.oldState
    edu.ucla.cs.compilers.avrora.avrora.sim.clock.DeltaQueue.EventList.next
    edu.ucla.cs.compilers.avrora.avrora.sim.mcu.DefaultMCU.pinPrinter
    edu.ucla.cs.compilers.avrora.avrora.sim.platform.ExternalFlash.dfTempByte
    edu.ucla.cs.compilers.avrora.avrora.sim.platform.ExternalFlash.dfByteOffset
    edu.ucla.cs.compilers.avrora.avrora.sim.state.Register.value
    edu.ucla.cs.compilers.avrora.avrora.sim.util.TransactionalList.Link.next
    edu.ucla.cs.compilers.avrora.avrora.sim.platform.ExternalFlash.dfOpcode
    edu.ucla.cs.compilers.avrora.avrora.sim.mcu.AtmelMicrocontroller.INTPin.oldValue
    edu.ucla.cs.compilers.avrora.avrora.sim.mcu.Timer8Bit.blockCompareMatch
    edu.ucla.cs.compilers.avrora.avrora.sim.platform.ExternalFlash.step
    edu.ucla.cs.compilers.avrora.avrora.sim.AtmelInterpreter.pc
    edu.ucla.cs.compilers.avrora.avrora.sim.platform.ExternalFlash.dfPageAddress
    edu.ucla.cs.compilers.avrora.avrora.sim.radio.CC1000Radio.SerialConfigurationInterface.PALEOutput.last
    edu.ucla.cs.compilers.avrora.avrora.sim.clock.DeltaQueue.EventList.event
    edu.ucla.cs.compilers.avrora.avrora.sim.util.TransactionalList.nesting
    edu.ucla.cs.compilers.avrora.avrora.sim.clock.DeltaQueue.Link.next
    edu.ucla.cs.compilers.avrora.avrora.sim.radio.CC1000Radio.SerialConfigurationInterface.writeCommand
    edu.ucla.cs.compilers.avrora.avrora.sim.mcu.DefaultMCU.pinPrinterInit
    edu.ucla.cs.compilers.avrora.avrora.sim.platform.ExternalFlash.isReading
    edu.ucla.cs.compilers.avrora.avrora.sim.AtmelInterpreter.justActivatedInterrupts
    edu.ucla.cs.compilers.avrora.avrora.sim.AtmelInterpreter.cyclesConsumed
    edu.ucla.cs.compilers.avrora.avrora.sim.util.InterruptScheduler.currentLine
    edu.ucla.cs.compilers.avrora.avrora.sim.InterruptTable.posted
    edu.ucla.cs.compilers.avrora.avrora.sim.AtmelInterpreter.delayCycles
    edu.ucla.cs.compilers.avrora.avrora.sim.mcu.DefaultMCU.Pin.level
    edu.ucla.cs.compilers.avrora.avrora.sim.AtmelInterpreter.shouldRun
    edu.ucla.cs.compilers.avrora.avrora.sim.AtmelInterpreter.nextPC
    edu.ucla.cs.compilers.avrora.avrora.sim.InterruptTable.enabled
    edu.ucla.cs.compilers.avrora.avrora.sim.util.TransactionalList.transTail
    edu.ucla.cs.compilers.avrora.avrora.sim.platform.ExternalFlash.i
    edu.ucla.cs.compilers.avrora.avrora.sim.util.TransactionalList.tail
    array access
    array access
    array access
    array access
    array access
  INVOVLED STATEMENTS: [374]
    edu.ucla.cs.compilers.avrora.avrora.stack.Analyzer.java[170:12,170:19]
    edu.ucla.cs.compilers.avrora.avrora.stack.Analyzer.java[178:8,178:15]
    edu.ucla.cs.compilers.avrora.avrora.stack.Analyzer.java[248:25,248:41]
    edu.ucla.cs.compilers.avrora.avrora.stack.Analyzer.java[245:23,245:39]
    edu.ucla.cs.compilers.avrora.avrora.stack.Analyzer.java[290:8,290:16]
    edu.ucla.cs.compilers.avrora.avrora.stack.Analyzer.java[279:22,279:30]
    edu.ucla.cs.compilers.avrora.avrora.stack.Analyzer.java[366:12,366:23]
    edu.ucla.cs.compilers.avrora.avrora.stack.Analyzer.java[282:21,282:32]
    edu.ucla.cs.compilers.avrora.avrora.stack.Analyzer.java[549:8,549:20]
    edu.ucla.cs.compilers.avrora.avrora.stack.Analyzer.java[381:12,381:24]
    edu.ucla.cs.compilers.avrora.avrora.stack.Analyzer.java[283:21,283:33]
    edu.ucla.cs.compilers.avrora.avrora.stack.StateTransitionGraph.java[112:8,112:17]
    edu.ucla.cs.compilers.avrora.avrora.stack.StateTransitionGraph.java[220:15,220:24]
    edu.ucla.cs.compilers.avrora.avrora.stack.StateTransitionGraph.java[135:8,135:21]
    edu.ucla.cs.compilers.avrora.avrora.stack.StateTransitionGraph.java[216:15,216:28]
    edu.ucla.cs.compilers.avrora.avrora.stack.StateTransitionGraph.java[183:12,183:25]
    edu.ucla.cs.compilers.avrora.avrora.stack.StateTransitionGraph.java[224:15,224:28]
    edu.ucla.cs.compilers.avrora.avrora.stack.Analyzer.java[278:21,278:28]
    edu.ucla.cs.compilers.avrora.avrora.stack.Analyzer.java[291:8,291:15]
    edu.ucla.cs.compilers.avrora.avrora.sim.clock.DeltaQueue.java[294:15,294:20]
    edu.ucla.cs.compilers.avrora.avrora.sim.clock.DeltaQueue.java[270:8,270:13]
    edu.ucla.cs.compilers.avrora.avrora.sim.clock.DeltaQueue.java[225:8,225:13]
    edu.ucla.cs.compilers.avrora.avrora.sim.clock.DeltaQueue.java[254:12,254:17]
    edu.ucla.cs.compilers.avrora.avrora.sim.clock.DeltaQueue.java[248:16,248:21]
    edu.ucla.cs.compilers.avrora.avrora.sim.clock.DeltaQueue.java[195:12,195:17]
    edu.ucla.cs.compilers.avrora.avrora.sim.clock.DeltaQueue.java[220:12,220:17]
    edu.ucla.cs.compilers.avrora.avrora.sim.clock.DeltaQueue.java[202:12,202:17]
    edu.ucla.cs.compilers.avrora.avrora.sim.radio.CC1000Radio.java[1287:20,1287:30]
    edu.ucla.cs.compilers.avrora.avrora.sim.platform.ExternalFlash.java[465:20,465:24]
    edu.ucla.cs.compilers.avrora.avrora.sim.platform.ExternalFlash.java[533:20,533:24]
    edu.ucla.cs.compilers.avrora.avrora.sim.platform.ExternalFlash.java[467:24,467:28]
    edu.ucla.cs.compilers.avrora.avrora.sim.platform.ExternalFlash.java[492:36,492:42]
    edu.ucla.cs.compilers.avrora.avrora.sim.platform.ExternalFlash.java[493:40,493:46]
    edu.ucla.cs.compilers.avrora.avrora.sim.platform.ExternalFlash.java[495:40,495:46]
    edu.ucla.cs.compilers.avrora.avrora.sim.platform.ExternalFlash.java[499:48,499:54]
    edu.ucla.cs.compilers.avrora.avrora.sim.clock.DeltaQueue.java[226:8,226:12]
    edu.ucla.cs.compilers.avrora.avrora.sim.clock.DeltaQueue.java[135:12,135:16]
    edu.ucla.cs.compilers.avrora.avrora.sim.clock.DeltaQueue.java[98:12,98:16]
    edu.ucla.cs.compilers.avrora.avrora.sim.clock.DeltaQueue.java[237:23,237:27]
    edu.ucla.cs.compilers.avrora.avrora.sim.clock.DeltaQueue.java[217:12,217:16]
    edu.ucla.cs.compilers.avrora.avrora.sim.clock.DeltaQueue.java[100:12,100:16]
    edu.ucla.cs.compilers.avrora.avrora.sim.clock.DeltaQueue.java[224:17,224:21]
    edu.ucla.cs.compilers.avrora.avrora.sim.clock.DeltaQueue.java[257:12,257:16]
    edu.ucla.cs.compilers.avrora.avrora.sim.clock.DeltaQueue.java[234:15,234:19]
    edu.ucla.cs.compilers.avrora.avrora.sim.clock.DeltaQueue.java[106:19,106:23]
    edu.ucla.cs.compilers.avrora.avrora.sim.clock.DeltaQueue.java[192:12,192:16]
    edu.ucla.cs.compilers.avrora.avrora.sim.clock.DeltaQueue.java[327:12,327:19]
    edu.ucla.cs.compilers.avrora.avrora.sim.clock.DeltaQueue.java[334:12,334:22]
    edu.ucla.cs.compilers.avrora.avrora.sim.clock.DeltaQueue.java[249:16,249:25]
    edu.ucla.cs.compilers.avrora.avrora.sim.clock.DeltaQueue.java[199:12,199:22]
    edu.ucla.cs.compilers.avrora.avrora.sim.clock.DeltaQueue.java[203:12,203:22]
    edu.ucla.cs.compilers.avrora.avrora.sim.clock.DeltaQueue.java[118:29,118:38]
    edu.ucla.cs.compilers.avrora.avrora.sim.clock.DeltaQueue.java[107:39,107:48]
    edu.ucla.cs.compilers.avrora.avrora.sim.clock.DeltaQueue.java[225:17,225:24]
    edu.ucla.cs.compilers.avrora.avrora.sim.clock.DeltaQueue.java[241:25,241:34]
    edu.ucla.cs.compilers.avrora.avrora.sim.clock.DeltaQueue.java[109:22,109:31]
    edu.ucla.cs.compilers.avrora.avrora.sim.clock.DeltaQueue.java[304:17,304:25]
    edu.ucla.cs.compilers.avrora.avrora.sim.clock.DeltaQueue.java[305:12,305:20]
    edu.ucla.cs.compilers.avrora.avrora.sim.clock.DeltaQueue.java[302:12,302:20]
    edu.ucla.cs.compilers.avrora.avrora.sim.clock.DeltaQueue.java[398:37,398:43]
    edu.ucla.cs.compilers.avrora.avrora.sim.clock.DeltaQueue.java[398:12,398:18]
    edu.ucla.cs.compilers.avrora.avrora.sim.clock.DeltaQueue.java[424:33,424:39]
    edu.ucla.cs.compilers.avrora.avrora.sim.clock.DeltaQueue.java[319:12,319:21]
    edu.ucla.cs.compilers.avrora.avrora.sim.clock.DeltaQueue.java[326:12,326:21]
    edu.ucla.cs.compilers.avrora.avrora.sim.clock.DeltaQueue.java[300:8,300:17]
    edu.ucla.cs.compilers.avrora.avrora.sim.clock.DeltaQueue.java[299:17,299:26]
    edu.ucla.cs.compilers.avrora.avrora.sim.clock.DeltaQueue.java[325:16,325:25]
    edu.ucla.cs.compilers.avrora.avrora.sim.mcu.ATMegaFamily.java[222:12,222:17]
    edu.ucla.cs.compilers.avrora.avrora.sim.AtmelInterpreter.java[915:8,915:21]
    edu.ucla.cs.compilers.avrora.avrora.sim.AtmelInterpreter.java[914:8,914:21]
    edu.ucla.cs.compilers.avrora.avrora.sim.AtmelInterpreter.java[900:20,900:33]
    edu.ucla.cs.compilers.avrora.avrora.sim.AtmelInterpreter.java[899:19,899:32]
    edu.ucla.cs.compilers.avrora.avrora.sim.mcu.ATMegaFamily.java[167:12,167:17]
    edu.ucla.cs.compilers.avrora.avrora.sim.mcu.ATMegaFamily.java[187:12,187:17]
    edu.ucla.cs.compilers.avrora.avrora.sim.RWRegister.java[108:15,108:20]
    edu.ucla.cs.compilers.avrora.avrora.sim.mcu.ATMegaFamily.java[187:38,187:43]
    edu.ucla.cs.compilers.avrora.avrora.sim.mcu.ATMegaFamily.java[167:28,167:33]
    edu.ucla.cs.compilers.avrora.avrora.sim.util.TransactionalList.java[126:19,126:23]
    edu.ucla.cs.compilers.avrora.avrora.sim.util.TransactionalList.java[100:12,100:16]
    edu.ucla.cs.compilers.avrora.avrora.sim.util.MulticastProbe.java[64:24,64:28]
    edu.ucla.cs.compilers.avrora.avrora.sim.util.TransactionalList.java[176:15,176:19]
    edu.ucla.cs.compilers.avrora.avrora.sim.util.MulticastProbe.java[83:24,83:28]
    edu.ucla.cs.compilers.avrora.avrora.sim.util.TransactionalList.java[136:20,136:24]
    edu.ucla.cs.compilers.avrora.avrora.sim.util.TransactionalList.java[98:12,98:16]
    edu.ucla.cs.compilers.avrora.avrora.sim.FiniteStateMachine.java[379:12,379:31]
    edu.ucla.cs.compilers.avrora.avrora.sim.FiniteStateMachine.java[353:22,353:41]
    edu.ucla.cs.compilers.avrora.avrora.sim.AtmelInterpreter.java[561:35,561:45]
    edu.ucla.cs.compilers.avrora.avrora.sim.AtmelInterpreter.java[562:17,562:27]
    edu.ucla.cs.compilers.avrora.avrora.sim.AtmelInterpreter.java[586:37,586:47]
    edu.ucla.cs.compilers.avrora.avrora.sim.clock.DeltaQueue.java[353:12,353:26]
    edu.ucla.cs.compilers.avrora.avrora.sim.clock.DeltaQueue.java[313:8,313:22]
    edu.ucla.cs.compilers.avrora.avrora.sim.clock.DeltaQueue.java[352:16,352:30]
    edu.ucla.cs.compilers.avrora.avrora.sim.clock.DeltaQueue.java[345:12,345:26]
    edu.ucla.cs.compilers.avrora.avrora.sim.clock.DeltaQueue.java[312:17,312:31]
    edu.ucla.cs.compilers.avrora.avrora.arch.legacy.LegacyInterpreter.java[2075:8,2075:16]
    edu.ucla.cs.compilers.avrora.avrora.arch.legacy.LegacyInterpreter.java[134:16,134:24]
    edu.ucla.cs.compilers.avrora.avrora.arch.legacy.LegacyInterpreter.java[265:12,265:20]
    edu.ucla.cs.compilers.avrora.avrora.arch.legacy.LegacyInterpreter.java[245:12,245:20]
    edu.ucla.cs.compilers.avrora.avrora.arch.legacy.LegacyInterpreter.java[179:12,179:20]
    edu.ucla.cs.compilers.avrora.avrora.arch.legacy.LegacyInterpreter.java[242:12,242:20]
    edu.ucla.cs.compilers.avrora.avrora.sim.mcu.AtmelMicrocontroller.java[365:24,365:36]
    edu.ucla.cs.compilers.avrora.avrora.sim.mcu.AtmelMicrocontroller.java[364:43,364:55]
    edu.ucla.cs.compilers.avrora.avrora.sim.mcu.AtmelMicrocontroller.java[366:59,366:71]
    edu.ucla.cs.compilers.avrora.avrora.sim.platform.ExternalFlash.java[567:16,567:20]
    edu.ucla.cs.compilers.avrora.avrora.sim.platform.ExternalFlash.java[563:16,563:20]
    edu.ucla.cs.compilers.avrora.avrora.sim.platform.ExternalFlash.java[485:42,485:46]
    edu.ucla.cs.compilers.avrora.avrora.sim.platform.ExternalFlash.java[551:16,551:20]
    edu.ucla.cs.compilers.avrora.avrora.sim.platform.ExternalFlash.java[557:16,557:20]
    edu.ucla.cs.compilers.avrora.avrora.sim.platform.ExternalFlash.java[571:25,571:29]
    edu.ucla.cs.compilers.avrora.avrora.sim.util.TransactionalList.java[156:12,156:21]
    edu.ucla.cs.compilers.avrora.avrora.sim.util.TransactionalList.java[204:12,204:21]
    edu.ucla.cs.compilers.avrora.avrora.sim.util.TransactionalList.java[203:25,203:34]
    edu.ucla.cs.compilers.avrora.avrora.sim.util.TransactionalList.java[158:12,158:21]
    edu.ucla.cs.compilers.avrora.avrora.sim.radio.CC1000Radio.java[1294:42,1294:50]
    edu.ucla.cs.compilers.avrora.avrora.sim.radio.CC1000Radio.java[1282:42,1282:50]
    edu.ucla.cs.compilers.avrora.avrora.sim.radio.CC1000Radio.java[1284:20,1284:28]
    edu.ucla.cs.compilers.avrora.avrora.sim.radio.CC1000Radio.java[1296:20,1296:28]
    edu.ucla.cs.compilers.avrora.avrora.sim.radio.CC1000Radio.java[1290:24,1290:32]
    edu.ucla.cs.compilers.avrora.avrora.sim.radio.CC1000Radio.java[1223:64,1223:72]
    edu.ucla.cs.compilers.avrora.avrora.sim.radio.CC1000Radio.java[1278:24,1278:32]
    edu.ucla.cs.compilers.avrora.avrora.arch.legacy.LegacyInterpreter.java[124:16,124:17]
    edu.ucla.cs.compilers.avrora.avrora.arch.legacy.LegacyInterpreter.java[276:8,276:9]
    edu.ucla.cs.compilers.avrora.avrora.arch.legacy.LegacyInterpreter.java[167:19,167:20]
    edu.ucla.cs.compilers.avrora.avrora.arch.legacy.LegacyInterpreter.java[235:8,235:9]
    edu.ucla.cs.compilers.avrora.avrora.sim.InterruptTable.java[101:8,101:15]
    edu.ucla.cs.compilers.avrora.avrora.sim.InterruptTable.java[117:8,117:15]
    edu.ucla.cs.compilers.avrora.avrora.sim.InterruptTable.java[231:15,231:22]
    edu.ucla.cs.compilers.avrora.avrora.sim.InterruptTable.java[70:8,70:15]
    edu.ucla.cs.compilers.avrora.avrora.sim.InterruptTable.java[133:8,133:15]
    edu.ucla.cs.compilers.avrora.avrora.sim.platform.ExternalFlash.java[166:8,166:36]
    edu.ucla.cs.compilers.avrora.avrora.sim.platform.ExternalFlash.java[161:15,161:43]
    edu.ucla.cs.compilers.avrora.avrora.sim.platform.ExternalFlash.java[247:16,247:30]
    edu.ucla.cs.compilers.avrora.avrora.sim.platform.ExternalFlash.java[243:38,243:52]
    edu.ucla.cs.compilers.avrora.avrora.sim.mcu.Timer8Bit.java[168:12,168:17]
    edu.ucla.cs.compilers.avrora.avrora.arch.legacy.LegacyInterpreter.java[287:8,287:17]
    edu.ucla.cs.compilers.avrora.avrora.arch.legacy.LegacyInterpreter.java[313:15,313:24]
    edu.ucla.cs.compilers.avrora.avrora.sim.InterruptTable.java[68:8,68:29]
    edu.ucla.cs.compilers.avrora.avrora.arch.legacy.LegacyInterpreter.java[312:8,312:17]
    edu.ucla.cs.compilers.avrora.avrora.arch.legacy.LegacyInterpreter.java[297:8,297:17]
    edu.ucla.cs.compilers.avrora.avrora.sim.AtmelInterpreter.java[231:12,231:21]
    edu.ucla.cs.compilers.avrora.avrora.arch.legacy.LegacyInterpreter.java[288:15,288:24]
    edu.ucla.cs.compilers.avrora.avrora.sim.AtmelInterpreter.java[373:8,373:17]
    edu.ucla.cs.compilers.avrora.avrora.arch.legacy.LegacyInterpreter.java[246:12,246:21]
    edu.ucla.cs.compilers.avrora.avrora.arch.legacy.LegacyInterpreter.java[298:15,298:24]
    edu.ucla.cs.compilers.avrora.avrora.arch.legacy.LegacyInterpreter.java[2076:8,2076:17]
    edu.ucla.cs.compilers.avrora.avrora.sim.radio.CC1000Radio.java[1285:20,1285:27]
    edu.ucla.cs.compilers.avrora.avrora.sim.RWRegister.java[78:19,78:24]
    edu.ucla.cs.compilers.avrora.avrora.sim.RWRegister.java[79:8,79:13]
    edu.ucla.cs.compilers.avrora.avrora.sim.RWRegister.java[80:20,80:25]
    edu.ucla.cs.compilers.avrora.avrora.sim.FiniteStateMachine.java[121:12,121:20]
    edu.ucla.cs.compilers.avrora.avrora.sim.FiniteStateMachine.java[124:47,124:55]
    edu.ucla.cs.compilers.avrora.avrora.sim.FiniteStateMachine.java[123:47,123:55]
    edu.ucla.cs.compilers.avrora.avrora.sim.FiniteStateMachine.java[125:35,125:43]
    edu.ucla.cs.compilers.avrora.avrora.sim.FiniteStateMachine.java[378:12,378:31]
    edu.ucla.cs.compilers.avrora.avrora.sim.FiniteStateMachine.java[352:49,352:68]
    edu.ucla.cs.compilers.avrora.avrora.sim.FiniteStateMachine.java[123:29,123:37]
    edu.ucla.cs.compilers.avrora.avrora.sim.clock.DeltaQueue.java[354:12,354:18]
    edu.ucla.cs.compilers.avrora.avrora.sim.clock.DeltaQueue.java[312:8,312:14]
    edu.ucla.cs.compilers.avrora.avrora.sim.clock.DeltaQueue.java[353:29,353:48]
    edu.ucla.cs.compilers.avrora.avrora.sim.clock.DeltaQueue.java[424:60,424:68]
    edu.ucla.cs.compilers.avrora.avrora.sim.mcu.DefaultMCU.java[260:16,260:26]
    edu.ucla.cs.compilers.avrora.avrora.sim.mcu.DefaultMCU.java[264:16,264:26]
    edu.ucla.cs.compilers.avrora.avrora.sim.mcu.DefaultMCU.java[261:16,261:26]
    edu.ucla.cs.compilers.avrora.avrora.sim.mcu.DefaultMCU.java[259:16,259:26]
    edu.ucla.cs.compilers.avrora.avrora.sim.platform.ExternalFlash.java[602:51,602:61]
    edu.ucla.cs.compilers.avrora.avrora.sim.platform.ExternalFlash.java[519:32,519:42]
    edu.ucla.cs.compilers.avrora.avrora.sim.platform.ExternalFlash.java[607:32,607:42]
    edu.ucla.cs.compilers.avrora.avrora.sim.platform.ExternalFlash.java[689:26,689:36]
    edu.ucla.cs.compilers.avrora.avrora.sim.platform.ExternalFlash.java[510:28,510:38]
    edu.ucla.cs.compilers.avrora.avrora.sim.platform.ExternalFlash.java[729:26,729:36]
    edu.ucla.cs.compilers.avrora.avrora.sim.platform.ExternalFlash.java[687:49,687:59]
    edu.ucla.cs.compilers.avrora.avrora.sim.platform.ExternalFlash.java[681:26,681:36]
    edu.ucla.cs.compilers.avrora.avrora.sim.platform.ExternalFlash.java[727:49,727:59]
    edu.ucla.cs.compilers.avrora.avrora.sim.platform.ExternalFlash.java[582:27,582:37]
    edu.ucla.cs.compilers.avrora.avrora.sim.platform.ExternalFlash.java[736:49,736:59]
    edu.ucla.cs.compilers.avrora.avrora.sim.platform.ExternalFlash.java[599:33,599:43]
    edu.ucla.cs.compilers.avrora.avrora.sim.platform.ExternalFlash.java[601:31,601:41]
    edu.ucla.cs.compilers.avrora.avrora.sim.platform.ExternalFlash.java[679:49,679:59]
    edu.ucla.cs.compilers.avrora.avrora.sim.platform.ExternalFlash.java[738:26,738:36]
    edu.ucla.cs.compilers.avrora.avrora.sim.platform.ExternalFlash.java[594:51,594:61]
    edu.ucla.cs.compilers.avrora.avrora.sim.platform.ExternalFlash.java[593:32,593:42]
    edu.ucla.cs.compilers.avrora.avrora.sim.platform.ExternalFlash.java[608:51,608:63]
    edu.ucla.cs.compilers.avrora.avrora.sim.platform.ExternalFlash.java[730:16,730:28]
    edu.ucla.cs.compilers.avrora.avrora.sim.platform.ExternalFlash.java[607:16,607:28]
    edu.ucla.cs.compilers.avrora.avrora.sim.platform.ExternalFlash.java[682:16,682:28]
    edu.ucla.cs.compilers.avrora.avrora.sim.platform.ExternalFlash.java[626:16,626:28]
    edu.ucla.cs.compilers.avrora.avrora.sim.platform.ExternalFlash.java[739:16,739:28]
    edu.ucla.cs.compilers.avrora.avrora.sim.platform.ExternalFlash.java[488:47,488:59]
    edu.ucla.cs.compilers.avrora.avrora.sim.platform.ExternalFlash.java[728:57,728:69]
    edu.ucla.cs.compilers.avrora.avrora.sim.platform.ExternalFlash.java[498:32,498:44]
    edu.ucla.cs.compilers.avrora.avrora.sim.platform.ExternalFlash.java[557:34,557:46]
    edu.ucla.cs.compilers.avrora.avrora.sim.platform.ExternalFlash.java[737:57,737:69]
    edu.ucla.cs.compilers.avrora.avrora.sim.platform.ExternalFlash.java[601:16,601:28]
    edu.ucla.cs.compilers.avrora.avrora.sim.platform.ExternalFlash.java[688:57,688:69]
    edu.ucla.cs.compilers.avrora.avrora.sim.platform.ExternalFlash.java[687:27,687:39]
    edu.ucla.cs.compilers.avrora.avrora.sim.platform.ExternalFlash.java[624:16,624:28]
    edu.ucla.cs.compilers.avrora.avrora.sim.platform.ExternalFlash.java[551:34,551:46]
    edu.ucla.cs.compilers.avrora.avrora.sim.platform.ExternalFlash.java[567:54,567:66]
    edu.ucla.cs.compilers.avrora.avrora.sim.platform.ExternalFlash.java[680:57,680:69]
    edu.ucla.cs.compilers.avrora.avrora.sim.platform.ExternalFlash.java[679:27,679:39]
    edu.ucla.cs.compilers.avrora.avrora.sim.platform.ExternalFlash.java[736:27,736:39]
    edu.ucla.cs.compilers.avrora.avrora.sim.platform.ExternalFlash.java[690:16,690:28]
    edu.ucla.cs.compilers.avrora.avrora.sim.platform.ExternalFlash.java[727:27,727:39]
    edu.ucla.cs.compilers.avrora.avrora.sim.InterruptTable.java[168:25,168:37]
    edu.ucla.cs.compilers.avrora.avrora.sim.InterruptTable.java[207:15,207:27]
    edu.ucla.cs.compilers.avrora.avrora.sim.InterruptTable.java[87:25,87:37]
    edu.ucla.cs.compilers.avrora.avrora.sim.InterruptTable.java[196:8,196:20]
    edu.ucla.cs.compilers.avrora.avrora.sim.state.Register.java[168:23,168:28]
    edu.ucla.cs.compilers.avrora.avrora.sim.state.Register.java[166:21,166:26]
    edu.ucla.cs.compilers.avrora.avrora.sim.state.Register.java[150:15,150:20]
    edu.ucla.cs.compilers.avrora.avrora.sim.state.Register.java[167:8,167:13]
    edu.ucla.cs.compilers.avrora.avrora.sim.util.TransactionalList.java[139:32,139:40]
    edu.ucla.cs.compilers.avrora.avrora.sim.util.TransactionalList.java[139:20,139:29]
    edu.ucla.cs.compilers.avrora.avrora.sim.util.TransactionalList.java[129:24,129:32]
    edu.ucla.cs.compilers.avrora.avrora.sim.util.TransactionalList.java[136:27,136:35]
    edu.ucla.cs.compilers.avrora.avrora.sim.util.TransactionalList.java[104:19,104:28]
    edu.ucla.cs.compilers.avrora.avrora.sim.util.MulticastProbe.java[83:49,83:57]
    edu.ucla.cs.compilers.avrora.avrora.sim.util.MulticastProbe.java[64:49,64:57]
    edu.ucla.cs.compilers.avrora.avrora.sim.util.TransactionalList.java[103:12,103:21]
    edu.ucla.cs.compilers.avrora.avrora.sim.FiniteStateMachine.java[364:44,364:52]
    edu.ucla.cs.compilers.avrora.avrora.sim.FiniteStateMachine.java[359:65,359:73]
    edu.ucla.cs.compilers.avrora.avrora.sim.FiniteStateMachine.java[349:12,349:20]
    edu.ucla.cs.compilers.avrora.avrora.sim.FiniteStateMachine.java[363:32,363:40]
    edu.ucla.cs.compilers.avrora.avrora.sim.FiniteStateMachine.java[370:27,370:35]
    edu.ucla.cs.compilers.avrora.avrora.sim.FiniteStateMachine.java[371:12,371:20]
    edu.ucla.cs.compilers.avrora.avrora.sim.FiniteStateMachine.java[364:26,364:34]
    edu.ucla.cs.compilers.avrora.avrora.sim.FiniteStateMachine.java[357:27,357:35]
    edu.ucla.cs.compilers.avrora.avrora.sim.FiniteStateMachine.java[378:34,378:42]
    edu.ucla.cs.compilers.avrora.avrora.sim.FiniteStateMachine.java[365:44,365:52]
    edu.ucla.cs.compilers.avrora.avrora.sim.platform.ExternalFlash.java[186:8,186:36]
    edu.ucla.cs.compilers.avrora.avrora.sim.platform.ExternalFlash.java[181:15,181:43]
    edu.ucla.cs.compilers.avrora.avrora.sim.mcu.DefaultMCU.java[306:16,306:26]
    edu.ucla.cs.compilers.avrora.avrora.sim.mcu.DefaultMCU.java[303:16,303:26]
    edu.ucla.cs.compilers.avrora.avrora.sim.mcu.DefaultMCU.java[300:16,300:26]
    edu.ucla.cs.compilers.avrora.avrora.sim.platform.ExternalFlash.java[585:40,585:48]
    edu.ucla.cs.compilers.avrora.avrora.sim.platform.ExternalFlash.java[541:20,541:28]
    edu.ucla.cs.compilers.avrora.avrora.sim.platform.ExternalFlash.java[583:43,583:51]
    edu.ucla.cs.compilers.avrora.avrora.sim.platform.ExternalFlash.java[585:20,585:28]
    edu.ucla.cs.compilers.avrora.avrora.sim.platform.ExternalFlash.java[582:16,582:24]
    edu.ucla.cs.compilers.avrora.avrora.sim.platform.ExternalFlash.java[628:20,628:28]
    edu.ucla.cs.compilers.avrora.avrora.sim.FiniteStateMachine.java[124:57,124:65]
    edu.ucla.cs.compilers.avrora.avrora.sim.FiniteStateMachine.java[124:29,124:37]
    edu.ucla.cs.compilers.avrora.avrora.sim.FiniteStateMachine.java[125:45,125:53]
    edu.ucla.cs.compilers.avrora.avrora.sim.FiniteStateMachine.java[123:57,123:65]
    edu.ucla.cs.compilers.avrora.avrora.sim.FiniteStateMachine.java[121:23,121:31]
    edu.ucla.cs.compilers.avrora.avrora.sim.util.TransactionalList.java[162:24,162:38]
    edu.ucla.cs.compilers.avrora.avrora.sim.util.TransactionalList.java[161:12,161:26]
    edu.ucla.cs.compilers.avrora.avrora.sim.util.TransactionalList.java[206:54,206:62]
    edu.ucla.cs.compilers.avrora.avrora.sim.mcu.AtmelMicrocontroller.java[359:34,359:42]
    edu.ucla.cs.compilers.avrora.avrora.sim.mcu.AtmelMicrocontroller.java[376:12,376:20]
    edu.ucla.cs.compilers.avrora.avrora.sim.mcu.Timer8Bit.java[169:12,169:29]
    edu.ucla.cs.compilers.avrora.avrora.sim.platform.ExternalFlash.java[517:32,517:36]
    edu.ucla.cs.compilers.avrora.avrora.sim.platform.ExternalFlash.java[578:20,578:24]
    edu.ucla.cs.compilers.avrora.avrora.sim.platform.ExternalFlash.java[646:20,646:24]
    edu.ucla.cs.compilers.avrora.avrora.sim.platform.ExternalFlash.java[656:20,656:24]
    edu.ucla.cs.compilers.avrora.avrora.sim.platform.ExternalFlash.java[522:36,522:40]
    edu.ucla.cs.compilers.avrora.avrora.sim.platform.ExternalFlash.java[665:20,665:24]
    edu.ucla.cs.compilers.avrora.avrora.sim.platform.ExternalFlash.java[613:20,613:24]
    edu.ucla.cs.compilers.avrora.avrora.sim.platform.ExternalFlash.java[636:20,636:24]
    edu.ucla.cs.compilers.avrora.avrora.arch.legacy.LegacyInterpreter.java[150:17,150:19]
    edu.ucla.cs.compilers.avrora.avrora.arch.legacy.LegacyInterpreter.java[104:17,104:19]
    edu.ucla.cs.compilers.avrora.avrora.arch.legacy.LegacyInterpreter.java[232:8,232:10]
    edu.ucla.cs.compilers.avrora.avrora.sim.AtmelInterpreter.java[944:8,944:10]
    edu.ucla.cs.compilers.avrora.avrora.arch.legacy.LegacyInterpreter.java[103:8,103:10]
    edu.ucla.cs.compilers.avrora.avrora.sim.AtmelInterpreter.java[1108:19,1108:21]
    edu.ucla.cs.compilers.avrora.avrora.arch.legacy.LegacyInterpreter.java[273:8,273:10]
    edu.ucla.cs.compilers.avrora.avrora.sim.platform.ExternalFlash.java[720:16,720:29]
    edu.ucla.cs.compilers.avrora.avrora.sim.platform.ExternalFlash.java[599:16,599:29]
    edu.ucla.cs.compilers.avrora.avrora.sim.platform.ExternalFlash.java[593:16,593:29]
    edu.ucla.cs.compilers.avrora.avrora.sim.platform.ExternalFlash.java[492:45,492:58]
    edu.ucla.cs.compilers.avrora.avrora.sim.platform.ExternalFlash.java[499:32,499:45]
    edu.ucla.cs.compilers.avrora.avrora.sim.platform.ExternalFlash.java[567:39,567:52]
    edu.ucla.cs.compilers.avrora.avrora.sim.radio.CC1000Radio.java[1302:16,1302:20]
    edu.ucla.cs.compilers.avrora.avrora.sim.radio.CC1000Radio.java[1274:29,1274:33]
    edu.ucla.cs.compilers.avrora.avrora.sim.mcu.ATMegaFamily.java[286:12,286:17]
    edu.ucla.cs.compilers.avrora.avrora.sim.clock.DeltaQueue.java[355:12,355:19]
    edu.ucla.cs.compilers.avrora.avrora.sim.clock.DeltaQueue.java[311:8,311:15]
    edu.ucla.cs.compilers.avrora.avrora.sim.clock.DeltaQueue.java[425:16,425:25]
    edu.ucla.cs.compilers.avrora.avrora.sim.FiniteStateMachine.java[323:15,323:23]
    edu.ucla.cs.compilers.avrora.avrora.sim.RWRegister.java[116:8,116:13]
    edu.ucla.cs.compilers.avrora.avrora.sim.RWRegister.java[115:19,115:24]
    edu.ucla.cs.compilers.avrora.avrora.sim.mcu.Timer8Bit.java[216:27,216:32]
    edu.ucla.cs.compilers.avrora.avrora.sim.util.TransactionalList.java[92:12,92:19]
    edu.ucla.cs.compilers.avrora.avrora.sim.util.TransactionalList.java[189:8,189:15]
    edu.ucla.cs.compilers.avrora.avrora.sim.util.TransactionalList.java[201:12,201:19]
    edu.ucla.cs.compilers.avrora.avrora.sim.util.TransactionalList.java[119:12,119:19]
    edu.ucla.cs.compilers.avrora.avrora.sim.util.TransactionalList.java[200:8,200:15]
    edu.ucla.cs.compilers.avrora.avrora.sim.clock.DeltaQueue.java[226:15,226:21]
    edu.ucla.cs.compilers.avrora.avrora.sim.clock.DeltaQueue.java[299:8,299:14]
    edu.ucla.cs.compilers.avrora.avrora.sim.clock.DeltaQueue.java[238:24,238:32]
    edu.ucla.cs.compilers.avrora.avrora.sim.clock.DeltaQueue.java[133:12,133:21]
    edu.ucla.cs.compilers.avrora.avrora.sim.clock.DeltaQueue.java[326:24,326:38]
    edu.ucla.cs.compilers.avrora.avrora.sim.clock.DeltaQueue.java[337:8,337:14]
    edu.ucla.cs.compilers.avrora.avrora.sim.clock.DeltaQueue.java[111:18,111:26]
    edu.ucla.cs.compilers.avrora.avrora.sim.radio.CC1000Radio.java[1299:25,1299:37]
    edu.ucla.cs.compilers.avrora.avrora.sim.radio.CC1000Radio.java[1286:20,1286:32]
    edu.ucla.cs.compilers.avrora.avrora.sim.mcu.DefaultMCU.java[301:16,301:30]
    edu.ucla.cs.compilers.avrora.avrora.sim.mcu.DefaultMCU.java[298:16,298:30]
    edu.ucla.cs.compilers.avrora.avrora.sim.platform.ExternalFlash.java[471:28,471:37]
    edu.ucla.cs.compilers.avrora.avrora.sim.platform.ExternalFlash.java[507:29,507:38]
    edu.ucla.cs.compilers.avrora.avrora.sim.platform.ExternalFlash.java[658:20,658:29]
    edu.ucla.cs.compilers.avrora.avrora.sim.platform.ExternalFlash.java[648:20,648:29]
    edu.ucla.cs.compilers.avrora.avrora.sim.platform.ExternalFlash.java[667:20,667:29]
    edu.ucla.cs.compilers.avrora.avrora.sim.platform.ExternalFlash.java[587:20,587:29]
    edu.ucla.cs.compilers.avrora.avrora.sim.platform.ExternalFlash.java[638:20,638:29]
    edu.ucla.cs.compilers.avrora.avrora.arch.legacy.LegacyInterpreter.java[116:16,116:39]
    edu.ucla.cs.compilers.avrora.avrora.arch.legacy.LegacyInterpreter.java[161:12,161:35]
    edu.ucla.cs.compilers.avrora.avrora.arch.legacy.LegacyInterpreter.java[166:12,166:35]
    edu.ucla.cs.compilers.avrora.avrora.arch.legacy.LegacyInterpreter.java[200:21,200:35]
    edu.ucla.cs.compilers.avrora.avrora.sim.AtmelInterpreter.java[946:8,946:22]
    edu.ucla.cs.compilers.avrora.avrora.sim.AtmelInterpreter.java[945:22,945:36]
    edu.ucla.cs.compilers.avrora.avrora.arch.legacy.LegacyInterpreter.java[211:21,211:35]
    edu.ucla.cs.compilers.avrora.avrora.arch.legacy.LegacyInterpreter.java[105:8,105:22]
    edu.ucla.cs.compilers.avrora.avrora.sim.AtmelInterpreter.java[359:8,359:22]
    edu.ucla.cs.compilers.avrora.avrora.sim.util.InterruptScheduler.java[113:38,113:49]
    edu.ucla.cs.compilers.avrora.avrora.sim.util.InterruptScheduler.java[120:58,120:69]
    edu.ucla.cs.compilers.avrora.avrora.sim.util.InterruptScheduler.java[131:16,131:27]
    edu.ucla.cs.compilers.avrora.avrora.sim.util.InterruptScheduler.java[127:38,127:49]
    edu.ucla.cs.compilers.avrora.avrora.sim.InterruptTable.java[69:8,69:14]
    edu.ucla.cs.compilers.avrora.avrora.sim.InterruptTable.java[100:8,100:14]
    edu.ucla.cs.compilers.avrora.avrora.sim.InterruptTable.java[101:18,101:24]
    edu.ucla.cs.compilers.avrora.avrora.sim.InterruptTable.java[133:18,133:24]
    edu.ucla.cs.compilers.avrora.avrora.sim.InterruptTable.java[100:35,100:41]
    edu.ucla.cs.compilers.avrora.avrora.sim.InterruptTable.java[69:35,69:41]
    edu.ucla.cs.compilers.avrora.avrora.sim.InterruptTable.java[70:18,70:24]
    edu.ucla.cs.compilers.avrora.avrora.sim.InterruptTable.java[117:18,117:24]
    edu.ucla.cs.compilers.avrora.avrora.arch.legacy.LegacyInterpreter.java[112:29,112:40]
    edu.ucla.cs.compilers.avrora.avrora.arch.legacy.LegacyInterpreter.java[110:16,110:27]
    edu.ucla.cs.compilers.avrora.avrora.arch.legacy.LegacyInterpreter.java[153:12,153:23]
    edu.ucla.cs.compilers.avrora.avrora.sim.AtmelInterpreter.java[374:8,374:19]
    edu.ucla.cs.compilers.avrora.avrora.arch.legacy.LegacyInterpreter.java[113:16,113:27]
    edu.ucla.cs.compilers.avrora.avrora.arch.legacy.LegacyInterpreter.java[156:12,156:23]
    edu.ucla.cs.compilers.avrora.avrora.sim.mcu.DefaultMCU.java[288:12,288:17]
    edu.ucla.cs.compilers.avrora.avrora.sim.mcu.DefaultMCU.java[249:25,249:30]
    edu.ucla.cs.compilers.avrora.avrora.sim.AtmelInterpreter.java[170:8,170:17]
    edu.ucla.cs.compilers.avrora.avrora.arch.legacy.LegacyInterpreter.java[107:15,107:24]
    edu.ucla.cs.compilers.avrora.avrora.arch.legacy.LegacyInterpreter.java[104:8,104:14]
    edu.ucla.cs.compilers.avrora.avrora.arch.legacy.LegacyInterpreter.java[231:8,231:14]
    edu.ucla.cs.compilers.avrora.avrora.arch.legacy.LegacyInterpreter.java[206:41,206:47]
    edu.ucla.cs.compilers.avrora.avrora.arch.legacy.LegacyInterpreter.java[205:24,205:30]
    edu.ucla.cs.compilers.avrora.avrora.arch.legacy.LegacyInterpreter.java[272:8,272:14]
    edu.ucla.cs.compilers.avrora.avrora.arch.legacy.LegacyInterpreter.java[316:24,316:30]
    edu.ucla.cs.compilers.avrora.avrora.arch.legacy.LegacyInterpreter.java[228:15,228:21]
    edu.ucla.cs.compilers.avrora.avrora.arch.legacy.LegacyInterpreter.java[195:41,195:47]
    edu.ucla.cs.compilers.avrora.avrora.arch.legacy.LegacyInterpreter.java[269:15,269:21]
    edu.ucla.cs.compilers.avrora.avrora.arch.legacy.LegacyInterpreter.java[300:41,300:47]
    edu.ucla.cs.compilers.avrora.avrora.arch.legacy.LegacyInterpreter.java[317:41,317:47]
    edu.ucla.cs.compilers.avrora.avrora.arch.legacy.LegacyInterpreter.java[150:8,150:14]
    edu.ucla.cs.compilers.avrora.avrora.sim.AtmelInterpreter.java[944:13,944:19]
    edu.ucla.cs.compilers.avrora.avrora.arch.legacy.LegacyInterpreter.java[273:13,273:19]
    edu.ucla.cs.compilers.avrora.avrora.arch.legacy.LegacyInterpreter.java[232:13,232:19]
    edu.ucla.cs.compilers.avrora.avrora.sim.InterruptTable.java[116:36,116:43]
    edu.ucla.cs.compilers.avrora.avrora.sim.InterruptTable.java[70:27,70:34]
    edu.ucla.cs.compilers.avrora.avrora.sim.InterruptTable.java[116:8,116:15]
    edu.ucla.cs.compilers.avrora.avrora.sim.InterruptTable.java[133:27,133:34]
    edu.ucla.cs.compilers.avrora.avrora.sim.InterruptTable.java[101:27,101:34]
    edu.ucla.cs.compilers.avrora.avrora.sim.InterruptTable.java[132:36,132:43]
    edu.ucla.cs.compilers.avrora.avrora.sim.InterruptTable.java[132:8,132:15]
    edu.ucla.cs.compilers.avrora.avrora.sim.InterruptTable.java[117:27,117:34]
    edu.ucla.cs.compilers.avrora.avrora.sim.util.TransactionalList.java[205:12,205:21]
    edu.ucla.cs.compilers.avrora.avrora.sim.util.TransactionalList.java[162:12,162:21]
    edu.ucla.cs.compilers.avrora.avrora.sim.util.TransactionalList.java[158:24,158:33]
    edu.ucla.cs.compilers.avrora.avrora.sim.platform.ExternalFlash.java[480:28,480:29]
    edu.ucla.cs.compilers.avrora.avrora.sim.platform.ExternalFlash.java[482:32,482:33]
    edu.ucla.cs.compilers.avrora.avrora.sim.platform.ExternalFlash.java[516:32,516:33]
    edu.ucla.cs.compilers.avrora.avrora.sim.platform.ExternalFlash.java[510:63,510:64]
    edu.ucla.cs.compilers.avrora.avrora.sim.platform.ExternalFlash.java[500:32,500:33]
    edu.ucla.cs.compilers.avrora.avrora.sim.platform.ExternalFlash.java[571:41,571:42]
    edu.ucla.cs.compilers.avrora.avrora.sim.platform.ExternalFlash.java[514:32,514:33]
    edu.ucla.cs.compilers.avrora.avrora.sim.platform.ExternalFlash.java[512:28,512:29]
    edu.ucla.cs.compilers.avrora.avrora.sim.util.TransactionalList.java[142:20,142:24]
    edu.ucla.cs.compilers.avrora.avrora.sim.util.TransactionalList.java[100:19,100:23]
    edu.ucla.cs.compilers.avrora.avrora.sim.util.TransactionalList.java[104:12,104:16]
    edu.ucla.cs.compilers.avrora.avrora.sim.util.TransactionalList.java[141:27,141:31]
================================================================================
