Duration: 1061906 ms
abstract thread count: 3
abstract object count: 5197
statistics:
  numOfFiles: 494
  numOfClasses: 1855
  numOfMethods: 8995
  
  Precise 156/443
  Lenient 187/504
  
================================================================================
DATA RACE ANALYSIS FOR 'avrora':
  CLASS WITH MAIN METHOD: edu.ucla.cs.compilers.avrora.avrora.Main
  SAMPLING STRATEGY: LIMIT TO 3
  CONFLICT CONDITION: EXACT
  TIME: 1061906ms
  DETECTED RACES: [86]
    edu.ucla.cs.compilers.avrora.avrora.sim.clock.DeltaQueue.count
    edu.ucla.cs.compilers.avrora.avrora.sim.clock.DeltaQueue.Link.events
    edu.ucla.cs.compilers.avrora.avrora.sim.AtmelInterpreter.sleeping
    edu.ucla.cs.compilers.avrora.avrora.sim.FiniteStateMachine.TransitionEvent.oldState
    edu.ucla.cs.compilers.avrora.avrora.sim.util.TransactionalList.transHead
    edu.ucla.cs.compilers.avrora.avrora.sim.radio.CC2420Radio.Receiver.state
    edu.ucla.cs.compilers.avrora.avrora.sim.state.ByteFIFO.head
    edu.ucla.cs.compilers.avrora.avrora.sim.AtmelInterpreter.nextPC
    edu.ucla.cs.compilers.avrora.avrora.sim.InterruptTable.enabled
    edu.ucla.cs.compilers.avrora.avrora.sim.InterruptTable.pending
    edu.ucla.cs.compilers.avrora.avrora.sim.radio.Medium.Transmission.end
    edu.ucla.cs.compilers.avrora.avrora.sim.FiniteStateMachine.curState
    edu.ucla.cs.compilers.avrora.avrora.sim.radio.CC2420Radio.BERcount
    edu.ucla.cs.compilers.avrora.avrora.sim.Interpreter.innerLoop
    edu.ucla.cs.compilers.avrora.avrora.sim.mcu.Timer16Bit.ticker
    edu.ucla.cs.compilers.avrora.avrora.sim.radio.CC2420Radio.globalRxfifoOverflow
    edu.ucla.cs.compilers.avrora.avrora.sim.mcu.SPI.TransferEvent.frame
    edu.ucla.cs.compilers.avrora.avrora.sim.radio.Medium.Transmission.lastBit
    edu.ucla.cs.compilers.avrora.avrora.sim.clock.DeltaQueue.freeLinks
    edu.ucla.cs.compilers.avrora.avrora.sim.mcu.RegisterSet.MultiFieldRegister.value
    edu.ucla.cs.compilers.avrora.avrora.sim.FiniteStateMachine.TransitionEvent.newState
    edu.ucla.cs.compilers.avrora.avrora.sim.radio.Medium.Pn
    edu.ucla.cs.compilers.avrora.avrora.sim.radio.CC2420Radio.Receiver.length
    edu.ucla.cs.compilers.avrora.avrora.sim.RWRegister.value
    edu.ucla.cs.compilers.avrora.avrora.sim.mcu.RegisterSet.FieldWriter.writtenMask
    edu.ucla.cs.compilers.avrora.avrora.sim.state.ByteFIFO.save_head
    edu.ucla.cs.compilers.avrora.avrora.sim.state.BooleanRegister.value
    edu.ucla.cs.compilers.avrora.avrora.sim.radio.CC2420Radio.Transmitter.counter
    edu.ucla.cs.compilers.avrora.avrora.sim.clock.DeltaQueue.head
    edu.ucla.cs.compilers.avrora.avrora.sim.InterruptTable.posted
    edu.ucla.cs.compilers.avrora.avrora.sim.clock.DeltaQueue.freeEventLists
    edu.ucla.cs.compilers.avrora.avrora.sim.mcu.SPI.spifAccessed
    edu.ucla.cs.compilers.avrora.avrora.sim.AtmelInterpreter.I
    edu.ucla.cs.compilers.avrora.avrora.sim.radio.CC2420Radio.DSN
    edu.ucla.cs.compilers.avrora.avrora.sim.state.RegisterUtil.BoolView.listener
    edu.ucla.cs.compilers.avrora.avrora.sim.radio.CC2420Radio.AutoAckPend
    edu.ucla.cs.compilers.avrora.avrora.sim.radio.CC2420Radio.SendAck
    edu.ucla.cs.compilers.avrora.avrora.sim.state.ByteFIFO.overflow
    edu.ucla.cs.compilers.avrora.avrora.sim.radio.Medium.TXRX.activated
    edu.ucla.cs.compilers.avrora.avrora.sim.util.TransactionalList.head
    edu.ucla.cs.compilers.avrora.avrora.sim.mcu.SPI.TransferEvent.transmitting
    edu.ucla.cs.compilers.avrora.avrora.sim.radio.CC2420Radio.Transmitter.state
    edu.ucla.cs.compilers.avrora.avrora.sim.state.ByteFIFO.save_used
    edu.ucla.cs.compilers.avrora.avrora.sim.radio.CC2420Radio.FIFOP_active
    edu.ucla.cs.compilers.avrora.avrora.sim.radio.CC2420Radio.Receiver.crc
    edu.ucla.cs.compilers.avrora.avrora.sim.util.InterruptScheduler.currentLine
    edu.ucla.cs.compilers.avrora.avrora.sim.radio.CC2420Radio.CCA_active
    edu.ucla.cs.compilers.avrora.avrora.sim.state.BooleanRegister.listener
    edu.ucla.cs.compilers.avrora.avrora.sim.radio.CC2420Radio.PANId
    edu.ucla.cs.compilers.avrora.avrora.sim.radio.Medium.Transmitter.shutdown
    edu.ucla.cs.compilers.avrora.avrora.sim.AtmelInterpreter.pc
    edu.ucla.cs.compilers.avrora.avrora.sim.radio.CC2420Radio.SFD_active
    edu.ucla.cs.compilers.avrora.avrora.sim.radio.CC2420Radio.BERtotal
    edu.ucla.cs.compilers.avrora.avrora.sim.state.Register.value
    edu.ucla.cs.compilers.avrora.avrora.sim.util.TransactionalList.transTail
    edu.ucla.cs.compilers.avrora.avrora.sim.util.TransactionalList.nesting
    edu.ucla.cs.compilers.avrora.avrora.sim.mcu.RegisterSet.FieldWriter.value
    edu.ucla.cs.compilers.avrora.avrora.sim.mcu.AtmelMicrocontroller.INTPin.oldValue
    edu.ucla.cs.compilers.avrora.avrora.sim.mcu.Microcontroller.Pin.ListenableBooleanViewInput.level
    edu.ucla.cs.compilers.avrora.avrora.sim.radio.CC2420Radio.macPANId
    edu.ucla.cs.compilers.avrora.avrora.sim.mcu.RegisterSet.Field.value
    edu.ucla.cs.compilers.avrora.avrora.sim.radio.CC2420Radio.IEEEAdr
    edu.ucla.cs.compilers.avrora.avrora.sim.radio.CC2420Radio.ClearFlag
    edu.ucla.cs.compilers.avrora.avrora.sim.radio.CC2420Radio.ShortAddr
    edu.ucla.cs.compilers.avrora.avrora.sim.AtmelInterpreter.justActivatedInterrupts
    edu.ucla.cs.compilers.avrora.avrora.sim.state.ByteFIFO.underflow
    edu.ucla.cs.compilers.avrora.avrora.sim.radio.CC2420Radio.FIFO_active
    edu.ucla.cs.compilers.avrora.avrora.sim.radio.Medium.Transmitter.transmission
    edu.ucla.cs.compilers.avrora.avrora.sim.state.ByteFIFO.used
    edu.ucla.cs.compilers.avrora.avrora.sim.radio.Medium.Pr
    edu.ucla.cs.compilers.avrora.avrora.sim.radio.CC2420Radio.LongAdr
    edu.ucla.cs.compilers.avrora.avrora.sim.AtmelInterpreter.delayCycles
    edu.ucla.cs.compilers.avrora.avrora.sim.radio.CC2420Radio.Receiver.crcLow
    edu.ucla.cs.compilers.avrora.avrora.sim.mcu.Timer16Bit.period
    edu.ucla.cs.compilers.avrora.avrora.sim.AtmelInterpreter.shouldRun
    edu.ucla.cs.compilers.avrora.avrora.sim.radio.CC2420Radio.Receiver.counter
    edu.ucla.cs.compilers.avrora.avrora.sim.radio.CC2420Radio.macShortAddr
    edu.ucla.cs.compilers.avrora.avrora.sim.util.TransactionalList.tail
    edu.ucla.cs.compilers.avrora.avrora.sim.mcu.AtmelMicrocontroller.INTPin.notification
    edu.ucla.cs.compilers.avrora.avrora.sim.radio.CC2420Radio.lastCRCok
    edu.ucla.cs.compilers.avrora.avrora.sim.AtmelInterpreter.cyclesConsumed
    edu.ucla.cs.compilers.avrora.avrora.sim.radio.Medium.Receiver.locked
    array access
    array access
    array access
    array access
  INVOVLED STATEMENTS: [443]
    edu.ucla.cs.compilers.avrora.avrora.sim.clock.DeltaQueue.java[294:15,294:20]
    edu.ucla.cs.compilers.avrora.avrora.sim.clock.DeltaQueue.java[254:12,254:17]
    edu.ucla.cs.compilers.avrora.avrora.sim.clock.DeltaQueue.java[202:12,202:17]
    edu.ucla.cs.compilers.avrora.avrora.sim.clock.DeltaQueue.java[195:12,195:17]
    edu.ucla.cs.compilers.avrora.avrora.sim.clock.DeltaQueue.java[220:12,220:17]
    edu.ucla.cs.compilers.avrora.avrora.sim.clock.DeltaQueue.java[225:8,225:13]
    edu.ucla.cs.compilers.avrora.avrora.sim.clock.DeltaQueue.java[270:8,270:13]
    edu.ucla.cs.compilers.avrora.avrora.sim.clock.DeltaQueue.java[248:16,248:21]
    edu.ucla.cs.compilers.avrora.avrora.sim.clock.DeltaQueue.java[398:12,398:18]
    edu.ucla.cs.compilers.avrora.avrora.sim.clock.DeltaQueue.java[398:37,398:43]
    edu.ucla.cs.compilers.avrora.avrora.sim.clock.DeltaQueue.java[410:24,410:30]
    edu.ucla.cs.compilers.avrora.avrora.sim.clock.DeltaQueue.java[403:28,403:34]
    edu.ucla.cs.compilers.avrora.avrora.sim.clock.DeltaQueue.java[424:33,424:39]
    edu.ucla.cs.compilers.avrora.avrora.arch.legacy.LegacyInterpreter.java[265:12,265:20]
    edu.ucla.cs.compilers.avrora.avrora.arch.legacy.LegacyInterpreter.java[134:16,134:24]
    edu.ucla.cs.compilers.avrora.avrora.arch.legacy.LegacyInterpreter.java[242:12,242:20]
    edu.ucla.cs.compilers.avrora.avrora.arch.legacy.LegacyInterpreter.java[2075:8,2075:16]
    edu.ucla.cs.compilers.avrora.avrora.arch.legacy.LegacyInterpreter.java[179:12,179:20]
    edu.ucla.cs.compilers.avrora.avrora.arch.legacy.LegacyInterpreter.java[245:12,245:20]
    edu.ucla.cs.compilers.avrora.avrora.sim.FiniteStateMachine.java[352:49,352:68]
    edu.ucla.cs.compilers.avrora.avrora.sim.FiniteStateMachine.java[378:12,378:31]
    edu.ucla.cs.compilers.avrora.avrora.sim.util.TransactionalList.java[158:12,158:21]
    edu.ucla.cs.compilers.avrora.avrora.sim.util.TransactionalList.java[203:25,203:34]
    edu.ucla.cs.compilers.avrora.avrora.sim.util.TransactionalList.java[204:12,204:21]
    edu.ucla.cs.compilers.avrora.avrora.sim.util.TransactionalList.java[156:12,156:21]
    edu.ucla.cs.compilers.avrora.avrora.sim.radio.CC2420Radio.java[1650:16,1650:21]
    edu.ucla.cs.compilers.avrora.avrora.sim.radio.CC2420Radio.java[1570:16,1570:21]
    edu.ucla.cs.compilers.avrora.avrora.sim.radio.CC2420Radio.java[1547:24,1547:29]
    edu.ucla.cs.compilers.avrora.avrora.sim.radio.CC2420Radio.java[1557:20,1557:25]
    edu.ucla.cs.compilers.avrora.avrora.sim.radio.CC2420Radio.java[1478:20,1478:25]
    edu.ucla.cs.compilers.avrora.avrora.sim.radio.CC2420Radio.java[1462:20,1462:25]
    edu.ucla.cs.compilers.avrora.avrora.sim.radio.CC2420Radio.java[1468:20,1468:25]
    edu.ucla.cs.compilers.avrora.avrora.sim.radio.CC2420Radio.java[1481:20,1481:25]
    edu.ucla.cs.compilers.avrora.avrora.sim.radio.CC2420Radio.java[1523:24,1523:29]
    edu.ucla.cs.compilers.avrora.avrora.sim.radio.CC2420Radio.java[1491:20,1491:25]
    edu.ucla.cs.compilers.avrora.avrora.sim.radio.CC2420Radio.java[1416:16,1416:21]
    edu.ucla.cs.compilers.avrora.avrora.sim.radio.CC2420Radio.java[1500:20,1500:25]
    edu.ucla.cs.compilers.avrora.avrora.sim.radio.CC2420Radio.java[1563:16,1563:21]
    edu.ucla.cs.compilers.avrora.avrora.sim.radio.CC2420Radio.java[1440:24,1440:29]
    edu.ucla.cs.compilers.avrora.avrora.sim.radio.CC2420Radio.java[1451:20,1451:25]
    edu.ucla.cs.compilers.avrora.avrora.sim.radio.CC2420Radio.java[1414:16,1414:21]
    edu.ucla.cs.compilers.avrora.avrora.sim.radio.CC2420Radio.java[1626:20,1626:25]
    edu.ucla.cs.compilers.avrora.avrora.sim.state.ByteFIFO.java[286:20,286:24]
    edu.ucla.cs.compilers.avrora.avrora.sim.state.ByteFIFO.java[269:24,269:28]
    edu.ucla.cs.compilers.avrora.avrora.sim.state.ByteFIFO.java[181:57,181:61]
    edu.ucla.cs.compilers.avrora.avrora.sim.state.ByteFIFO.java[180:36,180:40]
    edu.ucla.cs.compilers.avrora.avrora.sim.state.ByteFIFO.java[185:61,185:65]
    edu.ucla.cs.compilers.avrora.avrora.sim.state.ByteFIFO.java[179:40,179:44]
    edu.ucla.cs.compilers.avrora.avrora.sim.state.ByteFIFO.java[176:52,176:56]
    edu.ucla.cs.compilers.avrora.avrora.sim.state.ByteFIFO.java[88:22,88:26]
    edu.ucla.cs.compilers.avrora.avrora.sim.state.ByteFIFO.java[175:57,175:61]
    edu.ucla.cs.compilers.avrora.avrora.sim.state.ByteFIFO.java[252:20,252:24]
    edu.ucla.cs.compilers.avrora.avrora.sim.state.ByteFIFO.java[175:42,175:46]
    edu.ucla.cs.compilers.avrora.avrora.sim.state.ByteFIFO.java[269:44,269:48]
    edu.ucla.cs.compilers.avrora.avrora.sim.state.ByteFIFO.java[174:47,174:51]
    edu.ucla.cs.compilers.avrora.avrora.sim.state.ByteFIFO.java[174:14,174:18]
    edu.ucla.cs.compilers.avrora.avrora.sim.state.ByteFIFO.java[270:44,270:48]
    edu.ucla.cs.compilers.avrora.avrora.sim.state.ByteFIFO.java[182:25,182:29]
    edu.ucla.cs.compilers.avrora.avrora.sim.state.ByteFIFO.java[185:42,185:46]
    edu.ucla.cs.compilers.avrora.avrora.sim.state.ByteFIFO.java[157:25,157:29]
    edu.ucla.cs.compilers.avrora.avrora.sim.state.ByteFIFO.java[176:19,176:23]
    edu.ucla.cs.compilers.avrora.avrora.arch.legacy.LegacyInterpreter.java[232:13,232:19]
    edu.ucla.cs.compilers.avrora.avrora.arch.legacy.LegacyInterpreter.java[104:8,104:14]
    edu.ucla.cs.compilers.avrora.avrora.arch.legacy.LegacyInterpreter.java[150:8,150:14]
    edu.ucla.cs.compilers.avrora.avrora.arch.legacy.LegacyInterpreter.java[195:41,195:47]
    edu.ucla.cs.compilers.avrora.avrora.arch.legacy.LegacyInterpreter.java[228:15,228:21]
    edu.ucla.cs.compilers.avrora.avrora.sim.AtmelInterpreter.java[944:13,944:19]
    edu.ucla.cs.compilers.avrora.avrora.arch.legacy.LegacyInterpreter.java[231:8,231:14]
    edu.ucla.cs.compilers.avrora.avrora.arch.legacy.LegacyInterpreter.java[206:41,206:47]
    edu.ucla.cs.compilers.avrora.avrora.arch.legacy.LegacyInterpreter.java[273:13,273:19]
    edu.ucla.cs.compilers.avrora.avrora.arch.legacy.LegacyInterpreter.java[272:8,272:14]
    edu.ucla.cs.compilers.avrora.avrora.arch.legacy.LegacyInterpreter.java[317:41,317:47]
    edu.ucla.cs.compilers.avrora.avrora.arch.legacy.LegacyInterpreter.java[300:41,300:47]
    edu.ucla.cs.compilers.avrora.avrora.arch.legacy.LegacyInterpreter.java[205:24,205:30]
    edu.ucla.cs.compilers.avrora.avrora.arch.legacy.LegacyInterpreter.java[316:24,316:30]
    edu.ucla.cs.compilers.avrora.avrora.arch.legacy.LegacyInterpreter.java[269:15,269:21]
    edu.ucla.cs.compilers.avrora.avrora.sim.InterruptTable.java[70:27,70:34]
    edu.ucla.cs.compilers.avrora.avrora.sim.InterruptTable.java[132:8,132:15]
    edu.ucla.cs.compilers.avrora.avrora.sim.InterruptTable.java[116:8,116:15]
    edu.ucla.cs.compilers.avrora.avrora.sim.InterruptTable.java[133:27,133:34]
    edu.ucla.cs.compilers.avrora.avrora.sim.InterruptTable.java[132:36,132:43]
    edu.ucla.cs.compilers.avrora.avrora.sim.InterruptTable.java[116:36,116:43]
    edu.ucla.cs.compilers.avrora.avrora.sim.InterruptTable.java[101:27,101:34]
    edu.ucla.cs.compilers.avrora.avrora.sim.InterruptTable.java[117:27,117:34]
    edu.ucla.cs.compilers.avrora.avrora.sim.InterruptTable.java[231:15,231:22]
    edu.ucla.cs.compilers.avrora.avrora.sim.InterruptTable.java[133:8,133:15]
    edu.ucla.cs.compilers.avrora.avrora.sim.InterruptTable.java[117:8,117:15]
    edu.ucla.cs.compilers.avrora.avrora.sim.InterruptTable.java[70:8,70:15]
    edu.ucla.cs.compilers.avrora.avrora.sim.InterruptTable.java[101:8,101:15]
    edu.ucla.cs.compilers.avrora.avrora.sim.radio.Medium.java[919:12,919:15]
    edu.ucla.cs.compilers.avrora.avrora.sim.FiniteStateMachine.java[359:65,359:73]
    edu.ucla.cs.compilers.avrora.avrora.sim.FiniteStateMachine.java[364:26,364:34]
    edu.ucla.cs.compilers.avrora.avrora.sim.FiniteStateMachine.java[370:27,370:35]
    edu.ucla.cs.compilers.avrora.avrora.sim.FiniteStateMachine.java[371:12,371:20]
    edu.ucla.cs.compilers.avrora.avrora.sim.FiniteStateMachine.java[364:44,364:52]
    edu.ucla.cs.compilers.avrora.avrora.sim.FiniteStateMachine.java[378:34,378:42]
    edu.ucla.cs.compilers.avrora.avrora.sim.FiniteStateMachine.java[349:12,349:20]
    edu.ucla.cs.compilers.avrora.avrora.sim.FiniteStateMachine.java[365:44,365:52]
    edu.ucla.cs.compilers.avrora.avrora.sim.FiniteStateMachine.java[363:32,363:40]
    edu.ucla.cs.compilers.avrora.avrora.sim.FiniteStateMachine.java[357:27,357:35]
    edu.ucla.cs.compilers.avrora.avrora.sim.FiniteStateMachine.java[323:15,323:23]
    edu.ucla.cs.compilers.avrora.avrora.sim.AtmelInterpreter.java[562:17,562:27]
    edu.ucla.cs.compilers.avrora.avrora.sim.AtmelInterpreter.java[561:35,561:45]
    edu.ucla.cs.compilers.avrora.avrora.sim.AtmelInterpreter.java[586:37,586:47]
    edu.ucla.cs.compilers.avrora.avrora.sim.radio.CC2420Radio.java[1381:12,1381:20]
    edu.ucla.cs.compilers.avrora.avrora.sim.radio.CC2420Radio.java[1397:49,1397:57]
    edu.ucla.cs.compilers.avrora.avrora.sim.radio.CC2420Radio.java[1406:12,1406:20]
    edu.ucla.cs.compilers.avrora.avrora.sim.radio.CC2420Radio.java[1382:16,1382:24]
    edu.ucla.cs.compilers.avrora.avrora.sim.radio.CC2420Radio.java[1392:16,1392:24]
    edu.ucla.cs.compilers.avrora.avrora.sim.radio.CC2420Radio.java[1395:34,1395:42]
    edu.ucla.cs.compilers.avrora.avrora.arch.legacy.LegacyInterpreter.java[288:15,288:24]
    edu.ucla.cs.compilers.avrora.avrora.arch.legacy.LegacyInterpreter.java[2076:8,2076:17]
    edu.ucla.cs.compilers.avrora.avrora.arch.legacy.LegacyInterpreter.java[287:8,287:17]
    edu.ucla.cs.compilers.avrora.avrora.arch.legacy.LegacyInterpreter.java[298:15,298:24]
    edu.ucla.cs.compilers.avrora.avrora.sim.AtmelInterpreter.java[373:8,373:17]
    edu.ucla.cs.compilers.avrora.avrora.sim.InterruptTable.java[68:8,68:29]
    edu.ucla.cs.compilers.avrora.avrora.sim.AtmelInterpreter.java[231:12,231:21]
    edu.ucla.cs.compilers.avrora.avrora.arch.legacy.LegacyInterpreter.java[246:12,246:21]
    edu.ucla.cs.compilers.avrora.avrora.arch.legacy.LegacyInterpreter.java[312:8,312:17]
    edu.ucla.cs.compilers.avrora.avrora.arch.legacy.LegacyInterpreter.java[313:15,313:24]
    edu.ucla.cs.compilers.avrora.avrora.arch.legacy.LegacyInterpreter.java[297:8,297:17]
    edu.ucla.cs.compilers.avrora.avrora.sim.mcu.Timer16Bit.java[540:35,540:41]
    edu.ucla.cs.compilers.avrora.avrora.sim.mcu.Timer16Bit.java[548:34,548:40]
    edu.ucla.cs.compilers.avrora.avrora.sim.mcu.Timer16Bit.java[549:8,549:14]
    edu.ucla.cs.compilers.avrora.avrora.sim.mcu.Timer16Bit.java[538:12,538:18]
    edu.ucla.cs.compilers.avrora.avrora.sim.mcu.Timer16Bit.java[547:12,547:18]
    edu.ucla.cs.compilers.avrora.avrora.sim.mcu.Timer16Bit.java[529:39,529:45]
    edu.ucla.cs.compilers.avrora.avrora.sim.mcu.Timer16Bit.java[528:16,528:22]
    edu.ucla.cs.compilers.avrora.avrora.sim.mcu.Timer16Bit.java[537:39,537:45]
    edu.ucla.cs.compilers.avrora.avrora.sim.mcu.Timer16Bit.java[536:16,536:22]
    edu.ucla.cs.compilers.avrora.avrora.sim.radio.CC2420Radio.java[1652:16,1652:36]
    edu.ucla.cs.compilers.avrora.avrora.sim.radio.CC2420Radio.java[346:8,346:28]
    edu.ucla.cs.compilers.avrora.avrora.sim.mcu.SPI.java[184:16,184:21]
    edu.ucla.cs.compilers.avrora.avrora.sim.radio.Medium.java[920:12,920:19]
    edu.ucla.cs.compilers.avrora.avrora.sim.clock.DeltaQueue.java[300:8,300:17]
    edu.ucla.cs.compilers.avrora.avrora.sim.clock.DeltaQueue.java[326:12,326:21]
    edu.ucla.cs.compilers.avrora.avrora.sim.clock.DeltaQueue.java[299:17,299:26]
    edu.ucla.cs.compilers.avrora.avrora.sim.clock.DeltaQueue.java[325:16,325:25]
    edu.ucla.cs.compilers.avrora.avrora.sim.clock.DeltaQueue.java[319:12,319:21]
    edu.ucla.cs.compilers.avrora.avrora.sim.mcu.RegisterSet.java[240:12,240:22]
    edu.ucla.cs.compilers.avrora.avrora.sim.FiniteStateMachine.java[353:22,353:41]
    edu.ucla.cs.compilers.avrora.avrora.sim.FiniteStateMachine.java[379:12,379:31]
    edu.ucla.cs.compilers.avrora.avrora.sim.radio.Medium.java[777:28,777:30]
    edu.ucla.cs.compilers.avrora.avrora.sim.radio.Medium.java[861:19,861:21]
    edu.ucla.cs.compilers.avrora.avrora.sim.radio.Medium.java[548:32,548:34]
    edu.ucla.cs.compilers.avrora.avrora.sim.radio.Medium.java[780:39,780:41]
    edu.ucla.cs.compilers.avrora.avrora.sim.radio.CC2420Radio.java[1623:33,1623:39]
    edu.ucla.cs.compilers.avrora.avrora.sim.radio.CC2420Radio.java[1488:20,1488:26]
    edu.ucla.cs.compilers.avrora.avrora.sim.radio.CC2420Radio.java[1487:16,1487:22]
    edu.ucla.cs.compilers.avrora.avrora.sim.radio.CC2420Radio.java[1544:35,1544:41]
    edu.ucla.cs.compilers.avrora.avrora.sim.radio.CC2420Radio.java[1549:38,1549:44]
    edu.ucla.cs.compilers.avrora.avrora.sim.RWRegister.java[80:20,80:25]
    edu.ucla.cs.compilers.avrora.avrora.sim.RWRegister.java[63:15,63:20]
    edu.ucla.cs.compilers.avrora.avrora.sim.RWRegister.java[78:19,78:24]
    edu.ucla.cs.compilers.avrora.avrora.sim.RWRegister.java[79:8,79:13]
    edu.ucla.cs.compilers.avrora.avrora.sim.mcu.RegisterSet.java[111:33,111:44]
    edu.ucla.cs.compilers.avrora.avrora.sim.mcu.RegisterSet.java[113:12,113:23]
    edu.ucla.cs.compilers.avrora.avrora.sim.state.ByteFIFO.java[286:8,286:17]
    edu.ucla.cs.compilers.avrora.avrora.sim.FiniteStateMachine.java[125:35,125:43]
    edu.ucla.cs.compilers.avrora.avrora.sim.FiniteStateMachine.java[123:29,123:37]
    edu.ucla.cs.compilers.avrora.avrora.sim.FiniteStateMachine.java[123:47,123:55]
    edu.ucla.cs.compilers.avrora.avrora.sim.FiniteStateMachine.java[124:47,124:55]
    edu.ucla.cs.compilers.avrora.avrora.sim.state.BooleanRegister.java[31:8,31:13]
    edu.ucla.cs.compilers.avrora.avrora.sim.state.BooleanRegister.java[24:15,24:20]
    edu.ucla.cs.compilers.avrora.avrora.sim.radio.CC2420Radio.java[1269:16,1269:23]
    edu.ucla.cs.compilers.avrora.avrora.sim.clock.DeltaQueue.java[100:12,100:16]
    edu.ucla.cs.compilers.avrora.avrora.sim.clock.DeltaQueue.java[147:12,147:16]
    edu.ucla.cs.compilers.avrora.avrora.sim.clock.DeltaQueue.java[135:12,135:16]
    edu.ucla.cs.compilers.avrora.avrora.sim.clock.DeltaQueue.java[106:19,106:23]
    edu.ucla.cs.compilers.avrora.avrora.sim.clock.DeltaQueue.java[152:19,152:23]
    edu.ucla.cs.compilers.avrora.avrora.sim.clock.DeltaQueue.java[98:12,98:16]
    edu.ucla.cs.compilers.avrora.avrora.sim.clock.DeltaQueue.java[162:20,162:24]
    edu.ucla.cs.compilers.avrora.avrora.sim.clock.DeltaQueue.java[192:12,192:16]
    edu.ucla.cs.compilers.avrora.avrora.sim.clock.DeltaQueue.java[237:23,237:27]
    edu.ucla.cs.compilers.avrora.avrora.sim.clock.DeltaQueue.java[224:17,224:21]
    edu.ucla.cs.compilers.avrora.avrora.sim.clock.DeltaQueue.java[234:15,234:19]
    edu.ucla.cs.compilers.avrora.avrora.sim.clock.DeltaQueue.java[226:8,226:12]
    edu.ucla.cs.compilers.avrora.avrora.sim.clock.DeltaQueue.java[257:12,257:16]
    edu.ucla.cs.compilers.avrora.avrora.sim.clock.DeltaQueue.java[217:12,217:16]
    edu.ucla.cs.compilers.avrora.avrora.sim.InterruptTable.java[69:35,69:41]
    edu.ucla.cs.compilers.avrora.avrora.sim.InterruptTable.java[69:8,69:14]
    edu.ucla.cs.compilers.avrora.avrora.sim.InterruptTable.java[100:8,100:14]
    edu.ucla.cs.compilers.avrora.avrora.sim.InterruptTable.java[117:18,117:24]
    edu.ucla.cs.compilers.avrora.avrora.sim.InterruptTable.java[70:18,70:24]
    edu.ucla.cs.compilers.avrora.avrora.sim.InterruptTable.java[100:35,100:41]
    edu.ucla.cs.compilers.avrora.avrora.sim.InterruptTable.java[101:18,101:24]
    edu.ucla.cs.compilers.avrora.avrora.sim.InterruptTable.java[133:18,133:24]
    edu.ucla.cs.compilers.avrora.avrora.sim.clock.DeltaQueue.java[353:12,353:26]
    edu.ucla.cs.compilers.avrora.avrora.sim.clock.DeltaQueue.java[313:8,313:22]
    edu.ucla.cs.compilers.avrora.avrora.sim.clock.DeltaQueue.java[312:17,312:31]
    edu.ucla.cs.compilers.avrora.avrora.sim.clock.DeltaQueue.java[345:12,345:26]
    edu.ucla.cs.compilers.avrora.avrora.sim.clock.DeltaQueue.java[352:16,352:30]
    edu.ucla.cs.compilers.avrora.avrora.sim.state.ByteFIFO.java[252:8,252:17]
    edu.ucla.cs.compilers.avrora.avrora.sim.state.ByteFIFO.java[269:32,269:41]
    edu.ucla.cs.compilers.avrora.avrora.sim.state.ByteFIFO.java[269:51,269:60]
    edu.ucla.cs.compilers.avrora.avrora.sim.state.ByteFIFO.java[270:32,270:41]
    edu.ucla.cs.compilers.avrora.avrora.sim.mcu.SPI.java[411:12,411:24]
    edu.ucla.cs.compilers.avrora.avrora.arch.legacy.LegacyInterpreter.java[167:19,167:20]
    edu.ucla.cs.compilers.avrora.avrora.arch.legacy.LegacyInterpreter.java[235:8,235:9]
    edu.ucla.cs.compilers.avrora.avrora.arch.legacy.LegacyInterpreter.java[276:8,276:9]
    edu.ucla.cs.compilers.avrora.avrora.arch.legacy.LegacyInterpreter.java[124:16,124:17]
    edu.ucla.cs.compilers.avrora.avrora.sim.radio.CC2420Radio.java[1688:20,1688:23]
    edu.ucla.cs.compilers.avrora.avrora.sim.radio.CC2420Radio.java[1533:24,1533:27]
    edu.ucla.cs.compilers.avrora.avrora.sim.mcu.ATMegaFamily.java[136:42,136:47]
    edu.ucla.cs.compilers.avrora.avrora.sim.mcu.ATMegaFamily.java[129:42,129:47]
    edu.ucla.cs.compilers.avrora.avrora.sim.mcu.ATMegaFamily.java[136:16,136:21]
    edu.ucla.cs.compilers.avrora.avrora.sim.mcu.ATMegaFamily.java[129:16,129:21]
    edu.ucla.cs.compilers.avrora.avrora.sim.state.RegisterUtil.java[148:12,148:25]
    edu.ucla.cs.compilers.avrora.avrora.sim.state.RegisterUtil.java[140:16,140:24]
    edu.ucla.cs.compilers.avrora.avrora.sim.state.RegisterUtil.java[138:16,138:24]
    edu.ucla.cs.compilers.avrora.avrora.sim.radio.CC2420Radio.java[343:8,343:19]
    edu.ucla.cs.compilers.avrora.avrora.sim.radio.CC2420Radio.java[1611:38,1611:49]
    edu.ucla.cs.compilers.avrora.avrora.sim.mcu.ATMegaFamily.java[222:12,222:17]
    edu.ucla.cs.compilers.avrora.avrora.sim.radio.CC2420Radio.java[342:8,342:15]
    edu.ucla.cs.compilers.avrora.avrora.sim.radio.CC2420Radio.java[1591:20,1591:27]
    edu.ucla.cs.compilers.avrora.avrora.sim.radio.CC2420Radio.java[1627:20,1627:27]
    edu.ucla.cs.compilers.avrora.avrora.sim.radio.CC2420Radio.java[1419:20,1419:27]
    edu.ucla.cs.compilers.avrora.avrora.sim.radio.CC2420Radio.java[1611:28,1611:35]
    edu.ucla.cs.compilers.avrora.avrora.sim.state.ByteFIFO.java[284:8,284:16]
    edu.ucla.cs.compilers.avrora.avrora.sim.RWRegister.java[116:8,116:13]
    edu.ucla.cs.compilers.avrora.avrora.sim.RWRegister.java[108:15,108:20]
    edu.ucla.cs.compilers.avrora.avrora.sim.RWRegister.java[115:19,115:24]
    edu.ucla.cs.compilers.avrora.avrora.sim.state.ByteFIFO.java[86:12,86:20]
    edu.ucla.cs.compilers.avrora.avrora.sim.state.ByteFIFO.java[215:15,215:23]
    edu.ucla.cs.compilers.avrora.avrora.sim.radio.Medium.java[477:12,477:21]
    edu.ucla.cs.compilers.avrora.avrora.sim.radio.Medium.java[501:16,501:25]
    edu.ucla.cs.compilers.avrora.avrora.sim.radio.Medium.java[662:20,662:29]
    edu.ucla.cs.compilers.avrora.avrora.sim.radio.CC2420Radio.java[1779:20,1779:29]
    edu.ucla.cs.compilers.avrora.avrora.sim.util.TransactionalList.java[136:20,136:24]
    edu.ucla.cs.compilers.avrora.avrora.sim.util.MulticastProbe.java[83:24,83:28]
    edu.ucla.cs.compilers.avrora.avrora.sim.util.TransactionalList.java[100:12,100:16]
    edu.ucla.cs.compilers.avrora.avrora.sim.util.TransactionalList.java[176:15,176:19]
    edu.ucla.cs.compilers.avrora.avrora.sim.util.TransactionalList.java[98:12,98:16]
    edu.ucla.cs.compilers.avrora.avrora.sim.util.MulticastProbe.java[64:24,64:28]
    edu.ucla.cs.compilers.avrora.avrora.sim.util.TransactionalList.java[126:19,126:23]
    edu.ucla.cs.compilers.avrora.avrora.sim.radio.Medium.java[373:16,373:25]
    edu.ucla.cs.compilers.avrora.avrora.sim.radio.Medium.java[357:17,357:26]
    edu.ucla.cs.compilers.avrora.avrora.sim.radio.Medium.java[360:16,360:25]
    edu.ucla.cs.compilers.avrora.avrora.sim.mcu.SPI.java[183:16,183:28]
    edu.ucla.cs.compilers.avrora.avrora.sim.mcu.SPI.java[175:24,175:36]
    edu.ucla.cs.compilers.avrora.avrora.sim.radio.CC2420Radio.java[1268:16,1268:21]
    edu.ucla.cs.compilers.avrora.avrora.sim.state.ByteFIFO.java[276:19,276:28]
    edu.ucla.cs.compilers.avrora.avrora.sim.state.ByteFIFO.java[253:8,253:17]
    edu.ucla.cs.compilers.avrora.avrora.sim.state.ByteFIFO.java[287:8,287:17]
    edu.ucla.cs.compilers.avrora.avrora.sim.state.ByteFIFO.java[271:25,271:34]
    edu.ucla.cs.compilers.avrora.avrora.sim.state.ByteFIFO.java[88:12,88:37]
    edu.ucla.cs.compilers.avrora.avrora.sim.state.ByteFIFO.java[157:15,157:37]
    edu.ucla.cs.compilers.avrora.avrora.sim.state.ByteFIFO.java[305:24,305:40]
    edu.ucla.cs.compilers.avrora.avrora.sim.radio.CC2420Radio.java[1663:39,1663:51]
    edu.ucla.cs.compilers.avrora.avrora.sim.radio.CC2420Radio.java[1601:39,1601:51]
    edu.ucla.cs.compilers.avrora.avrora.sim.radio.CC2420Radio.java[338:8,338:20]
    edu.ucla.cs.compilers.avrora.avrora.sim.radio.CC2420Radio.java[350:28,350:40]
    edu.ucla.cs.compilers.avrora.avrora.sim.radio.CC2420Radio.java[432:64,432:76]
    edu.ucla.cs.compilers.avrora.avrora.sim.radio.CC2420Radio.java[1649:35,1649:47]
    edu.ucla.cs.compilers.avrora.avrora.sim.radio.CC2420Radio.java[428:12,428:24]
    edu.ucla.cs.compilers.avrora.avrora.sim.radio.CC2420Radio.java[432:48,432:60]
    edu.ucla.cs.compilers.avrora.avrora.sim.radio.CC2420Radio.java[1552:39,1552:51]
    edu.ucla.cs.compilers.avrora.avrora.sim.radio.CC2420Radio.java[1758:36,1758:48]
    edu.ucla.cs.compilers.avrora.avrora.sim.radio.CC2420Radio.java[424:61,424:73]
    edu.ucla.cs.compilers.avrora.avrora.sim.radio.CC2420Radio.java[1501:20,1501:23]
    edu.ucla.cs.compilers.avrora.avrora.sim.radio.CC2420Radio.java[1543:20,1543:23]
    edu.ucla.cs.compilers.avrora.avrora.sim.radio.CC2420Radio.java[1543:40,1543:43]
    edu.ucla.cs.compilers.avrora.avrora.sim.radio.CC2420Radio.java[1576:33,1576:36]
    edu.ucla.cs.compilers.avrora.avrora.sim.util.InterruptScheduler.java[131:16,131:27]
    edu.ucla.cs.compilers.avrora.avrora.sim.util.InterruptScheduler.java[113:38,113:49]
    edu.ucla.cs.compilers.avrora.avrora.sim.util.InterruptScheduler.java[127:38,127:49]
    edu.ucla.cs.compilers.avrora.avrora.sim.util.InterruptScheduler.java[120:58,120:69]
    edu.ucla.cs.compilers.avrora.avrora.sim.radio.CC2420Radio.java[434:58,434:68]
    edu.ucla.cs.compilers.avrora.avrora.sim.radio.CC2420Radio.java[426:57,426:67]
    edu.ucla.cs.compilers.avrora.avrora.sim.radio.CC2420Radio.java[339:8,339:18]
    edu.ucla.cs.compilers.avrora.avrora.sim.radio.CC2420Radio.java[430:12,430:22]
    edu.ucla.cs.compilers.avrora.avrora.sim.radio.CC2420Radio.java[434:44,434:54]
    edu.ucla.cs.compilers.avrora.avrora.sim.state.BooleanRegister.java[42:8,42:21]
    edu.ucla.cs.compilers.avrora.avrora.sim.state.BooleanRegister.java[34:12,34:20]
    edu.ucla.cs.compilers.avrora.avrora.sim.state.BooleanRegister.java[32:12,32:20]
    edu.ucla.cs.compilers.avrora.avrora.sim.InterruptTable.java[196:8,196:20]
    edu.ucla.cs.compilers.avrora.avrora.sim.InterruptTable.java[168:25,168:37]
    edu.ucla.cs.compilers.avrora.avrora.sim.InterruptTable.java[207:15,207:27]
    edu.ucla.cs.compilers.avrora.avrora.sim.InterruptTable.java[87:25,87:37]
    edu.ucla.cs.compilers.avrora.avrora.sim.radio.CC2420Radio.java[1714:54,1714:59]
    edu.ucla.cs.compilers.avrora.avrora.sim.radio.CC2420Radio.java[1691:16,1691:21]
    edu.ucla.cs.compilers.avrora.avrora.sim.radio.CC2420Radio.java[1695:39,1695:44]
    edu.ucla.cs.compilers.avrora.avrora.sim.radio.CC2420Radio.java[1696:46,1696:51]
    edu.ucla.cs.compilers.avrora.avrora.sim.radio.CC2420Radio.java[1705:47,1705:52]
    edu.ucla.cs.compilers.avrora.avrora.sim.radio.Medium.java[375:16,375:24]
    edu.ucla.cs.compilers.avrora.avrora.sim.AtmelInterpreter.java[1108:19,1108:21]
    edu.ucla.cs.compilers.avrora.avrora.arch.legacy.LegacyInterpreter.java[103:8,103:10]
    edu.ucla.cs.compilers.avrora.avrora.sim.AtmelInterpreter.java[944:8,944:10]
    edu.ucla.cs.compilers.avrora.avrora.arch.legacy.LegacyInterpreter.java[104:17,104:19]
    edu.ucla.cs.compilers.avrora.avrora.arch.legacy.LegacyInterpreter.java[150:17,150:19]
    edu.ucla.cs.compilers.avrora.avrora.arch.legacy.LegacyInterpreter.java[232:8,232:10]
    edu.ucla.cs.compilers.avrora.avrora.arch.legacy.LegacyInterpreter.java[273:8,273:10]
    edu.ucla.cs.compilers.avrora.avrora.sim.radio.CC2420Radio.java[1452:40,1452:50]
    edu.ucla.cs.compilers.avrora.avrora.sim.radio.CC2420Radio.java[1469:39,1469:49]
    edu.ucla.cs.compilers.avrora.avrora.sim.radio.CC2420Radio.java[429:12,429:22]
    edu.ucla.cs.compilers.avrora.avrora.sim.radio.CC2420Radio.java[1602:40,1602:50]
    edu.ucla.cs.compilers.avrora.avrora.sim.radio.CC2420Radio.java[433:58,433:68]
    edu.ucla.cs.compilers.avrora.avrora.sim.radio.CC2420Radio.java[340:8,340:18]
    edu.ucla.cs.compilers.avrora.avrora.sim.radio.CC2420Radio.java[1522:44,1522:54]
    edu.ucla.cs.compilers.avrora.avrora.sim.radio.CC2420Radio.java[1490:40,1490:50]
    edu.ucla.cs.compilers.avrora.avrora.sim.radio.CC2420Radio.java[433:44,433:54]
    edu.ucla.cs.compilers.avrora.avrora.sim.radio.CC2420Radio.java[1553:40,1553:50]
    edu.ucla.cs.compilers.avrora.avrora.sim.radio.CC2420Radio.java[425:57,425:67]
    edu.ucla.cs.compilers.avrora.avrora.sim.radio.CC2420Radio.java[1407:12,1407:20]
    edu.ucla.cs.compilers.avrora.avrora.sim.radio.CC2420Radio.java[1384:16,1384:24]
    edu.ucla.cs.compilers.avrora.avrora.sim.radio.CC2420Radio.java[1395:22,1395:30]
    edu.ucla.cs.compilers.avrora.avrora.sim.state.Register.java[166:21,166:26]
    edu.ucla.cs.compilers.avrora.avrora.sim.state.Register.java[167:8,167:13]
    edu.ucla.cs.compilers.avrora.avrora.sim.state.Register.java[168:23,168:28]
    edu.ucla.cs.compilers.avrora.avrora.sim.state.Register.java[150:15,150:20]
    edu.ucla.cs.compilers.avrora.avrora.sim.util.TransactionalList.java[205:12,205:21]
    edu.ucla.cs.compilers.avrora.avrora.sim.util.TransactionalList.java[162:12,162:21]
    edu.ucla.cs.compilers.avrora.avrora.sim.util.TransactionalList.java[158:24,158:33]
    edu.ucla.cs.compilers.avrora.avrora.sim.util.TransactionalList.java[92:12,92:19]
    edu.ucla.cs.compilers.avrora.avrora.sim.util.TransactionalList.java[189:8,189:15]
    edu.ucla.cs.compilers.avrora.avrora.sim.util.TransactionalList.java[200:8,200:15]
    edu.ucla.cs.compilers.avrora.avrora.sim.util.TransactionalList.java[201:12,201:19]
    edu.ucla.cs.compilers.avrora.avrora.sim.util.TransactionalList.java[119:12,119:19]
    edu.ucla.cs.compilers.avrora.avrora.sim.mcu.RegisterSet.java[111:26,111:31]
    edu.ucla.cs.compilers.avrora.avrora.sim.mcu.RegisterSet.java[112:12,112:17]
    edu.ucla.cs.compilers.avrora.avrora.sim.mcu.AtmelMicrocontroller.java[359:34,359:42]
    edu.ucla.cs.compilers.avrora.avrora.sim.mcu.AtmelMicrocontroller.java[376:12,376:20]
    edu.ucla.cs.compilers.avrora.avrora.sim.mcu.Microcontroller.java[317:36,317:41]
    edu.ucla.cs.compilers.avrora.avrora.sim.mcu.Microcontroller.java[311:20,311:25]
    edu.ucla.cs.compilers.avrora.avrora.sim.mcu.Microcontroller.java[313:16,313:21]
    edu.ucla.cs.compilers.avrora.avrora.sim.mcu.Microcontroller.java[308:36,308:41]
    edu.ucla.cs.compilers.avrora.avrora.sim.mcu.Microcontroller.java[330:23,330:28]
    edu.ucla.cs.compilers.avrora.avrora.sim.mcu.Microcontroller.java[340:16,340:21]
    edu.ucla.cs.compilers.avrora.avrora.sim.mcu.Microcontroller.java[314:16,314:21]
    edu.ucla.cs.compilers.avrora.avrora.sim.radio.CC2420Radio.java[1692:16,1692:24]
    edu.ucla.cs.compilers.avrora.avrora.sim.radio.CC2420Radio.java[1695:46,1695:54]
    edu.ucla.cs.compilers.avrora.avrora.sim.radio.CC2420Radio.java[1714:61,1714:69]
    edu.ucla.cs.compilers.avrora.avrora.sim.radio.CC2420Radio.java[1705:54,1705:62]
    edu.ucla.cs.compilers.avrora.avrora.sim.radio.CC2420Radio.java[1706:54,1706:62]
    edu.ucla.cs.compilers.avrora.avrora.sim.mcu.RegisterSet.java[78:12,78:17]
    edu.ucla.cs.compilers.avrora.avrora.sim.mcu.RegisterSet.java[78:20,78:25]
    edu.ucla.cs.compilers.avrora.avrora.sim.mcu.Timer16Bit.java[300:36,300:41]
    edu.ucla.cs.compilers.avrora.avrora.sim.mcu.Timer16Bit.java[293:36,293:41]
    edu.ucla.cs.compilers.avrora.avrora.sim.radio.CC2420Radio.java[1735:20,1735:27]
    edu.ucla.cs.compilers.avrora.avrora.sim.radio.CC2420Radio.java[1737:48,1737:55]
    edu.ucla.cs.compilers.avrora.avrora.sim.radio.CC2420Radio.java[345:8,345:17]
    edu.ucla.cs.compilers.avrora.avrora.sim.radio.CC2420Radio.java[1721:16,1721:25]
    edu.ucla.cs.compilers.avrora.avrora.sim.radio.CC2420Radio.java[1726:39,1726:48]
    edu.ucla.cs.compilers.avrora.avrora.sim.radio.CC2420Radio.java[1727:46,1727:55]
    edu.ucla.cs.compilers.avrora.avrora.arch.legacy.LegacyInterpreter.java[161:12,161:35]
    edu.ucla.cs.compilers.avrora.avrora.arch.legacy.LegacyInterpreter.java[166:12,166:35]
    edu.ucla.cs.compilers.avrora.avrora.arch.legacy.LegacyInterpreter.java[116:16,116:39]
    edu.ucla.cs.compilers.avrora.avrora.sim.state.ByteFIFO.java[285:8,285:17]
    edu.ucla.cs.compilers.avrora.avrora.sim.radio.CC2420Radio.java[349:27,349:38]
    edu.ucla.cs.compilers.avrora.avrora.sim.radio.CC2420Radio.java[1656:34,1656:45]
    edu.ucla.cs.compilers.avrora.avrora.sim.radio.CC2420Radio.java[423:59,423:70]
    edu.ucla.cs.compilers.avrora.avrora.sim.radio.CC2420Radio.java[431:46,431:57]
    edu.ucla.cs.compilers.avrora.avrora.sim.radio.CC2420Radio.java[427:12,427:23]
    edu.ucla.cs.compilers.avrora.avrora.sim.radio.CC2420Radio.java[1754:35,1754:46]
    edu.ucla.cs.compilers.avrora.avrora.sim.radio.CC2420Radio.java[337:8,337:19]
    edu.ucla.cs.compilers.avrora.avrora.sim.radio.CC2420Radio.java[1648:35,1648:46]
    edu.ucla.cs.compilers.avrora.avrora.sim.radio.CC2420Radio.java[431:61,431:72]
    edu.ucla.cs.compilers.avrora.avrora.sim.radio.Medium.java[376:16,376:28]
    edu.ucla.cs.compilers.avrora.avrora.sim.radio.Medium.java[359:16,359:28]
    edu.ucla.cs.compilers.avrora.avrora.sim.mcu.Timer16Bit.java[600:27,600:32]
    edu.ucla.cs.compilers.avrora.avrora.sim.mcu.ATMegaFamily.java[187:12,187:17]
    edu.ucla.cs.compilers.avrora.avrora.sim.mcu.ATMegaFamily.java[187:38,187:43]
    edu.ucla.cs.compilers.avrora.avrora.sim.state.ByteFIFO.java[276:12,276:16]
    edu.ucla.cs.compilers.avrora.avrora.sim.state.ByteFIFO.java[227:15,227:19]
    edu.ucla.cs.compilers.avrora.avrora.sim.state.ByteFIFO.java[239:15,239:19]
    edu.ucla.cs.compilers.avrora.avrora.sim.state.ByteFIFO.java[233:15,233:19]
    edu.ucla.cs.compilers.avrora.avrora.sim.state.ByteFIFO.java[253:20,253:24]
    edu.ucla.cs.compilers.avrora.avrora.sim.state.ByteFIFO.java[88:29,88:33]
    edu.ucla.cs.compilers.avrora.avrora.sim.state.ByteFIFO.java[287:20,287:24]
    edu.ucla.cs.compilers.avrora.avrora.sim.state.ByteFIFO.java[273:12,273:16]
    edu.ucla.cs.compilers.avrora.avrora.sim.radio.Medium.java[544:32,544:34]
    edu.ucla.cs.compilers.avrora.avrora.sim.radio.Medium.java[780:34,780:36]
    edu.ucla.cs.compilers.avrora.avrora.sim.radio.Medium.java[854:19,854:21]
    edu.ucla.cs.compilers.avrora.avrora.sim.radio.Medium.java[774:28,774:30]
    edu.ucla.cs.compilers.avrora.avrora.sim.radio.Medium.java[550:39,550:41]
    edu.ucla.cs.compilers.avrora.avrora.sim.radio.Medium.java[779:35,779:37]
    edu.ucla.cs.compilers.avrora.avrora.sim.radio.CC2420Radio.java[1734:20,1734:27]
    edu.ucla.cs.compilers.avrora.avrora.sim.radio.CC2420Radio.java[1738:46,1738:53]
    edu.ucla.cs.compilers.avrora.avrora.sim.radio.CC2420Radio.java[1737:39,1737:46]
    edu.ucla.cs.compilers.avrora.avrora.sim.AtmelInterpreter.java[374:8,374:19]
    edu.ucla.cs.compilers.avrora.avrora.arch.legacy.LegacyInterpreter.java[156:12,156:23]
    edu.ucla.cs.compilers.avrora.avrora.arch.legacy.LegacyInterpreter.java[113:16,113:27]
    edu.ucla.cs.compilers.avrora.avrora.arch.legacy.LegacyInterpreter.java[110:16,110:27]
    edu.ucla.cs.compilers.avrora.avrora.arch.legacy.LegacyInterpreter.java[153:12,153:23]
    edu.ucla.cs.compilers.avrora.avrora.arch.legacy.LegacyInterpreter.java[112:29,112:40]
    edu.ucla.cs.compilers.avrora.avrora.sim.radio.CC2420Radio.java[1562:16,1562:22]
    edu.ucla.cs.compilers.avrora.avrora.sim.radio.CC2420Radio.java[1572:56,1572:62]
    edu.ucla.cs.compilers.avrora.avrora.sim.mcu.Timer16Bit.java[539:12,539:18]
    edu.ucla.cs.compilers.avrora.avrora.sim.mcu.Timer16Bit.java[550:33,550:39]
    edu.ucla.cs.compilers.avrora.avrora.sim.mcu.Timer16Bit.java[540:43,540:49]
    edu.ucla.cs.compilers.avrora.avrora.arch.legacy.LegacyInterpreter.java[107:15,107:24]
    edu.ucla.cs.compilers.avrora.avrora.sim.AtmelInterpreter.java[170:8,170:17]
    edu.ucla.cs.compilers.avrora.avrora.sim.radio.CC2420Radio.java[1544:24,1544:31]
    edu.ucla.cs.compilers.avrora.avrora.sim.radio.CC2420Radio.java[1499:20,1499:27]
    edu.ucla.cs.compilers.avrora.avrora.sim.radio.CC2420Radio.java[1516:56,1516:63]
    edu.ucla.cs.compilers.avrora.avrora.sim.radio.CC2420Radio.java[1549:27,1549:34]
    edu.ucla.cs.compilers.avrora.avrora.sim.radio.CC2420Radio.java[1507:16,1507:23]
    edu.ucla.cs.compilers.avrora.avrora.sim.radio.CC2420Radio.java[1623:22,1623:29]
    edu.ucla.cs.compilers.avrora.avrora.sim.radio.CC2420Radio.java[1530:24,1530:31]
    edu.ucla.cs.compilers.avrora.avrora.sim.radio.CC2420Radio.java[915:21,915:38]
    edu.ucla.cs.compilers.avrora.avrora.sim.radio.CC2420Radio.java[1466:41,1466:60]
    edu.ucla.cs.compilers.avrora.avrora.sim.state.RegisterUtil.java[228:19,228:32]
    edu.ucla.cs.compilers.avrora.avrora.sim.radio.CC2420Radio.java[1476:40,1476:59]
    edu.ucla.cs.compilers.avrora.avrora.sim.radio.CC2420Radio.java[656:8,656:23]
    edu.ucla.cs.compilers.avrora.avrora.sim.radio.CC2420Radio.java[405:8,405:23]
    edu.ucla.cs.compilers.avrora.avrora.sim.state.RegisterUtil.java[236:12,236:25]
    edu.ucla.cs.compilers.avrora.avrora.sim.radio.CC2420Radio.java[378:24,378:39]
    edu.ucla.cs.compilers.avrora.avrora.sim.radio.CC2420Radio.java[1726:50,1726:62]
    edu.ucla.cs.compilers.avrora.avrora.sim.radio.CC2420Radio.java[1722:16,1722:28]
    edu.ucla.cs.compilers.avrora.avrora.sim.util.TransactionalList.java[100:19,100:23]
    edu.ucla.cs.compilers.avrora.avrora.sim.util.TransactionalList.java[141:27,141:31]
    edu.ucla.cs.compilers.avrora.avrora.sim.util.TransactionalList.java[142:20,142:24]
    edu.ucla.cs.compilers.avrora.avrora.sim.util.TransactionalList.java[104:12,104:16]
    edu.ucla.cs.compilers.avrora.avrora.sim.mcu.AtmelMicrocontroller.java[366:59,366:71]
    edu.ucla.cs.compilers.avrora.avrora.sim.mcu.AtmelMicrocontroller.java[365:24,365:36]
    edu.ucla.cs.compilers.avrora.avrora.sim.mcu.AtmelMicrocontroller.java[364:43,364:55]
    edu.ucla.cs.compilers.avrora.avrora.sim.radio.CC2420Radio.java[1590:20,1590:29]
    edu.ucla.cs.compilers.avrora.avrora.sim.radio.CC2420Radio.java[1579:20,1579:29]
    edu.ucla.cs.compilers.avrora.avrora.sim.radio.CC2420Radio.java[1556:20,1556:29]
    edu.ucla.cs.compilers.avrora.avrora.sim.radio.CC2420Radio.java[1534:24,1534:33]
    edu.ucla.cs.compilers.avrora.avrora.sim.radio.CC2420Radio.java[1419:47,1419:56]
    edu.ucla.cs.compilers.avrora.avrora.sim.radio.CC2420Radio.java[1651:16,1651:25]
    edu.ucla.cs.compilers.avrora.avrora.sim.radio.CC2420Radio.java[1603:24,1603:33]
    edu.ucla.cs.compilers.avrora.avrora.sim.radio.CC2420Radio.java[344:8,344:17]
    edu.ucla.cs.compilers.avrora.avrora.sim.AtmelInterpreter.java[359:8,359:22]
    edu.ucla.cs.compilers.avrora.avrora.sim.AtmelInterpreter.java[945:22,945:36]
    edu.ucla.cs.compilers.avrora.avrora.sim.AtmelInterpreter.java[946:8,946:22]
    edu.ucla.cs.compilers.avrora.avrora.arch.legacy.LegacyInterpreter.java[105:8,105:22]
    edu.ucla.cs.compilers.avrora.avrora.arch.legacy.LegacyInterpreter.java[211:21,211:35]
    edu.ucla.cs.compilers.avrora.avrora.arch.legacy.LegacyInterpreter.java[200:21,200:35]
    edu.ucla.cs.compilers.avrora.avrora.sim.radio.Medium.java[705:24,705:30]
    edu.ucla.cs.compilers.avrora.avrora.sim.radio.Medium.java[478:12,478:18]
    edu.ucla.cs.compilers.avrora.avrora.sim.radio.Medium.java[471:16,471:22]
    edu.ucla.cs.compilers.avrora.avrora.sim.radio.Medium.java[810:20,810:26]
    edu.ucla.cs.compilers.avrora.avrora.sim.radio.Medium.java[501:29,501:35]
    edu.ucla.cs.compilers.avrora.avrora.sim.radio.Medium.java[712:24,712:30]
    edu.ucla.cs.compilers.avrora.avrora.sim.radio.Medium.java[664:24,664:30]
    edu.ucla.cs.compilers.avrora.avrora.sim.FiniteStateMachine.java[121:12,121:20]
    edu.ucla.cs.compilers.avrora.avrora.sim.FiniteStateMachine.java[121:23,121:31]
    edu.ucla.cs.compilers.avrora.avrora.sim.FiniteStateMachine.java[124:29,124:37]
    edu.ucla.cs.compilers.avrora.avrora.sim.FiniteStateMachine.java[124:57,124:65]
    edu.ucla.cs.compilers.avrora.avrora.sim.FiniteStateMachine.java[123:57,123:65]
    edu.ucla.cs.compilers.avrora.avrora.sim.FiniteStateMachine.java[125:45,125:53]
================================================================================

================================================================================
DATA RACE ANALYSIS FOR 'avrora':
  CLASS WITH MAIN METHOD: edu.ucla.cs.compilers.avrora.avrora.Main
  SAMPLING STRATEGY: LIMIT TO 3
  CONFLICT CONDITION: FUZZY
  TIME: 1061906ms
  DETECTED RACES: [91]
    edu.ucla.cs.compilers.avrora.avrora.sim.clock.DeltaQueue.count
    edu.ucla.cs.compilers.avrora.avrora.sim.clock.DeltaQueue.Link.events
    edu.ucla.cs.compilers.avrora.avrora.sim.AtmelInterpreter.sleeping
    edu.ucla.cs.compilers.avrora.avrora.sim.clock.DeltaQueue.EventList.next
    edu.ucla.cs.compilers.avrora.avrora.sim.FiniteStateMachine.TransitionEvent.oldState
    edu.ucla.cs.compilers.avrora.avrora.sim.util.TransactionalList.transHead
    edu.ucla.cs.compilers.avrora.avrora.sim.util.TransactionalList.Link.next
    edu.ucla.cs.compilers.avrora.avrora.sim.radio.CC2420Radio.Receiver.state
    edu.ucla.cs.compilers.avrora.avrora.sim.state.ByteFIFO.head
    edu.ucla.cs.compilers.avrora.avrora.sim.AtmelInterpreter.nextPC
    edu.ucla.cs.compilers.avrora.avrora.sim.InterruptTable.enabled
    edu.ucla.cs.compilers.avrora.avrora.sim.InterruptTable.pending
    edu.ucla.cs.compilers.avrora.avrora.sim.radio.Medium.Transmission.end
    edu.ucla.cs.compilers.avrora.avrora.sim.FiniteStateMachine.curState
    edu.ucla.cs.compilers.avrora.avrora.sim.radio.CC2420Radio.BERcount
    edu.ucla.cs.compilers.avrora.avrora.sim.Interpreter.innerLoop
    edu.ucla.cs.compilers.avrora.avrora.sim.mcu.Timer16Bit.ticker
    edu.ucla.cs.compilers.avrora.avrora.sim.radio.CC2420Radio.globalRxfifoOverflow
    edu.ucla.cs.compilers.avrora.avrora.sim.mcu.SPI.TransferEvent.frame
    edu.ucla.cs.compilers.avrora.avrora.sim.radio.Medium.Transmission.lastBit
    edu.ucla.cs.compilers.avrora.avrora.sim.clock.DeltaQueue.freeLinks
    edu.ucla.cs.compilers.avrora.avrora.sim.mcu.RegisterSet.MultiFieldRegister.value
    edu.ucla.cs.compilers.avrora.avrora.sim.FiniteStateMachine.TransitionEvent.newState
    edu.ucla.cs.compilers.avrora.avrora.sim.radio.Medium.Pn
    edu.ucla.cs.compilers.avrora.avrora.sim.radio.CC2420Radio.Receiver.length
    edu.ucla.cs.compilers.avrora.avrora.sim.RWRegister.value
    edu.ucla.cs.compilers.avrora.avrora.sim.clock.DeltaQueue.Link.delta
    edu.ucla.cs.compilers.avrora.avrora.sim.mcu.RegisterSet.FieldWriter.writtenMask
    edu.ucla.cs.compilers.avrora.avrora.sim.state.ByteFIFO.save_head
    edu.ucla.cs.compilers.avrora.avrora.sim.state.BooleanRegister.value
    edu.ucla.cs.compilers.avrora.avrora.sim.radio.CC2420Radio.Transmitter.counter
    edu.ucla.cs.compilers.avrora.avrora.sim.clock.DeltaQueue.head
    edu.ucla.cs.compilers.avrora.avrora.sim.InterruptTable.posted
    edu.ucla.cs.compilers.avrora.avrora.sim.clock.DeltaQueue.freeEventLists
    edu.ucla.cs.compilers.avrora.avrora.sim.clock.DeltaQueue.Link.next
    edu.ucla.cs.compilers.avrora.avrora.sim.mcu.SPI.spifAccessed
    edu.ucla.cs.compilers.avrora.avrora.sim.AtmelInterpreter.I
    edu.ucla.cs.compilers.avrora.avrora.sim.radio.CC2420Radio.DSN
    edu.ucla.cs.compilers.avrora.avrora.sim.state.RegisterUtil.BoolView.listener
    edu.ucla.cs.compilers.avrora.avrora.sim.radio.CC2420Radio.AutoAckPend
    edu.ucla.cs.compilers.avrora.avrora.sim.radio.CC2420Radio.SendAck
    edu.ucla.cs.compilers.avrora.avrora.sim.clock.DeltaQueue.EventList.event
    edu.ucla.cs.compilers.avrora.avrora.sim.state.ByteFIFO.overflow
    edu.ucla.cs.compilers.avrora.avrora.sim.radio.Medium.TXRX.activated
    edu.ucla.cs.compilers.avrora.avrora.sim.util.TransactionalList.head
    edu.ucla.cs.compilers.avrora.avrora.sim.mcu.SPI.TransferEvent.transmitting
    edu.ucla.cs.compilers.avrora.avrora.sim.radio.CC2420Radio.Transmitter.state
    edu.ucla.cs.compilers.avrora.avrora.sim.state.ByteFIFO.save_used
    edu.ucla.cs.compilers.avrora.avrora.sim.radio.CC2420Radio.FIFOP_active
    edu.ucla.cs.compilers.avrora.avrora.sim.radio.CC2420Radio.Receiver.crc
    edu.ucla.cs.compilers.avrora.avrora.sim.util.InterruptScheduler.currentLine
    edu.ucla.cs.compilers.avrora.avrora.sim.radio.CC2420Radio.CCA_active
    edu.ucla.cs.compilers.avrora.avrora.sim.state.BooleanRegister.listener
    edu.ucla.cs.compilers.avrora.avrora.sim.radio.CC2420Radio.PANId
    edu.ucla.cs.compilers.avrora.avrora.sim.radio.Medium.Transmitter.shutdown
    edu.ucla.cs.compilers.avrora.avrora.sim.AtmelInterpreter.pc
    edu.ucla.cs.compilers.avrora.avrora.sim.radio.CC2420Radio.SFD_active
    edu.ucla.cs.compilers.avrora.avrora.sim.radio.CC2420Radio.BERtotal
    edu.ucla.cs.compilers.avrora.avrora.sim.state.Register.value
    edu.ucla.cs.compilers.avrora.avrora.sim.util.TransactionalList.transTail
    edu.ucla.cs.compilers.avrora.avrora.sim.util.TransactionalList.nesting
    edu.ucla.cs.compilers.avrora.avrora.sim.mcu.RegisterSet.FieldWriter.value
    edu.ucla.cs.compilers.avrora.avrora.sim.mcu.AtmelMicrocontroller.INTPin.oldValue
    edu.ucla.cs.compilers.avrora.avrora.sim.mcu.Microcontroller.Pin.ListenableBooleanViewInput.level
    edu.ucla.cs.compilers.avrora.avrora.sim.radio.CC2420Radio.macPANId
    edu.ucla.cs.compilers.avrora.avrora.sim.mcu.RegisterSet.Field.value
    edu.ucla.cs.compilers.avrora.avrora.sim.radio.CC2420Radio.IEEEAdr
    edu.ucla.cs.compilers.avrora.avrora.sim.radio.CC2420Radio.ClearFlag
    edu.ucla.cs.compilers.avrora.avrora.sim.radio.CC2420Radio.ShortAddr
    edu.ucla.cs.compilers.avrora.avrora.sim.AtmelInterpreter.justActivatedInterrupts
    edu.ucla.cs.compilers.avrora.avrora.sim.state.ByteFIFO.underflow
    edu.ucla.cs.compilers.avrora.avrora.sim.radio.CC2420Radio.FIFO_active
    edu.ucla.cs.compilers.avrora.avrora.sim.radio.Medium.Transmitter.transmission
    edu.ucla.cs.compilers.avrora.avrora.sim.state.ByteFIFO.used
    edu.ucla.cs.compilers.avrora.avrora.sim.radio.Medium.Pr
    edu.ucla.cs.compilers.avrora.avrora.sim.radio.CC2420Radio.LongAdr
    edu.ucla.cs.compilers.avrora.avrora.sim.AtmelInterpreter.delayCycles
    edu.ucla.cs.compilers.avrora.avrora.sim.radio.CC2420Radio.Receiver.crcLow
    edu.ucla.cs.compilers.avrora.avrora.sim.mcu.Timer16Bit.period
    edu.ucla.cs.compilers.avrora.avrora.sim.AtmelInterpreter.shouldRun
    edu.ucla.cs.compilers.avrora.avrora.sim.radio.CC2420Radio.Receiver.counter
    edu.ucla.cs.compilers.avrora.avrora.sim.radio.CC2420Radio.macShortAddr
    edu.ucla.cs.compilers.avrora.avrora.sim.util.TransactionalList.tail
    edu.ucla.cs.compilers.avrora.avrora.sim.mcu.AtmelMicrocontroller.INTPin.notification
    edu.ucla.cs.compilers.avrora.avrora.sim.radio.CC2420Radio.lastCRCok
    edu.ucla.cs.compilers.avrora.avrora.sim.AtmelInterpreter.cyclesConsumed
    edu.ucla.cs.compilers.avrora.avrora.sim.radio.Medium.Receiver.locked
    array access
    array access
    array access
    array access
  INVOVLED STATEMENTS: [504]
    edu.ucla.cs.compilers.avrora.avrora.sim.clock.DeltaQueue.java[294:15,294:20]
    edu.ucla.cs.compilers.avrora.avrora.sim.clock.DeltaQueue.java[254:12,254:17]
    edu.ucla.cs.compilers.avrora.avrora.sim.clock.DeltaQueue.java[202:12,202:17]
    edu.ucla.cs.compilers.avrora.avrora.sim.clock.DeltaQueue.java[195:12,195:17]
    edu.ucla.cs.compilers.avrora.avrora.sim.clock.DeltaQueue.java[220:12,220:17]
    edu.ucla.cs.compilers.avrora.avrora.sim.clock.DeltaQueue.java[225:8,225:13]
    edu.ucla.cs.compilers.avrora.avrora.sim.clock.DeltaQueue.java[270:8,270:13]
    edu.ucla.cs.compilers.avrora.avrora.sim.clock.DeltaQueue.java[248:16,248:21]
    edu.ucla.cs.compilers.avrora.avrora.sim.clock.DeltaQueue.java[398:12,398:18]
    edu.ucla.cs.compilers.avrora.avrora.sim.clock.DeltaQueue.java[398:37,398:43]
    edu.ucla.cs.compilers.avrora.avrora.sim.clock.DeltaQueue.java[410:24,410:30]
    edu.ucla.cs.compilers.avrora.avrora.sim.clock.DeltaQueue.java[403:28,403:34]
    edu.ucla.cs.compilers.avrora.avrora.sim.clock.DeltaQueue.java[424:33,424:39]
    edu.ucla.cs.compilers.avrora.avrora.sim.clock.DeltaQueue.java[158:16,158:26]
    edu.ucla.cs.compilers.avrora.avrora.sim.clock.DeltaQueue.java[305:12,305:20]
    edu.ucla.cs.compilers.avrora.avrora.sim.clock.DeltaQueue.java[302:12,302:20]
    edu.ucla.cs.compilers.avrora.avrora.sim.clock.DeltaQueue.java[304:17,304:25]
    edu.ucla.cs.compilers.avrora.avrora.arch.legacy.LegacyInterpreter.java[265:12,265:20]
    edu.ucla.cs.compilers.avrora.avrora.arch.legacy.LegacyInterpreter.java[134:16,134:24]
    edu.ucla.cs.compilers.avrora.avrora.arch.legacy.LegacyInterpreter.java[242:12,242:20]
    edu.ucla.cs.compilers.avrora.avrora.arch.legacy.LegacyInterpreter.java[2075:8,2075:16]
    edu.ucla.cs.compilers.avrora.avrora.arch.legacy.LegacyInterpreter.java[179:12,179:20]
    edu.ucla.cs.compilers.avrora.avrora.arch.legacy.LegacyInterpreter.java[245:12,245:20]
    edu.ucla.cs.compilers.avrora.avrora.sim.clock.DeltaQueue.java[312:8,312:14]
    edu.ucla.cs.compilers.avrora.avrora.sim.clock.DeltaQueue.java[354:12,354:18]
    edu.ucla.cs.compilers.avrora.avrora.sim.clock.DeltaQueue.java[405:33,405:41]
    edu.ucla.cs.compilers.avrora.avrora.sim.clock.DeltaQueue.java[413:36,413:44]
    edu.ucla.cs.compilers.avrora.avrora.sim.clock.DeltaQueue.java[413:24,413:33]
    edu.ucla.cs.compilers.avrora.avrora.sim.clock.DeltaQueue.java[410:33,410:41]
    edu.ucla.cs.compilers.avrora.avrora.sim.clock.DeltaQueue.java[424:60,424:68]
    edu.ucla.cs.compilers.avrora.avrora.sim.clock.DeltaQueue.java[353:29,353:48]
    edu.ucla.cs.compilers.avrora.avrora.sim.FiniteStateMachine.java[352:49,352:68]
    edu.ucla.cs.compilers.avrora.avrora.sim.FiniteStateMachine.java[378:12,378:31]
    edu.ucla.cs.compilers.avrora.avrora.sim.util.TransactionalList.java[158:12,158:21]
    edu.ucla.cs.compilers.avrora.avrora.sim.util.TransactionalList.java[203:25,203:34]
    edu.ucla.cs.compilers.avrora.avrora.sim.util.TransactionalList.java[204:12,204:21]
    edu.ucla.cs.compilers.avrora.avrora.sim.util.TransactionalList.java[156:12,156:21]
    edu.ucla.cs.compilers.avrora.avrora.sim.util.TransactionalList.java[139:20,139:29]
    edu.ucla.cs.compilers.avrora.avrora.sim.util.MulticastProbe.java[64:49,64:57]
    edu.ucla.cs.compilers.avrora.avrora.sim.util.MulticastProbe.java[83:49,83:57]
    edu.ucla.cs.compilers.avrora.avrora.sim.radio.CC2420Radio.java[1650:16,1650:21]
    edu.ucla.cs.compilers.avrora.avrora.sim.radio.CC2420Radio.java[1570:16,1570:21]
    edu.ucla.cs.compilers.avrora.avrora.sim.radio.CC2420Radio.java[1547:24,1547:29]
    edu.ucla.cs.compilers.avrora.avrora.sim.radio.CC2420Radio.java[1557:20,1557:25]
    edu.ucla.cs.compilers.avrora.avrora.sim.radio.CC2420Radio.java[1478:20,1478:25]
    edu.ucla.cs.compilers.avrora.avrora.sim.radio.CC2420Radio.java[1462:20,1462:25]
    edu.ucla.cs.compilers.avrora.avrora.sim.radio.CC2420Radio.java[1468:20,1468:25]
    edu.ucla.cs.compilers.avrora.avrora.sim.radio.CC2420Radio.java[1481:20,1481:25]
    edu.ucla.cs.compilers.avrora.avrora.sim.radio.CC2420Radio.java[1523:24,1523:29]
    edu.ucla.cs.compilers.avrora.avrora.sim.radio.CC2420Radio.java[1491:20,1491:25]
    edu.ucla.cs.compilers.avrora.avrora.sim.radio.CC2420Radio.java[1416:16,1416:21]
    edu.ucla.cs.compilers.avrora.avrora.sim.radio.CC2420Radio.java[1500:20,1500:25]
    edu.ucla.cs.compilers.avrora.avrora.sim.radio.CC2420Radio.java[1563:16,1563:21]
    edu.ucla.cs.compilers.avrora.avrora.sim.radio.CC2420Radio.java[1440:24,1440:29]
    edu.ucla.cs.compilers.avrora.avrora.sim.radio.CC2420Radio.java[1451:20,1451:25]
    edu.ucla.cs.compilers.avrora.avrora.sim.radio.CC2420Radio.java[1414:16,1414:21]
    edu.ucla.cs.compilers.avrora.avrora.sim.radio.CC2420Radio.java[1626:20,1626:25]
    edu.ucla.cs.compilers.avrora.avrora.sim.state.ByteFIFO.java[286:20,286:24]
    edu.ucla.cs.compilers.avrora.avrora.sim.state.ByteFIFO.java[269:24,269:28]
    edu.ucla.cs.compilers.avrora.avrora.sim.state.ByteFIFO.java[181:57,181:61]
    edu.ucla.cs.compilers.avrora.avrora.sim.state.ByteFIFO.java[180:36,180:40]
    edu.ucla.cs.compilers.avrora.avrora.sim.state.ByteFIFO.java[185:61,185:65]
    edu.ucla.cs.compilers.avrora.avrora.sim.state.ByteFIFO.java[179:40,179:44]
    edu.ucla.cs.compilers.avrora.avrora.sim.state.ByteFIFO.java[176:52,176:56]
    edu.ucla.cs.compilers.avrora.avrora.sim.state.ByteFIFO.java[88:22,88:26]
    edu.ucla.cs.compilers.avrora.avrora.sim.state.ByteFIFO.java[175:57,175:61]
    edu.ucla.cs.compilers.avrora.avrora.sim.state.ByteFIFO.java[252:20,252:24]
    edu.ucla.cs.compilers.avrora.avrora.sim.state.ByteFIFO.java[175:42,175:46]
    edu.ucla.cs.compilers.avrora.avrora.sim.state.ByteFIFO.java[269:44,269:48]
    edu.ucla.cs.compilers.avrora.avrora.sim.state.ByteFIFO.java[174:47,174:51]
    edu.ucla.cs.compilers.avrora.avrora.sim.state.ByteFIFO.java[174:14,174:18]
    edu.ucla.cs.compilers.avrora.avrora.sim.state.ByteFIFO.java[270:44,270:48]
    edu.ucla.cs.compilers.avrora.avrora.sim.state.ByteFIFO.java[182:25,182:29]
    edu.ucla.cs.compilers.avrora.avrora.sim.state.ByteFIFO.java[185:42,185:46]
    edu.ucla.cs.compilers.avrora.avrora.sim.state.ByteFIFO.java[157:25,157:29]
    edu.ucla.cs.compilers.avrora.avrora.sim.state.ByteFIFO.java[176:19,176:23]
    edu.ucla.cs.compilers.avrora.avrora.arch.legacy.LegacyInterpreter.java[232:13,232:19]
    edu.ucla.cs.compilers.avrora.avrora.arch.legacy.LegacyInterpreter.java[104:8,104:14]
    edu.ucla.cs.compilers.avrora.avrora.arch.legacy.LegacyInterpreter.java[150:8,150:14]
    edu.ucla.cs.compilers.avrora.avrora.arch.legacy.LegacyInterpreter.java[195:41,195:47]
    edu.ucla.cs.compilers.avrora.avrora.arch.legacy.LegacyInterpreter.java[228:15,228:21]
    edu.ucla.cs.compilers.avrora.avrora.sim.AtmelInterpreter.java[944:13,944:19]
    edu.ucla.cs.compilers.avrora.avrora.arch.legacy.LegacyInterpreter.java[231:8,231:14]
    edu.ucla.cs.compilers.avrora.avrora.arch.legacy.LegacyInterpreter.java[206:41,206:47]
    edu.ucla.cs.compilers.avrora.avrora.arch.legacy.LegacyInterpreter.java[273:13,273:19]
    edu.ucla.cs.compilers.avrora.avrora.arch.legacy.LegacyInterpreter.java[272:8,272:14]
    edu.ucla.cs.compilers.avrora.avrora.arch.legacy.LegacyInterpreter.java[317:41,317:47]
    edu.ucla.cs.compilers.avrora.avrora.arch.legacy.LegacyInterpreter.java[300:41,300:47]
    edu.ucla.cs.compilers.avrora.avrora.arch.legacy.LegacyInterpreter.java[205:24,205:30]
    edu.ucla.cs.compilers.avrora.avrora.arch.legacy.LegacyInterpreter.java[316:24,316:30]
    edu.ucla.cs.compilers.avrora.avrora.arch.legacy.LegacyInterpreter.java[269:15,269:21]
    edu.ucla.cs.compilers.avrora.avrora.sim.InterruptTable.java[70:27,70:34]
    edu.ucla.cs.compilers.avrora.avrora.sim.InterruptTable.java[132:8,132:15]
    edu.ucla.cs.compilers.avrora.avrora.sim.InterruptTable.java[116:8,116:15]
    edu.ucla.cs.compilers.avrora.avrora.sim.InterruptTable.java[133:27,133:34]
    edu.ucla.cs.compilers.avrora.avrora.sim.InterruptTable.java[132:36,132:43]
    edu.ucla.cs.compilers.avrora.avrora.sim.InterruptTable.java[116:36,116:43]
    edu.ucla.cs.compilers.avrora.avrora.sim.InterruptTable.java[101:27,101:34]
    edu.ucla.cs.compilers.avrora.avrora.sim.InterruptTable.java[117:27,117:34]
    edu.ucla.cs.compilers.avrora.avrora.sim.InterruptTable.java[231:15,231:22]
    edu.ucla.cs.compilers.avrora.avrora.sim.InterruptTable.java[133:8,133:15]
    edu.ucla.cs.compilers.avrora.avrora.sim.InterruptTable.java[117:8,117:15]
    edu.ucla.cs.compilers.avrora.avrora.sim.InterruptTable.java[70:8,70:15]
    edu.ucla.cs.compilers.avrora.avrora.sim.InterruptTable.java[101:8,101:15]
    edu.ucla.cs.compilers.avrora.avrora.sim.radio.Medium.java[919:12,919:15]
    edu.ucla.cs.compilers.avrora.avrora.sim.FiniteStateMachine.java[359:65,359:73]
    edu.ucla.cs.compilers.avrora.avrora.sim.FiniteStateMachine.java[364:26,364:34]
    edu.ucla.cs.compilers.avrora.avrora.sim.FiniteStateMachine.java[370:27,370:35]
    edu.ucla.cs.compilers.avrora.avrora.sim.FiniteStateMachine.java[371:12,371:20]
    edu.ucla.cs.compilers.avrora.avrora.sim.FiniteStateMachine.java[364:44,364:52]
    edu.ucla.cs.compilers.avrora.avrora.sim.FiniteStateMachine.java[378:34,378:42]
    edu.ucla.cs.compilers.avrora.avrora.sim.FiniteStateMachine.java[349:12,349:20]
    edu.ucla.cs.compilers.avrora.avrora.sim.FiniteStateMachine.java[365:44,365:52]
    edu.ucla.cs.compilers.avrora.avrora.sim.FiniteStateMachine.java[363:32,363:40]
    edu.ucla.cs.compilers.avrora.avrora.sim.FiniteStateMachine.java[357:27,357:35]
    edu.ucla.cs.compilers.avrora.avrora.sim.FiniteStateMachine.java[323:15,323:23]
    edu.ucla.cs.compilers.avrora.avrora.sim.AtmelInterpreter.java[562:17,562:27]
    edu.ucla.cs.compilers.avrora.avrora.sim.AtmelInterpreter.java[561:35,561:45]
    edu.ucla.cs.compilers.avrora.avrora.sim.AtmelInterpreter.java[586:37,586:47]
    edu.ucla.cs.compilers.avrora.avrora.sim.radio.CC2420Radio.java[1381:12,1381:20]
    edu.ucla.cs.compilers.avrora.avrora.sim.radio.CC2420Radio.java[1397:49,1397:57]
    edu.ucla.cs.compilers.avrora.avrora.sim.radio.CC2420Radio.java[1406:12,1406:20]
    edu.ucla.cs.compilers.avrora.avrora.sim.radio.CC2420Radio.java[1382:16,1382:24]
    edu.ucla.cs.compilers.avrora.avrora.sim.radio.CC2420Radio.java[1392:16,1392:24]
    edu.ucla.cs.compilers.avrora.avrora.sim.radio.CC2420Radio.java[1395:34,1395:42]
    edu.ucla.cs.compilers.avrora.avrora.arch.legacy.LegacyInterpreter.java[288:15,288:24]
    edu.ucla.cs.compilers.avrora.avrora.arch.legacy.LegacyInterpreter.java[2076:8,2076:17]
    edu.ucla.cs.compilers.avrora.avrora.arch.legacy.LegacyInterpreter.java[287:8,287:17]
    edu.ucla.cs.compilers.avrora.avrora.arch.legacy.LegacyInterpreter.java[298:15,298:24]
    edu.ucla.cs.compilers.avrora.avrora.sim.AtmelInterpreter.java[373:8,373:17]
    edu.ucla.cs.compilers.avrora.avrora.sim.InterruptTable.java[68:8,68:29]
    edu.ucla.cs.compilers.avrora.avrora.sim.AtmelInterpreter.java[231:12,231:21]
    edu.ucla.cs.compilers.avrora.avrora.arch.legacy.LegacyInterpreter.java[246:12,246:21]
    edu.ucla.cs.compilers.avrora.avrora.arch.legacy.LegacyInterpreter.java[312:8,312:17]
    edu.ucla.cs.compilers.avrora.avrora.arch.legacy.LegacyInterpreter.java[313:15,313:24]
    edu.ucla.cs.compilers.avrora.avrora.arch.legacy.LegacyInterpreter.java[297:8,297:17]
    edu.ucla.cs.compilers.avrora.avrora.sim.mcu.Timer16Bit.java[540:35,540:41]
    edu.ucla.cs.compilers.avrora.avrora.sim.mcu.Timer16Bit.java[548:34,548:40]
    edu.ucla.cs.compilers.avrora.avrora.sim.mcu.Timer16Bit.java[549:8,549:14]
    edu.ucla.cs.compilers.avrora.avrora.sim.mcu.Timer16Bit.java[538:12,538:18]
    edu.ucla.cs.compilers.avrora.avrora.sim.mcu.Timer16Bit.java[547:12,547:18]
    edu.ucla.cs.compilers.avrora.avrora.sim.mcu.Timer16Bit.java[529:39,529:45]
    edu.ucla.cs.compilers.avrora.avrora.sim.mcu.Timer16Bit.java[528:16,528:22]
    edu.ucla.cs.compilers.avrora.avrora.sim.mcu.Timer16Bit.java[537:39,537:45]
    edu.ucla.cs.compilers.avrora.avrora.sim.mcu.Timer16Bit.java[536:16,536:22]
    edu.ucla.cs.compilers.avrora.avrora.sim.radio.CC2420Radio.java[1652:16,1652:36]
    edu.ucla.cs.compilers.avrora.avrora.sim.radio.CC2420Radio.java[346:8,346:28]
    edu.ucla.cs.compilers.avrora.avrora.sim.mcu.SPI.java[184:16,184:21]
    edu.ucla.cs.compilers.avrora.avrora.sim.radio.Medium.java[920:12,920:19]
    edu.ucla.cs.compilers.avrora.avrora.sim.radio.Medium.java[642:46,642:55]
    edu.ucla.cs.compilers.avrora.avrora.sim.clock.DeltaQueue.java[300:8,300:17]
    edu.ucla.cs.compilers.avrora.avrora.sim.clock.DeltaQueue.java[326:12,326:21]
    edu.ucla.cs.compilers.avrora.avrora.sim.clock.DeltaQueue.java[299:17,299:26]
    edu.ucla.cs.compilers.avrora.avrora.sim.clock.DeltaQueue.java[325:16,325:25]
    edu.ucla.cs.compilers.avrora.avrora.sim.clock.DeltaQueue.java[319:12,319:21]
    edu.ucla.cs.compilers.avrora.avrora.sim.mcu.RegisterSet.java[240:12,240:22]
    edu.ucla.cs.compilers.avrora.avrora.sim.FiniteStateMachine.java[353:22,353:41]
    edu.ucla.cs.compilers.avrora.avrora.sim.FiniteStateMachine.java[379:12,379:31]
    edu.ucla.cs.compilers.avrora.avrora.sim.radio.Medium.java[777:28,777:30]
    edu.ucla.cs.compilers.avrora.avrora.sim.radio.Medium.java[861:19,861:21]
    edu.ucla.cs.compilers.avrora.avrora.sim.radio.Medium.java[548:32,548:34]
    edu.ucla.cs.compilers.avrora.avrora.sim.radio.Medium.java[780:39,780:41]
    edu.ucla.cs.compilers.avrora.avrora.sim.util.TransactionalList.java[129:24,129:32]
    edu.ucla.cs.compilers.avrora.avrora.sim.util.TransactionalList.java[136:27,136:35]
    edu.ucla.cs.compilers.avrora.avrora.sim.util.TransactionalList.java[139:32,139:40]
    edu.ucla.cs.compilers.avrora.avrora.sim.util.TransactionalList.java[103:12,103:21]
    edu.ucla.cs.compilers.avrora.avrora.sim.radio.CC2420Radio.java[1623:33,1623:39]
    edu.ucla.cs.compilers.avrora.avrora.sim.radio.CC2420Radio.java[1488:20,1488:26]
    edu.ucla.cs.compilers.avrora.avrora.sim.radio.CC2420Radio.java[1487:16,1487:22]
    edu.ucla.cs.compilers.avrora.avrora.sim.radio.CC2420Radio.java[1544:35,1544:41]
    edu.ucla.cs.compilers.avrora.avrora.sim.radio.CC2420Radio.java[1549:38,1549:44]
    edu.ucla.cs.compilers.avrora.avrora.sim.RWRegister.java[80:20,80:25]
    edu.ucla.cs.compilers.avrora.avrora.sim.RWRegister.java[63:15,63:20]
    edu.ucla.cs.compilers.avrora.avrora.sim.RWRegister.java[78:19,78:24]
    edu.ucla.cs.compilers.avrora.avrora.sim.RWRegister.java[79:8,79:13]
    edu.ucla.cs.compilers.avrora.avrora.sim.clock.DeltaQueue.java[225:17,225:24]
    edu.ucla.cs.compilers.avrora.avrora.sim.clock.DeltaQueue.java[203:12,203:22]
    edu.ucla.cs.compilers.avrora.avrora.sim.clock.DeltaQueue.java[249:16,249:25]
    edu.ucla.cs.compilers.avrora.avrora.sim.clock.DeltaQueue.java[109:22,109:31]
    edu.ucla.cs.compilers.avrora.avrora.sim.clock.DeltaQueue.java[334:12,334:22]
    edu.ucla.cs.compilers.avrora.avrora.sim.clock.DeltaQueue.java[199:12,199:22]
    edu.ucla.cs.compilers.avrora.avrora.sim.clock.DeltaQueue.java[169:38,169:47]
    edu.ucla.cs.compilers.avrora.avrora.sim.clock.DeltaQueue.java[169:20,169:34]
    edu.ucla.cs.compilers.avrora.avrora.sim.clock.DeltaQueue.java[118:29,118:38]
    edu.ucla.cs.compilers.avrora.avrora.sim.clock.DeltaQueue.java[327:12,327:19]
    edu.ucla.cs.compilers.avrora.avrora.sim.clock.DeltaQueue.java[241:25,241:34]
    edu.ucla.cs.compilers.avrora.avrora.sim.clock.DeltaQueue.java[107:39,107:48]
    edu.ucla.cs.compilers.avrora.avrora.sim.mcu.RegisterSet.java[111:33,111:44]
    edu.ucla.cs.compilers.avrora.avrora.sim.mcu.RegisterSet.java[113:12,113:23]
    edu.ucla.cs.compilers.avrora.avrora.sim.mcu.RegisterSet.java[154:12,154:35]
    edu.ucla.cs.compilers.avrora.avrora.sim.state.ByteFIFO.java[286:8,286:17]
    edu.ucla.cs.compilers.avrora.avrora.sim.FiniteStateMachine.java[125:35,125:43]
    edu.ucla.cs.compilers.avrora.avrora.sim.FiniteStateMachine.java[123:29,123:37]
    edu.ucla.cs.compilers.avrora.avrora.sim.FiniteStateMachine.java[123:47,123:55]
    edu.ucla.cs.compilers.avrora.avrora.sim.FiniteStateMachine.java[124:47,124:55]
    edu.ucla.cs.compilers.avrora.avrora.sim.state.BooleanRegister.java[31:8,31:13]
    edu.ucla.cs.compilers.avrora.avrora.sim.state.BooleanRegister.java[24:15,24:20]
    edu.ucla.cs.compilers.avrora.avrora.sim.radio.CC2420Radio.java[1269:16,1269:23]
    edu.ucla.cs.compilers.avrora.avrora.sim.clock.DeltaQueue.java[100:12,100:16]
    edu.ucla.cs.compilers.avrora.avrora.sim.clock.DeltaQueue.java[147:12,147:16]
    edu.ucla.cs.compilers.avrora.avrora.sim.clock.DeltaQueue.java[135:12,135:16]
    edu.ucla.cs.compilers.avrora.avrora.sim.clock.DeltaQueue.java[106:19,106:23]
    edu.ucla.cs.compilers.avrora.avrora.sim.clock.DeltaQueue.java[152:19,152:23]
    edu.ucla.cs.compilers.avrora.avrora.sim.clock.DeltaQueue.java[98:12,98:16]
    edu.ucla.cs.compilers.avrora.avrora.sim.clock.DeltaQueue.java[162:20,162:24]
    edu.ucla.cs.compilers.avrora.avrora.sim.clock.DeltaQueue.java[192:12,192:16]
    edu.ucla.cs.compilers.avrora.avrora.sim.clock.DeltaQueue.java[237:23,237:27]
    edu.ucla.cs.compilers.avrora.avrora.sim.clock.DeltaQueue.java[224:17,224:21]
    edu.ucla.cs.compilers.avrora.avrora.sim.clock.DeltaQueue.java[234:15,234:19]
    edu.ucla.cs.compilers.avrora.avrora.sim.clock.DeltaQueue.java[226:8,226:12]
    edu.ucla.cs.compilers.avrora.avrora.sim.clock.DeltaQueue.java[257:12,257:16]
    edu.ucla.cs.compilers.avrora.avrora.sim.clock.DeltaQueue.java[217:12,217:16]
    edu.ucla.cs.compilers.avrora.avrora.sim.InterruptTable.java[69:35,69:41]
    edu.ucla.cs.compilers.avrora.avrora.sim.InterruptTable.java[69:8,69:14]
    edu.ucla.cs.compilers.avrora.avrora.sim.InterruptTable.java[100:8,100:14]
    edu.ucla.cs.compilers.avrora.avrora.sim.InterruptTable.java[117:18,117:24]
    edu.ucla.cs.compilers.avrora.avrora.sim.InterruptTable.java[70:18,70:24]
    edu.ucla.cs.compilers.avrora.avrora.sim.InterruptTable.java[100:35,100:41]
    edu.ucla.cs.compilers.avrora.avrora.sim.InterruptTable.java[101:18,101:24]
    edu.ucla.cs.compilers.avrora.avrora.sim.InterruptTable.java[133:18,133:24]
    edu.ucla.cs.compilers.avrora.avrora.sim.clock.DeltaQueue.java[353:12,353:26]
    edu.ucla.cs.compilers.avrora.avrora.sim.clock.DeltaQueue.java[313:8,313:22]
    edu.ucla.cs.compilers.avrora.avrora.sim.clock.DeltaQueue.java[312:17,312:31]
    edu.ucla.cs.compilers.avrora.avrora.sim.clock.DeltaQueue.java[345:12,345:26]
    edu.ucla.cs.compilers.avrora.avrora.sim.clock.DeltaQueue.java[352:16,352:30]
    edu.ucla.cs.compilers.avrora.avrora.sim.state.ByteFIFO.java[252:8,252:17]
    edu.ucla.cs.compilers.avrora.avrora.sim.state.ByteFIFO.java[269:32,269:41]
    edu.ucla.cs.compilers.avrora.avrora.sim.state.ByteFIFO.java[269:51,269:60]
    edu.ucla.cs.compilers.avrora.avrora.sim.state.ByteFIFO.java[270:32,270:41]
    edu.ucla.cs.compilers.avrora.avrora.sim.clock.DeltaQueue.java[164:20,164:29]
    edu.ucla.cs.compilers.avrora.avrora.sim.clock.DeltaQueue.java[133:12,133:21]
    edu.ucla.cs.compilers.avrora.avrora.sim.clock.DeltaQueue.java[164:32,164:40]
    edu.ucla.cs.compilers.avrora.avrora.sim.clock.DeltaQueue.java[169:20,169:28]
    edu.ucla.cs.compilers.avrora.avrora.sim.clock.DeltaQueue.java[226:15,226:21]
    edu.ucla.cs.compilers.avrora.avrora.sim.clock.DeltaQueue.java[299:8,299:14]
    edu.ucla.cs.compilers.avrora.avrora.sim.clock.DeltaQueue.java[111:18,111:26]
    edu.ucla.cs.compilers.avrora.avrora.sim.clock.DeltaQueue.java[337:8,337:14]
    edu.ucla.cs.compilers.avrora.avrora.sim.clock.DeltaQueue.java[162:27,162:35]
    edu.ucla.cs.compilers.avrora.avrora.sim.clock.DeltaQueue.java[155:24,155:32]
    edu.ucla.cs.compilers.avrora.avrora.sim.clock.DeltaQueue.java[326:24,326:38]
    edu.ucla.cs.compilers.avrora.avrora.sim.clock.DeltaQueue.java[238:24,238:32]
    edu.ucla.cs.compilers.avrora.avrora.sim.clock.DeltaQueue.java[167:20,167:28]
    edu.ucla.cs.compilers.avrora.avrora.sim.mcu.SPI.java[411:12,411:24]
    edu.ucla.cs.compilers.avrora.avrora.arch.legacy.LegacyInterpreter.java[167:19,167:20]
    edu.ucla.cs.compilers.avrora.avrora.arch.legacy.LegacyInterpreter.java[235:8,235:9]
    edu.ucla.cs.compilers.avrora.avrora.arch.legacy.LegacyInterpreter.java[276:8,276:9]
    edu.ucla.cs.compilers.avrora.avrora.arch.legacy.LegacyInterpreter.java[124:16,124:17]
    edu.ucla.cs.compilers.avrora.avrora.sim.radio.CC2420Radio.java[1688:20,1688:23]
    edu.ucla.cs.compilers.avrora.avrora.sim.radio.CC2420Radio.java[1533:24,1533:27]
    edu.ucla.cs.compilers.avrora.avrora.sim.mcu.ATMegaFamily.java[136:42,136:47]
    edu.ucla.cs.compilers.avrora.avrora.sim.mcu.ATMegaFamily.java[129:42,129:47]
    edu.ucla.cs.compilers.avrora.avrora.sim.mcu.ATMegaFamily.java[136:16,136:21]
    edu.ucla.cs.compilers.avrora.avrora.sim.mcu.ATMegaFamily.java[129:16,129:21]
    edu.ucla.cs.compilers.avrora.avrora.sim.state.RegisterUtil.java[148:12,148:25]
    edu.ucla.cs.compilers.avrora.avrora.sim.state.RegisterUtil.java[140:16,140:24]
    edu.ucla.cs.compilers.avrora.avrora.sim.state.RegisterUtil.java[138:16,138:24]
    edu.ucla.cs.compilers.avrora.avrora.sim.radio.CC2420Radio.java[343:8,343:19]
    edu.ucla.cs.compilers.avrora.avrora.sim.radio.CC2420Radio.java[1611:38,1611:49]
    edu.ucla.cs.compilers.avrora.avrora.sim.mcu.ATMegaFamily.java[222:12,222:17]
    edu.ucla.cs.compilers.avrora.avrora.sim.radio.CC2420Radio.java[342:8,342:15]
    edu.ucla.cs.compilers.avrora.avrora.sim.radio.CC2420Radio.java[1591:20,1591:27]
    edu.ucla.cs.compilers.avrora.avrora.sim.radio.CC2420Radio.java[1627:20,1627:27]
    edu.ucla.cs.compilers.avrora.avrora.sim.radio.CC2420Radio.java[1419:20,1419:27]
    edu.ucla.cs.compilers.avrora.avrora.sim.radio.CC2420Radio.java[1611:28,1611:35]
    edu.ucla.cs.compilers.avrora.avrora.sim.clock.DeltaQueue.java[407:20,407:29]
    edu.ucla.cs.compilers.avrora.avrora.sim.clock.DeltaQueue.java[311:8,311:15]
    edu.ucla.cs.compilers.avrora.avrora.sim.clock.DeltaQueue.java[355:12,355:19]
    edu.ucla.cs.compilers.avrora.avrora.sim.clock.DeltaQueue.java[425:16,425:25]
    edu.ucla.cs.compilers.avrora.avrora.sim.state.ByteFIFO.java[284:8,284:16]
    edu.ucla.cs.compilers.avrora.avrora.sim.RWRegister.java[116:8,116:13]
    edu.ucla.cs.compilers.avrora.avrora.sim.RWRegister.java[108:15,108:20]
    edu.ucla.cs.compilers.avrora.avrora.sim.RWRegister.java[115:19,115:24]
    edu.ucla.cs.compilers.avrora.avrora.sim.state.ByteFIFO.java[86:12,86:20]
    edu.ucla.cs.compilers.avrora.avrora.sim.state.ByteFIFO.java[215:15,215:23]
    edu.ucla.cs.compilers.avrora.avrora.sim.radio.Medium.java[477:12,477:21]
    edu.ucla.cs.compilers.avrora.avrora.sim.radio.Medium.java[501:16,501:25]
    edu.ucla.cs.compilers.avrora.avrora.sim.radio.Medium.java[662:20,662:29]
    edu.ucla.cs.compilers.avrora.avrora.sim.radio.CC2420Radio.java[1779:20,1779:29]
    edu.ucla.cs.compilers.avrora.avrora.sim.util.TransactionalList.java[136:20,136:24]
    edu.ucla.cs.compilers.avrora.avrora.sim.util.MulticastProbe.java[83:24,83:28]
    edu.ucla.cs.compilers.avrora.avrora.sim.util.TransactionalList.java[100:12,100:16]
    edu.ucla.cs.compilers.avrora.avrora.sim.util.TransactionalList.java[176:15,176:19]
    edu.ucla.cs.compilers.avrora.avrora.sim.util.TransactionalList.java[98:12,98:16]
    edu.ucla.cs.compilers.avrora.avrora.sim.util.MulticastProbe.java[64:24,64:28]
    edu.ucla.cs.compilers.avrora.avrora.sim.util.TransactionalList.java[126:19,126:23]
    edu.ucla.cs.compilers.avrora.avrora.sim.radio.Medium.java[373:16,373:25]
    edu.ucla.cs.compilers.avrora.avrora.sim.radio.Medium.java[357:17,357:26]
    edu.ucla.cs.compilers.avrora.avrora.sim.radio.Medium.java[360:16,360:25]
    edu.ucla.cs.compilers.avrora.avrora.sim.mcu.SPI.java[183:16,183:28]
    edu.ucla.cs.compilers.avrora.avrora.sim.mcu.SPI.java[175:24,175:36]
    edu.ucla.cs.compilers.avrora.avrora.sim.radio.CC2420Radio.java[1268:16,1268:21]
    edu.ucla.cs.compilers.avrora.avrora.sim.state.ByteFIFO.java[276:19,276:28]
    edu.ucla.cs.compilers.avrora.avrora.sim.state.ByteFIFO.java[253:8,253:17]
    edu.ucla.cs.compilers.avrora.avrora.sim.state.ByteFIFO.java[287:8,287:17]
    edu.ucla.cs.compilers.avrora.avrora.sim.state.ByteFIFO.java[271:25,271:34]
    edu.ucla.cs.compilers.avrora.avrora.sim.state.ByteFIFO.java[88:12,88:37]
    edu.ucla.cs.compilers.avrora.avrora.sim.state.ByteFIFO.java[157:15,157:37]
    edu.ucla.cs.compilers.avrora.avrora.sim.state.ByteFIFO.java[305:24,305:40]
    edu.ucla.cs.compilers.avrora.avrora.sim.radio.CC2420Radio.java[1663:39,1663:51]
    edu.ucla.cs.compilers.avrora.avrora.sim.radio.CC2420Radio.java[1601:39,1601:51]
    edu.ucla.cs.compilers.avrora.avrora.sim.radio.CC2420Radio.java[338:8,338:20]
    edu.ucla.cs.compilers.avrora.avrora.sim.radio.CC2420Radio.java[350:28,350:40]
    edu.ucla.cs.compilers.avrora.avrora.sim.radio.CC2420Radio.java[432:64,432:76]
    edu.ucla.cs.compilers.avrora.avrora.sim.radio.CC2420Radio.java[1649:35,1649:47]
    edu.ucla.cs.compilers.avrora.avrora.sim.radio.CC2420Radio.java[428:12,428:24]
    edu.ucla.cs.compilers.avrora.avrora.sim.radio.CC2420Radio.java[432:48,432:60]
    edu.ucla.cs.compilers.avrora.avrora.sim.radio.CC2420Radio.java[1552:39,1552:51]
    edu.ucla.cs.compilers.avrora.avrora.sim.radio.CC2420Radio.java[1758:36,1758:48]
    edu.ucla.cs.compilers.avrora.avrora.sim.radio.CC2420Radio.java[424:61,424:73]
    edu.ucla.cs.compilers.avrora.avrora.sim.radio.CC2420Radio.java[1501:20,1501:23]
    edu.ucla.cs.compilers.avrora.avrora.sim.radio.CC2420Radio.java[1543:20,1543:23]
    edu.ucla.cs.compilers.avrora.avrora.sim.radio.CC2420Radio.java[1543:40,1543:43]
    edu.ucla.cs.compilers.avrora.avrora.sim.radio.CC2420Radio.java[1576:33,1576:36]
    edu.ucla.cs.compilers.avrora.avrora.sim.util.InterruptScheduler.java[131:16,131:27]
    edu.ucla.cs.compilers.avrora.avrora.sim.util.InterruptScheduler.java[113:38,113:49]
    edu.ucla.cs.compilers.avrora.avrora.sim.util.InterruptScheduler.java[127:38,127:49]
    edu.ucla.cs.compilers.avrora.avrora.sim.util.InterruptScheduler.java[120:58,120:69]
    edu.ucla.cs.compilers.avrora.avrora.sim.radio.CC2420Radio.java[434:58,434:68]
    edu.ucla.cs.compilers.avrora.avrora.sim.radio.CC2420Radio.java[426:57,426:67]
    edu.ucla.cs.compilers.avrora.avrora.sim.radio.CC2420Radio.java[339:8,339:18]
    edu.ucla.cs.compilers.avrora.avrora.sim.radio.CC2420Radio.java[430:12,430:22]
    edu.ucla.cs.compilers.avrora.avrora.sim.radio.CC2420Radio.java[434:44,434:54]
    edu.ucla.cs.compilers.avrora.avrora.sim.state.BooleanRegister.java[42:8,42:21]
    edu.ucla.cs.compilers.avrora.avrora.sim.state.BooleanRegister.java[34:12,34:20]
    edu.ucla.cs.compilers.avrora.avrora.sim.state.BooleanRegister.java[32:12,32:20]
    edu.ucla.cs.compilers.avrora.avrora.sim.InterruptTable.java[196:8,196:20]
    edu.ucla.cs.compilers.avrora.avrora.sim.InterruptTable.java[168:25,168:37]
    edu.ucla.cs.compilers.avrora.avrora.sim.InterruptTable.java[207:15,207:27]
    edu.ucla.cs.compilers.avrora.avrora.sim.InterruptTable.java[87:25,87:37]
    edu.ucla.cs.compilers.avrora.avrora.sim.radio.CC2420Radio.java[1714:54,1714:59]
    edu.ucla.cs.compilers.avrora.avrora.sim.radio.CC2420Radio.java[1691:16,1691:21]
    edu.ucla.cs.compilers.avrora.avrora.sim.radio.CC2420Radio.java[1695:39,1695:44]
    edu.ucla.cs.compilers.avrora.avrora.sim.radio.CC2420Radio.java[1696:46,1696:51]
    edu.ucla.cs.compilers.avrora.avrora.sim.radio.CC2420Radio.java[1705:47,1705:52]
    edu.ucla.cs.compilers.avrora.avrora.sim.radio.Medium.java[375:16,375:24]
    edu.ucla.cs.compilers.avrora.avrora.sim.AtmelInterpreter.java[1108:19,1108:21]
    edu.ucla.cs.compilers.avrora.avrora.arch.legacy.LegacyInterpreter.java[103:8,103:10]
    edu.ucla.cs.compilers.avrora.avrora.sim.AtmelInterpreter.java[944:8,944:10]
    edu.ucla.cs.compilers.avrora.avrora.arch.legacy.LegacyInterpreter.java[104:17,104:19]
    edu.ucla.cs.compilers.avrora.avrora.arch.legacy.LegacyInterpreter.java[150:17,150:19]
    edu.ucla.cs.compilers.avrora.avrora.arch.legacy.LegacyInterpreter.java[232:8,232:10]
    edu.ucla.cs.compilers.avrora.avrora.arch.legacy.LegacyInterpreter.java[273:8,273:10]
    edu.ucla.cs.compilers.avrora.avrora.sim.radio.CC2420Radio.java[1452:40,1452:50]
    edu.ucla.cs.compilers.avrora.avrora.sim.radio.CC2420Radio.java[1469:39,1469:49]
    edu.ucla.cs.compilers.avrora.avrora.sim.radio.CC2420Radio.java[429:12,429:22]
    edu.ucla.cs.compilers.avrora.avrora.sim.radio.CC2420Radio.java[1602:40,1602:50]
    edu.ucla.cs.compilers.avrora.avrora.sim.radio.CC2420Radio.java[433:58,433:68]
    edu.ucla.cs.compilers.avrora.avrora.sim.radio.CC2420Radio.java[340:8,340:18]
    edu.ucla.cs.compilers.avrora.avrora.sim.radio.CC2420Radio.java[1522:44,1522:54]
    edu.ucla.cs.compilers.avrora.avrora.sim.radio.CC2420Radio.java[1490:40,1490:50]
    edu.ucla.cs.compilers.avrora.avrora.sim.radio.CC2420Radio.java[433:44,433:54]
    edu.ucla.cs.compilers.avrora.avrora.sim.radio.CC2420Radio.java[1553:40,1553:50]
    edu.ucla.cs.compilers.avrora.avrora.sim.radio.CC2420Radio.java[425:57,425:67]
    edu.ucla.cs.compilers.avrora.avrora.sim.radio.CC2420Radio.java[1407:12,1407:20]
    edu.ucla.cs.compilers.avrora.avrora.sim.radio.CC2420Radio.java[1384:16,1384:24]
    edu.ucla.cs.compilers.avrora.avrora.sim.radio.CC2420Radio.java[1395:22,1395:30]
    edu.ucla.cs.compilers.avrora.avrora.sim.state.Register.java[166:21,166:26]
    edu.ucla.cs.compilers.avrora.avrora.sim.state.Register.java[167:8,167:13]
    edu.ucla.cs.compilers.avrora.avrora.sim.state.Register.java[168:23,168:28]
    edu.ucla.cs.compilers.avrora.avrora.sim.state.Register.java[150:15,150:20]
    edu.ucla.cs.compilers.avrora.avrora.sim.util.TransactionalList.java[205:12,205:21]
    edu.ucla.cs.compilers.avrora.avrora.sim.util.TransactionalList.java[162:12,162:21]
    edu.ucla.cs.compilers.avrora.avrora.sim.util.TransactionalList.java[158:24,158:33]
    edu.ucla.cs.compilers.avrora.avrora.sim.util.TransactionalList.java[92:12,92:19]
    edu.ucla.cs.compilers.avrora.avrora.sim.util.TransactionalList.java[189:8,189:15]
    edu.ucla.cs.compilers.avrora.avrora.sim.util.TransactionalList.java[200:8,200:15]
    edu.ucla.cs.compilers.avrora.avrora.sim.util.TransactionalList.java[201:12,201:19]
    edu.ucla.cs.compilers.avrora.avrora.sim.util.TransactionalList.java[119:12,119:19]
    edu.ucla.cs.compilers.avrora.avrora.sim.mcu.RegisterSet.java[111:26,111:31]
    edu.ucla.cs.compilers.avrora.avrora.sim.mcu.RegisterSet.java[112:12,112:17]
    edu.ucla.cs.compilers.avrora.avrora.sim.mcu.RegisterSet.java[153:12,153:29]
    edu.ucla.cs.compilers.avrora.avrora.sim.mcu.AtmelMicrocontroller.java[359:34,359:42]
    edu.ucla.cs.compilers.avrora.avrora.sim.mcu.AtmelMicrocontroller.java[376:12,376:20]
    edu.ucla.cs.compilers.avrora.avrora.sim.mcu.Microcontroller.java[317:36,317:41]
    edu.ucla.cs.compilers.avrora.avrora.sim.mcu.Microcontroller.java[311:20,311:25]
    edu.ucla.cs.compilers.avrora.avrora.sim.mcu.Microcontroller.java[313:16,313:21]
    edu.ucla.cs.compilers.avrora.avrora.sim.mcu.Microcontroller.java[308:36,308:41]
    edu.ucla.cs.compilers.avrora.avrora.sim.mcu.Microcontroller.java[330:23,330:28]
    edu.ucla.cs.compilers.avrora.avrora.sim.mcu.Microcontroller.java[340:16,340:21]
    edu.ucla.cs.compilers.avrora.avrora.sim.mcu.Microcontroller.java[314:16,314:21]
    edu.ucla.cs.compilers.avrora.avrora.sim.radio.CC2420Radio.java[1692:16,1692:24]
    edu.ucla.cs.compilers.avrora.avrora.sim.radio.CC2420Radio.java[1695:46,1695:54]
    edu.ucla.cs.compilers.avrora.avrora.sim.radio.CC2420Radio.java[1714:61,1714:69]
    edu.ucla.cs.compilers.avrora.avrora.sim.radio.CC2420Radio.java[1705:54,1705:62]
    edu.ucla.cs.compilers.avrora.avrora.sim.radio.CC2420Radio.java[1706:54,1706:62]
    edu.ucla.cs.compilers.avrora.avrora.sim.mcu.RegisterSet.java[78:12,78:17]
    edu.ucla.cs.compilers.avrora.avrora.sim.mcu.RegisterSet.java[78:20,78:25]
    edu.ucla.cs.compilers.avrora.avrora.sim.mcu.Timer16Bit.java[300:36,300:41]
    edu.ucla.cs.compilers.avrora.avrora.sim.mcu.Timer16Bit.java[293:36,293:41]
    edu.ucla.cs.compilers.avrora.avrora.sim.mcu.Timer16Bit.java[538:29,538:39]
    edu.ucla.cs.compilers.avrora.avrora.sim.mcu.Timer16Bit.java[576:23,576:33]
    edu.ucla.cs.compilers.avrora.avrora.sim.mcu.Timer16Bit.java[535:49,535:59]
    edu.ucla.cs.compilers.avrora.avrora.sim.radio.CC2420Radio.java[1735:20,1735:27]
    edu.ucla.cs.compilers.avrora.avrora.sim.radio.CC2420Radio.java[1737:48,1737:55]
    edu.ucla.cs.compilers.avrora.avrora.sim.radio.CC2420Radio.java[345:8,345:17]
    edu.ucla.cs.compilers.avrora.avrora.sim.radio.CC2420Radio.java[1721:16,1721:25]
    edu.ucla.cs.compilers.avrora.avrora.sim.radio.CC2420Radio.java[1726:39,1726:48]
    edu.ucla.cs.compilers.avrora.avrora.sim.radio.CC2420Radio.java[1727:46,1727:55]
    edu.ucla.cs.compilers.avrora.avrora.sim.util.TransactionalList.java[161:12,161:26]
    edu.ucla.cs.compilers.avrora.avrora.sim.util.TransactionalList.java[162:24,162:38]
    edu.ucla.cs.compilers.avrora.avrora.arch.legacy.LegacyInterpreter.java[161:12,161:35]
    edu.ucla.cs.compilers.avrora.avrora.arch.legacy.LegacyInterpreter.java[166:12,166:35]
    edu.ucla.cs.compilers.avrora.avrora.arch.legacy.LegacyInterpreter.java[116:16,116:39]
    edu.ucla.cs.compilers.avrora.avrora.sim.state.ByteFIFO.java[285:8,285:17]
    edu.ucla.cs.compilers.avrora.avrora.sim.AtmelInterpreter.java[900:20,900:33]
    edu.ucla.cs.compilers.avrora.avrora.sim.AtmelInterpreter.java[915:8,915:21]
    edu.ucla.cs.compilers.avrora.avrora.sim.AtmelInterpreter.java[914:8,914:21]
    edu.ucla.cs.compilers.avrora.avrora.sim.AtmelInterpreter.java[899:19,899:32]
    edu.ucla.cs.compilers.avrora.avrora.sim.radio.CC2420Radio.java[349:27,349:38]
    edu.ucla.cs.compilers.avrora.avrora.sim.radio.CC2420Radio.java[1656:34,1656:45]
    edu.ucla.cs.compilers.avrora.avrora.sim.radio.CC2420Radio.java[423:59,423:70]
    edu.ucla.cs.compilers.avrora.avrora.sim.radio.CC2420Radio.java[431:46,431:57]
    edu.ucla.cs.compilers.avrora.avrora.sim.radio.CC2420Radio.java[427:12,427:23]
    edu.ucla.cs.compilers.avrora.avrora.sim.radio.CC2420Radio.java[1754:35,1754:46]
    edu.ucla.cs.compilers.avrora.avrora.sim.radio.CC2420Radio.java[337:8,337:19]
    edu.ucla.cs.compilers.avrora.avrora.sim.radio.CC2420Radio.java[1648:35,1648:46]
    edu.ucla.cs.compilers.avrora.avrora.sim.radio.CC2420Radio.java[431:61,431:72]
    edu.ucla.cs.compilers.avrora.avrora.sim.radio.Medium.java[376:16,376:28]
    edu.ucla.cs.compilers.avrora.avrora.sim.radio.Medium.java[359:16,359:28]
    edu.ucla.cs.compilers.avrora.avrora.sim.mcu.Timer16Bit.java[600:27,600:32]
    edu.ucla.cs.compilers.avrora.avrora.sim.mcu.ATMegaFamily.java[187:12,187:17]
    edu.ucla.cs.compilers.avrora.avrora.sim.mcu.ATMegaFamily.java[187:38,187:43]
    edu.ucla.cs.compilers.avrora.avrora.sim.state.ByteFIFO.java[276:12,276:16]
    edu.ucla.cs.compilers.avrora.avrora.sim.state.ByteFIFO.java[227:15,227:19]
    edu.ucla.cs.compilers.avrora.avrora.sim.state.ByteFIFO.java[239:15,239:19]
    edu.ucla.cs.compilers.avrora.avrora.sim.state.ByteFIFO.java[233:15,233:19]
    edu.ucla.cs.compilers.avrora.avrora.sim.state.ByteFIFO.java[253:20,253:24]
    edu.ucla.cs.compilers.avrora.avrora.sim.state.ByteFIFO.java[88:29,88:33]
    edu.ucla.cs.compilers.avrora.avrora.sim.state.ByteFIFO.java[287:20,287:24]
    edu.ucla.cs.compilers.avrora.avrora.sim.state.ByteFIFO.java[273:12,273:16]
    edu.ucla.cs.compilers.avrora.avrora.sim.radio.Medium.java[544:32,544:34]
    edu.ucla.cs.compilers.avrora.avrora.sim.radio.Medium.java[780:34,780:36]
    edu.ucla.cs.compilers.avrora.avrora.sim.radio.Medium.java[854:19,854:21]
    edu.ucla.cs.compilers.avrora.avrora.sim.radio.Medium.java[774:28,774:30]
    edu.ucla.cs.compilers.avrora.avrora.sim.radio.Medium.java[550:39,550:41]
    edu.ucla.cs.compilers.avrora.avrora.sim.radio.Medium.java[779:35,779:37]
    edu.ucla.cs.compilers.avrora.avrora.sim.radio.CC2420Radio.java[1734:20,1734:27]
    edu.ucla.cs.compilers.avrora.avrora.sim.radio.CC2420Radio.java[1738:46,1738:53]
    edu.ucla.cs.compilers.avrora.avrora.sim.radio.CC2420Radio.java[1737:39,1737:46]
    edu.ucla.cs.compilers.avrora.avrora.sim.AtmelInterpreter.java[374:8,374:19]
    edu.ucla.cs.compilers.avrora.avrora.arch.legacy.LegacyInterpreter.java[156:12,156:23]
    edu.ucla.cs.compilers.avrora.avrora.arch.legacy.LegacyInterpreter.java[113:16,113:27]
    edu.ucla.cs.compilers.avrora.avrora.arch.legacy.LegacyInterpreter.java[110:16,110:27]
    edu.ucla.cs.compilers.avrora.avrora.arch.legacy.LegacyInterpreter.java[153:12,153:23]
    edu.ucla.cs.compilers.avrora.avrora.arch.legacy.LegacyInterpreter.java[112:29,112:40]
    edu.ucla.cs.compilers.avrora.avrora.sim.radio.CC2420Radio.java[1562:16,1562:22]
    edu.ucla.cs.compilers.avrora.avrora.sim.radio.CC2420Radio.java[1572:56,1572:62]
    edu.ucla.cs.compilers.avrora.avrora.sim.util.TransactionalList.java[104:19,104:28]
    edu.ucla.cs.compilers.avrora.avrora.sim.mcu.Timer16Bit.java[539:12,539:18]
    edu.ucla.cs.compilers.avrora.avrora.sim.mcu.Timer16Bit.java[550:33,550:39]
    edu.ucla.cs.compilers.avrora.avrora.sim.mcu.Timer16Bit.java[540:43,540:49]
    edu.ucla.cs.compilers.avrora.avrora.arch.legacy.LegacyInterpreter.java[107:15,107:24]
    edu.ucla.cs.compilers.avrora.avrora.sim.AtmelInterpreter.java[170:8,170:17]
    edu.ucla.cs.compilers.avrora.avrora.sim.radio.CC2420Radio.java[1544:24,1544:31]
    edu.ucla.cs.compilers.avrora.avrora.sim.radio.CC2420Radio.java[1499:20,1499:27]
    edu.ucla.cs.compilers.avrora.avrora.sim.radio.CC2420Radio.java[1516:56,1516:63]
    edu.ucla.cs.compilers.avrora.avrora.sim.radio.CC2420Radio.java[1549:27,1549:34]
    edu.ucla.cs.compilers.avrora.avrora.sim.radio.CC2420Radio.java[1507:16,1507:23]
    edu.ucla.cs.compilers.avrora.avrora.sim.radio.CC2420Radio.java[1623:22,1623:29]
    edu.ucla.cs.compilers.avrora.avrora.sim.radio.CC2420Radio.java[1530:24,1530:31]
    edu.ucla.cs.compilers.avrora.avrora.sim.radio.CC2420Radio.java[915:21,915:38]
    edu.ucla.cs.compilers.avrora.avrora.sim.radio.CC2420Radio.java[1466:41,1466:60]
    edu.ucla.cs.compilers.avrora.avrora.sim.state.RegisterUtil.java[228:19,228:32]
    edu.ucla.cs.compilers.avrora.avrora.sim.radio.CC2420Radio.java[1476:40,1476:59]
    edu.ucla.cs.compilers.avrora.avrora.sim.radio.CC2420Radio.java[656:8,656:23]
    edu.ucla.cs.compilers.avrora.avrora.sim.radio.CC2420Radio.java[405:8,405:23]
    edu.ucla.cs.compilers.avrora.avrora.sim.state.RegisterUtil.java[236:12,236:25]
    edu.ucla.cs.compilers.avrora.avrora.sim.radio.CC2420Radio.java[378:24,378:39]
    edu.ucla.cs.compilers.avrora.avrora.sim.radio.CC2420Radio.java[1726:50,1726:62]
    edu.ucla.cs.compilers.avrora.avrora.sim.radio.CC2420Radio.java[1722:16,1722:28]
    edu.ucla.cs.compilers.avrora.avrora.sim.util.TransactionalList.java[100:19,100:23]
    edu.ucla.cs.compilers.avrora.avrora.sim.util.TransactionalList.java[141:27,141:31]
    edu.ucla.cs.compilers.avrora.avrora.sim.util.TransactionalList.java[142:20,142:24]
    edu.ucla.cs.compilers.avrora.avrora.sim.util.TransactionalList.java[104:12,104:16]
    edu.ucla.cs.compilers.avrora.avrora.sim.mcu.AtmelMicrocontroller.java[366:59,366:71]
    edu.ucla.cs.compilers.avrora.avrora.sim.mcu.AtmelMicrocontroller.java[365:24,365:36]
    edu.ucla.cs.compilers.avrora.avrora.sim.mcu.AtmelMicrocontroller.java[364:43,364:55]
    edu.ucla.cs.compilers.avrora.avrora.sim.radio.CC2420Radio.java[1590:20,1590:29]
    edu.ucla.cs.compilers.avrora.avrora.sim.radio.CC2420Radio.java[1579:20,1579:29]
    edu.ucla.cs.compilers.avrora.avrora.sim.radio.CC2420Radio.java[1556:20,1556:29]
    edu.ucla.cs.compilers.avrora.avrora.sim.radio.CC2420Radio.java[1534:24,1534:33]
    edu.ucla.cs.compilers.avrora.avrora.sim.radio.CC2420Radio.java[1419:47,1419:56]
    edu.ucla.cs.compilers.avrora.avrora.sim.radio.CC2420Radio.java[1651:16,1651:25]
    edu.ucla.cs.compilers.avrora.avrora.sim.radio.CC2420Radio.java[1603:24,1603:33]
    edu.ucla.cs.compilers.avrora.avrora.sim.radio.CC2420Radio.java[344:8,344:17]
    edu.ucla.cs.compilers.avrora.avrora.sim.AtmelInterpreter.java[359:8,359:22]
    edu.ucla.cs.compilers.avrora.avrora.sim.AtmelInterpreter.java[945:22,945:36]
    edu.ucla.cs.compilers.avrora.avrora.sim.AtmelInterpreter.java[946:8,946:22]
    edu.ucla.cs.compilers.avrora.avrora.arch.legacy.LegacyInterpreter.java[105:8,105:22]
    edu.ucla.cs.compilers.avrora.avrora.arch.legacy.LegacyInterpreter.java[211:21,211:35]
    edu.ucla.cs.compilers.avrora.avrora.arch.legacy.LegacyInterpreter.java[200:21,200:35]
    edu.ucla.cs.compilers.avrora.avrora.sim.radio.Medium.java[705:24,705:30]
    edu.ucla.cs.compilers.avrora.avrora.sim.radio.Medium.java[478:12,478:18]
    edu.ucla.cs.compilers.avrora.avrora.sim.radio.Medium.java[471:16,471:22]
    edu.ucla.cs.compilers.avrora.avrora.sim.radio.Medium.java[810:20,810:26]
    edu.ucla.cs.compilers.avrora.avrora.sim.radio.Medium.java[501:29,501:35]
    edu.ucla.cs.compilers.avrora.avrora.sim.radio.Medium.java[712:24,712:30]
    edu.ucla.cs.compilers.avrora.avrora.sim.radio.Medium.java[664:24,664:30]
    edu.ucla.cs.compilers.avrora.avrora.sim.FiniteStateMachine.java[121:12,121:20]
    edu.ucla.cs.compilers.avrora.avrora.sim.FiniteStateMachine.java[121:23,121:31]
    edu.ucla.cs.compilers.avrora.avrora.sim.FiniteStateMachine.java[124:29,124:37]
    edu.ucla.cs.compilers.avrora.avrora.sim.FiniteStateMachine.java[124:57,124:65]
    edu.ucla.cs.compilers.avrora.avrora.sim.FiniteStateMachine.java[123:57,123:65]
    edu.ucla.cs.compilers.avrora.avrora.sim.FiniteStateMachine.java[125:45,125:53]
================================================================================

